
        ==========     _____ _    _ ____  _____  ______          _____  
        =====         / ____| |  | |  _ \|  __ \|  ____|   /\   |  __ \ 
          =====      | (___ | |  | | |_) | |__) | |__     /  \  | |  | |
            ====      \___ \| |  | |  _ <|  _  /|  __|   / /\ \ | |  | |
              ====    ____) | |__| | |_) | | \ \| |____ / ____ \| |__| |
        ==========   |_____/ \____/|____/|_|  \_\______/_/    \_\_____/
	  v2.0.1

//================================= setting ==================================\\
||                                                                            ||
|| Function      : Read alignment (RNA-Seq)                                   ||
|| Input file 1  : HB73R3_clean_R1.fastq.gz                                   ||
|| Input file 2  : HB73R3_clean_R2.fastq.gz                                   ||
|| Output file   : HB73R3.bam (BAM), Sorted                                   ||
|| Index name    : maize-genome-V4                                            ||
||                                                                            ||
||                    ------------------------------------                    ||
||                                                                            ||
||                               Threads : 16                                 ||
||                          Phred offset : 33                                 ||
||               # of extracted subreads : 10                                 ||
||                        Min read1 vote : 3                                  ||
||                        Min read2 vote : 1                                  ||
||                     Max fragment size : 600                                ||
||                     Min fragment size : 50                                 ||
||                        Max mismatches : 3                                  ||
||                      Max indel length : 5                                  ||
||            Report multi-mapping reads : no                                 ||
|| Max alignments per multi-mapping read : 1                                  ||
||                       Read group name : HB73R3                             ||
||                                                                            ||
\\============================================================================//

//=============== Running (23-Apr-2021 17:35:58, pid=1144305) ================\\
||                                                                            ||
|| Check the input reads.                                                     ||
|| The input file contains base space reads.                                  ||
|| Initialise the memory objects.                                             ||
|| Estimate the mean read length.                                             ||
|| The range of Phred scores observed in the data is [2,37]                   ||
|| Create the output BAM file.                                                ||
|| Check the index.                                                           ||
|| Init the voting space.                                                     ||
|| Global environment is initialised.                                         ||
|| Load the 1-th index block...                                               ||
|| The index block has been loaded.                                           ||
|| Start read mapping in chunk.                                               ||
||    0% completed, 3.1 mins elapsed, rate=69.7k fragments per second         ||
||    6% completed, 3.3 mins elapsed, rate=113.5k fragments per second        ||
||   Estimated fragment length : 275 bp                                       ||
||    9% completed, 3.4 mins elapsed, rate=11.9k fragments per second         ||
||    9% completed, 3.4 mins elapsed, rate=12.4k fragments per second         ||
||   10% completed, 3.5 mins elapsed, rate=12.9k fragments per second         ||
||   10% completed, 3.5 mins elapsed, rate=13.4k fragments per second         ||
||   10% completed, 3.5 mins elapsed, rate=14.0k fragments per second         ||
||   11% completed, 3.5 mins elapsed, rate=14.4k fragments per second         ||
||   11% completed, 3.5 mins elapsed, rate=14.9k fragments per second         ||
||   12% completed, 3.6 mins elapsed, rate=15.3k fragments per second         ||
||   12% completed, 3.6 mins elapsed, rate=15.6k fragments per second         ||
|| Start read mapping in chunk.                                               ||
||   13% completed, 3.8 mins elapsed, rate=82.0k fragments per second         ||
||   20% completed, 4.0 mins elapsed, rate=91.9k fragments per second         ||
||   22% completed, 4.1 mins elapsed, rate=24.0k fragments per second         ||
||   22% completed, 4.2 mins elapsed, rate=24.3k fragments per second         ||
||   23% completed, 4.2 mins elapsed, rate=24.6k fragments per second         ||
||   23% completed, 4.2 mins elapsed, rate=25.0k fragments per second         ||
||   23% completed, 4.2 mins elapsed, rate=25.3k fragments per second         ||
||   24% completed, 4.2 mins elapsed, rate=25.6k fragments per second         ||
||   24% completed, 4.3 mins elapsed, rate=25.9k fragments per second         ||
||   25% completed, 4.3 mins elapsed, rate=26.3k fragments per second         ||
||   25% completed, 4.3 mins elapsed, rate=26.6k fragments per second         ||
||   26% completed, 4.4 mins elapsed, rate=26.7k fragments per second         ||
|| Start read mapping in chunk.                                               ||
||   26% completed, 4.4 mins elapsed, rate=84.6k fragments per second         ||
||   33% completed, 4.7 mins elapsed, rate=89.9k fragments per second         ||
||   35% completed, 4.8 mins elapsed, rate=32.8k fragments per second         ||
||   35% completed, 4.8 mins elapsed, rate=33.0k fragments per second         ||
||   36% completed, 4.8 mins elapsed, rate=33.3k fragments per second         ||
||   36% completed, 4.8 mins elapsed, rate=33.6k fragments per second         ||
||   36% completed, 4.9 mins elapsed, rate=33.9k fragments per second         ||
||   37% completed, 4.9 mins elapsed, rate=34.1k fragments per second         ||
||   37% completed, 4.9 mins elapsed, rate=34.4k fragments per second         ||
||   38% completed, 4.9 mins elapsed, rate=34.7k fragments per second         ||
||   38% completed, 4.9 mins elapsed, rate=34.9k fragments per second         ||
||   39% completed, 4.9 mins elapsed, rate=35.2k fragments per second         ||
|| Start read mapping in chunk.                                               ||
||   39% completed, 5.0 mins elapsed, rate=88.6k fragments per second         ||
||   46% completed, 5.3 mins elapsed, rate=91.1k fragments per second         ||
||   48% completed, 5.4 mins elapsed, rate=39.7k fragments per second         ||
||   48% completed, 5.4 mins elapsed, rate=40.0k fragments per second         ||
||   49% completed, 5.5 mins elapsed, rate=40.2k fragments per second         ||
||   49% completed, 5.5 mins elapsed, rate=40.4k fragments per second         ||
||   50% completed, 5.5 mins elapsed, rate=40.7k fragments per second         ||
||   50% completed, 5.5 mins elapsed, rate=40.9k fragments per second         ||
||   50% completed, 5.5 mins elapsed, rate=41.1k fragments per second         ||
||   51% completed, 5.5 mins elapsed, rate=41.3k fragments per second         ||
||   51% completed, 5.6 mins elapsed, rate=41.6k fragments per second         ||
||   52% completed, 5.6 mins elapsed, rate=41.8k fragments per second         ||
|| Start read mapping in chunk.                                               ||
||   52% completed, 5.6 mins elapsed, rate=90.4k fragments per second         ||
||   59% completed, 5.9 mins elapsed, rate=92.4k fragments per second         ||
||   61% completed, 6.1 mins elapsed, rate=45.0k fragments per second         ||
||   62% completed, 6.1 mins elapsed, rate=45.2k fragments per second         ||
||   62% completed, 6.1 mins elapsed, rate=45.4k fragments per second         ||
||   62% completed, 6.1 mins elapsed, rate=45.6k fragments per second         ||
||   63% completed, 6.1 mins elapsed, rate=45.8k fragments per second         ||
||   63% completed, 6.2 mins elapsed, rate=46.0k fragments per second         ||
||   64% completed, 6.2 mins elapsed, rate=46.2k fragments per second         ||
||   64% completed, 6.2 mins elapsed, rate=46.4k fragments per second         ||
||   65% completed, 6.2 mins elapsed, rate=46.6k fragments per second         ||
||   65% completed, 6.2 mins elapsed, rate=46.8k fragments per second         ||
|| Start read mapping in chunk.                                               ||
||   66% completed, 6.3 mins elapsed, rate=90.1k fragments per second         ||
||   72% completed, 6.5 mins elapsed, rate=92.0k fragments per second         ||
||   74% completed, 6.7 mins elapsed, rate=49.7k fragments per second         ||
||   75% completed, 6.7 mins elapsed, rate=49.9k fragments per second         ||
||   75% completed, 6.7 mins elapsed, rate=50.1k fragments per second         ||
||   76% completed, 6.7 mins elapsed, rate=50.2k fragments per second         ||
||   76% completed, 6.7 mins elapsed, rate=50.4k fragments per second         ||
||   77% completed, 6.8 mins elapsed, rate=50.5k fragments per second         ||
||   77% completed, 6.8 mins elapsed, rate=50.7k fragments per second         ||
||   78% completed, 6.8 mins elapsed, rate=50.7k fragments per second         ||
||   78% completed, 6.9 mins elapsed, rate=50.7k fragments per second         ||
|| Start read mapping in chunk.                                               ||
||   79% completed, 6.9 mins elapsed, rate=90.1k fragments per second         ||
||   85% completed, 7.2 mins elapsed, rate=91.8k fragments per second         ||
||   88% completed, 7.3 mins elapsed, rate=53.3k fragments per second         ||
||   88% completed, 7.3 mins elapsed, rate=53.4k fragments per second         ||
||   89% completed, 7.4 mins elapsed, rate=53.6k fragments per second         ||
||   89% completed, 7.4 mins elapsed, rate=53.7k fragments per second         ||
||   89% completed, 7.4 mins elapsed, rate=53.8k fragments per second         ||
||   90% completed, 7.4 mins elapsed, rate=54.0k fragments per second         ||
||   90% completed, 7.4 mins elapsed, rate=54.1k fragments per second         ||
||   91% completed, 7.4 mins elapsed, rate=54.2k fragments per second         ||
||   91% completed, 7.5 mins elapsed, rate=54.3k fragments per second         ||
|| Start read mapping in chunk.                                               ||
||   92% completed, 7.6 mins elapsed, rate=90.8k fragments per second         ||
||   97% completed, 7.8 mins elapsed, rate=55.4k fragments per second         ||
||   97% completed, 7.8 mins elapsed, rate=55.5k fragments per second         ||
||   98% completed, 7.8 mins elapsed, rate=55.5k fragments per second         ||
||   98% completed, 7.8 mins elapsed, rate=55.6k fragments per second         ||
||   98% completed, 7.8 mins elapsed, rate=55.7k fragments per second         ||
||   98% completed, 7.9 mins elapsed, rate=55.7k fragments per second         ||
||   99% completed, 7.9 mins elapsed, rate=55.8k fragments per second         ||
||   99% completed, 7.9 mins elapsed, rate=55.9k fragments per second         ||
||   99% completed, 7.9 mins elapsed, rate=55.9k fragments per second         ||
||   99% completed, 7.9 mins elapsed, rate=56.0k fragments per second         ||
|| Sort the reads...                                                          ||
||                                                                            ||
||                           Completed successfully.                          ||
||                                                                            ||
\\====================================    ====================================//

//================================   Summary =================================\\
||                                                                            ||
||             Total fragments : 26,521,772                                   ||
||                      Mapped : 25,864,473 (97.5%)                           ||
||             Uniquely mapped : 25,864,473                                   ||
||               Multi-mapping : 0                                            ||
||                                                                            ||
||                    Unmapped : 657,299                                      ||
||                                                                            ||
||             Properly paired : 23,243,436                                   ||
||         Not properly paired : 2,621,037                                    ||
||                   Singleton : 497,275                                      ||
||                    Chimeric : 30,240                                       ||
||       Unexpected strandness : 31,255                                       ||
||  Unexpected fragment length : 2,035,290                                    ||
||       Unexpected read order : 26,977                                       ||
||                                                                            ||
||                      Indels : 140,404                                      ||
||                                                                            ||
||                Running time : 18.1 minutes                                 ||
||                                                                            ||
\\============================================================================//

