
        ==========     _____ _    _ ____  _____  ______          _____  
        =====         / ____| |  | |  _ \|  __ \|  ____|   /\   |  __ \ 
          =====      | (___ | |  | | |_) | |__) | |__     /  \  | |  | |
            ====      \___ \| |  | |  _ <|  _  /|  __|   / /\ \ | |  | |
              ====    ____) | |__| | |_) | | \ \| |____ / ____ \| |__| |
        ==========   |_____/ \____/|____/|_|  \_\______/_/    \_\_____/
	  v2.0.1

//================================= setting ==================================\\
||                                                                            ||
|| Function      : Read alignment (RNA-Seq)                                   ||
|| Input file 1  : HB73L4_clean_R1.fastq.gz                                   ||
|| Input file 2  : HB73L4_clean_R2.fastq.gz                                   ||
|| Output file   : HB73L4.bam (BAM), Sorted                                   ||
|| Index name    : maize-genome-V4                                            ||
||                                                                            ||
||                    ------------------------------------                    ||
||                                                                            ||
||                               Threads : 16                                 ||
||                          Phred offset : 33                                 ||
||               # of extracted subreads : 10                                 ||
||                        Min read1 vote : 3                                  ||
||                        Min read2 vote : 1                                  ||
||                     Max fragment size : 600                                ||
||                     Min fragment size : 50                                 ||
||                        Max mismatches : 3                                  ||
||                      Max indel length : 5                                  ||
||            Report multi-mapping reads : no                                 ||
|| Max alignments per multi-mapping read : 1                                  ||
||                       Read group name : HB73L4                             ||
||                                                                            ||
\\============================================================================//

//=============== Running (23-Apr-2021 17:35:58, pid=1144302) ================\\
||                                                                            ||
|| Check the input reads.                                                     ||
|| The input file contains base space reads.                                  ||
|| Initialise the memory objects.                                             ||
|| Estimate the mean read length.                                             ||
|| The range of Phred scores observed in the data is [2,37]                   ||
|| Create the output BAM file.                                                ||
|| Check the index.                                                           ||
|| Init the voting space.                                                     ||
|| Global environment is initialised.                                         ||
|| Load the 1-th index block...                                               ||
|| The index block has been loaded.                                           ||
|| Start read mapping in chunk.                                               ||
||    0% completed, 3.1 mins elapsed, rate=83.5k fragments per second         ||
||    7% completed, 3.3 mins elapsed, rate=129.1k fragments per second        ||
||   Estimated fragment length : 283 bp                                       ||
||    9% completed, 3.4 mins elapsed, rate=12.1k fragments per second         ||
||    9% completed, 3.4 mins elapsed, rate=12.6k fragments per second         ||
||   10% completed, 3.4 mins elapsed, rate=13.1k fragments per second         ||
||   10% completed, 3.4 mins elapsed, rate=13.5k fragments per second         ||
||   11% completed, 3.5 mins elapsed, rate=14.1k fragments per second         ||
||   11% completed, 3.5 mins elapsed, rate=14.5k fragments per second         ||
||   12% completed, 3.5 mins elapsed, rate=15.0k fragments per second         ||
||   12% completed, 3.5 mins elapsed, rate=15.5k fragments per second         ||
||   13% completed, 3.6 mins elapsed, rate=15.9k fragments per second         ||
|| Start read mapping in chunk.                                               ||
||   13% completed, 3.7 mins elapsed, rate=93.2k fragments per second         ||
||   20% completed, 3.9 mins elapsed, rate=98.8k fragments per second         ||
||   22% completed, 4.1 mins elapsed, rate=24.4k fragments per second         ||
||   23% completed, 4.1 mins elapsed, rate=24.7k fragments per second         ||
||   23% completed, 4.1 mins elapsed, rate=25.0k fragments per second         ||
||   24% completed, 4.1 mins elapsed, rate=25.3k fragments per second         ||
||   24% completed, 4.2 mins elapsed, rate=25.6k fragments per second         ||
||   24% completed, 4.2 mins elapsed, rate=25.9k fragments per second         ||
||   25% completed, 4.2 mins elapsed, rate=26.3k fragments per second         ||
||   25% completed, 4.3 mins elapsed, rate=26.6k fragments per second         ||
||   26% completed, 4.3 mins elapsed, rate=26.9k fragments per second         ||
|| Start read mapping in chunk.                                               ||
||   27% completed, 4.4 mins elapsed, rate=86.4k fragments per second         ||
||   33% completed, 4.6 mins elapsed, rate=92.8k fragments per second         ||
||   36% completed, 4.8 mins elapsed, rate=33.1k fragments per second         ||
||   36% completed, 4.8 mins elapsed, rate=33.2k fragments per second         ||
||   36% completed, 4.8 mins elapsed, rate=33.4k fragments per second         ||
||   37% completed, 4.9 mins elapsed, rate=33.6k fragments per second         ||
||   37% completed, 4.9 mins elapsed, rate=33.8k fragments per second         ||
||   38% completed, 4.9 mins elapsed, rate=34.0k fragments per second         ||
||   38% completed, 4.9 mins elapsed, rate=34.2k fragments per second         ||
||   39% completed, 5.0 mins elapsed, rate=34.2k fragments per second         ||
||   39% completed, 5.0 mins elapsed, rate=34.3k fragments per second         ||
|| Start read mapping in chunk.                                               ||
||   40% completed, 5.2 mins elapsed, rate=83.3k fragments per second         ||
||   47% completed, 5.4 mins elapsed, rate=87.5k fragments per second         ||
||   49% completed, 5.5 mins elapsed, rate=39.0k fragments per second         ||
||   49% completed, 5.6 mins elapsed, rate=39.1k fragments per second         ||
||   50% completed, 5.6 mins elapsed, rate=39.1k fragments per second         ||
||   50% completed, 5.6 mins elapsed, rate=39.2k fragments per second         ||
||   51% completed, 5.7 mins elapsed, rate=39.2k fragments per second         ||
||   51% completed, 5.7 mins elapsed, rate=39.3k fragments per second         ||
||   52% completed, 5.8 mins elapsed, rate=39.4k fragments per second         ||
||   52% completed, 5.8 mins elapsed, rate=39.5k fragments per second         ||
||   53% completed, 5.8 mins elapsed, rate=39.6k fragments per second         ||
||   53% completed, 5.9 mins elapsed, rate=39.7k fragments per second         ||
|| Start read mapping in chunk.                                               ||
||   53% completed, 6.0 mins elapsed, rate=79.2k fragments per second         ||
||   60% completed, 6.2 mins elapsed, rate=82.9k fragments per second         ||
||   62% completed, 6.4 mins elapsed, rate=42.8k fragments per second         ||
||   63% completed, 6.4 mins elapsed, rate=42.8k fragments per second         ||
||   63% completed, 6.5 mins elapsed, rate=42.8k fragments per second         ||
||   64% completed, 6.5 mins elapsed, rate=42.8k fragments per second         ||
||   64% completed, 6.6 mins elapsed, rate=42.8k fragments per second         ||
||   65% completed, 6.6 mins elapsed, rate=42.9k fragments per second         ||
||   65% completed, 6.7 mins elapsed, rate=42.9k fragments per second         ||
||   66% completed, 6.7 mins elapsed, rate=42.9k fragments per second         ||
||   66% completed, 6.7 mins elapsed, rate=42.9k fragments per second         ||
|| Start read mapping in chunk.                                               ||
||   67% completed, 6.9 mins elapsed, rate=76.6k fragments per second         ||
||   74% completed, 7.1 mins elapsed, rate=79.2k fragments per second         ||
||   76% completed, 7.3 mins elapsed, rate=45.7k fragments per second         ||
||   76% completed, 7.3 mins elapsed, rate=45.6k fragments per second         ||
||   77% completed, 7.4 mins elapsed, rate=45.6k fragments per second         ||
||   77% completed, 7.4 mins elapsed, rate=45.6k fragments per second         ||
||   78% completed, 7.5 mins elapsed, rate=45.5k fragments per second         ||
||   78% completed, 7.5 mins elapsed, rate=45.5k fragments per second         ||
||   79% completed, 7.6 mins elapsed, rate=45.4k fragments per second         ||
||   79% completed, 7.6 mins elapsed, rate=45.4k fragments per second         ||
||   80% completed, 7.7 mins elapsed, rate=45.4k fragments per second         ||
||   80% completed, 7.7 mins elapsed, rate=45.3k fragments per second         ||
|| Start read mapping in chunk.                                               ||
||   80% completed, 7.8 mins elapsed, rate=73.6k fragments per second         ||
||   87% completed, 8.1 mins elapsed, rate=75.9k fragments per second         ||
||   89% completed, 8.2 mins elapsed, rate=47.5k fragments per second         ||
||   90% completed, 8.3 mins elapsed, rate=47.4k fragments per second         ||
||   90% completed, 8.3 mins elapsed, rate=47.4k fragments per second         ||
||   91% completed, 8.4 mins elapsed, rate=47.3k fragments per second         ||
||   91% completed, 8.4 mins elapsed, rate=47.3k fragments per second         ||
||   92% completed, 8.5 mins elapsed, rate=47.2k fragments per second         ||
||   92% completed, 8.5 mins elapsed, rate=47.2k fragments per second         ||
||   93% completed, 8.6 mins elapsed, rate=47.1k fragments per second         ||
||   93% completed, 8.6 mins elapsed, rate=47.1k fragments per second         ||
|| Start read mapping in chunk.                                               ||
||   94% completed, 8.8 mins elapsed, rate=71.5k fragments per second         ||
||   98% completed, 8.9 mins elapsed, rate=47.7k fragments per second         ||
||   98% completed, 8.9 mins elapsed, rate=47.7k fragments per second         ||
||   98% completed, 9.0 mins elapsed, rate=47.6k fragments per second         ||
||   98% completed, 9.0 mins elapsed, rate=47.6k fragments per second         ||
||   99% completed, 9.0 mins elapsed, rate=47.6k fragments per second         ||
||   99% completed, 9.0 mins elapsed, rate=47.6k fragments per second         ||
||   99% completed, 9.1 mins elapsed, rate=47.5k fragments per second         ||
||   99% completed, 9.1 mins elapsed, rate=47.5k fragments per second         ||
||   99% completed, 9.1 mins elapsed, rate=47.5k fragments per second         ||
|| Sort the reads...                                                          ||
||                                                                            ||
||                           Completed successfully.                          ||
||                                                                            ||
\\====================================    ====================================//

//================================   Summary =================================\\
||                                                                            ||
||             Total fragments : 25,990,119                                   ||
||                      Mapped : 24,944,342 (96.0%)                           ||
||             Uniquely mapped : 24,944,342                                   ||
||               Multi-mapping : 0                                            ||
||                                                                            ||
||                    Unmapped : 1,045,777                                    ||
||                                                                            ||
||             Properly paired : 22,735,085                                   ||
||         Not properly paired : 2,209,257                                    ||
||                   Singleton : 549,319                                      ||
||                    Chimeric : 37,098                                       ||
||       Unexpected strandness : 28,483                                       ||
||  Unexpected fragment length : 1,573,208                                    ||
||       Unexpected read order : 21,149                                       ||
||                                                                            ||
||                      Indels : 104,202                                      ||
||                                                                            ||
||                Running time : 19.7 minutes                                 ||
||                                                                            ||
\\============================================================================//

