
        ==========     _____ _    _ ____  _____  ______          _____  
        =====         / ____| |  | |  _ \|  __ \|  ____|   /\   |  __ \ 
          =====      | (___ | |  | | |_) | |__) | |__     /  \  | |  | |
            ====      \___ \| |  | |  _ <|  _  /|  __|   / /\ \ | |  | |
              ====    ____) | |__| | |_) | | \ \| |____ / ____ \| |__| |
        ==========   |_____/ \____/|____/|_|  \_\______/_/    \_\_____/
	  v2.0.1

//================================= setting ==================================\\
||                                                                            ||
|| Function      : Read alignment (RNA-Seq)                                   ||
|| Input file 1  : HB73R4_clean_R1.fastq.gz                                   ||
|| Input file 2  : HB73R4_clean_R2.fastq.gz                                   ||
|| Output file   : HB73R4.bam (BAM), Sorted                                   ||
|| Index name    : maize-genome-V4                                            ||
||                                                                            ||
||                    ------------------------------------                    ||
||                                                                            ||
||                               Threads : 16                                 ||
||                          Phred offset : 33                                 ||
||               # of extracted subreads : 10                                 ||
||                        Min read1 vote : 3                                  ||
||                        Min read2 vote : 1                                  ||
||                     Max fragment size : 600                                ||
||                     Min fragment size : 50                                 ||
||                        Max mismatches : 3                                  ||
||                      Max indel length : 5                                  ||
||            Report multi-mapping reads : no                                 ||
|| Max alignments per multi-mapping read : 1                                  ||
||                       Read group name : HB73R4                             ||
||                                                                            ||
\\============================================================================//

//================ Running (23-Apr-2021 17:35:58, pid=923100) ================\\
||                                                                            ||
|| Check the input reads.                                                     ||
|| The input file contains base space reads.                                  ||
|| Initialise the memory objects.                                             ||
|| Estimate the mean read length.                                             ||
|| The range of Phred scores observed in the data is [2,37]                   ||
|| Create the output BAM file.                                                ||
|| Check the index.                                                           ||
|| Init the voting space.                                                     ||
|| Global environment is initialised.                                         ||
|| Load the 1-th index block...                                               ||
|| The index block has been loaded.                                           ||
|| Start read mapping in chunk.                                               ||
||    0% completed, 3.1 mins elapsed, rate=76.2k fragments per second         ||
||    7% completed, 3.3 mins elapsed, rate=124.9k fragments per second        ||
||   Estimated fragment length : 282 bp                                       ||
||   10% completed, 3.4 mins elapsed, rate=12.1k fragments per second         ||
||   10% completed, 3.4 mins elapsed, rate=12.7k fragments per second         ||
||   11% completed, 3.4 mins elapsed, rate=13.2k fragments per second         ||
||   11% completed, 3.4 mins elapsed, rate=13.7k fragments per second         ||
||   12% completed, 3.4 mins elapsed, rate=14.2k fragments per second         ||
||   12% completed, 3.5 mins elapsed, rate=14.7k fragments per second         ||
||   13% completed, 3.5 mins elapsed, rate=15.1k fragments per second         ||
||   13% completed, 3.5 mins elapsed, rate=15.7k fragments per second         ||
||   14% completed, 3.5 mins elapsed, rate=16.2k fragments per second         ||
|| Start read mapping in chunk.                                               ||
||   15% completed, 3.6 mins elapsed, rate=105.6k fragments per second        ||
||   22% completed, 3.8 mins elapsed, rate=108.3k fragments per second        ||
||   25% completed, 4.0 mins elapsed, rate=25.0k fragments per second         ||
||   25% completed, 4.0 mins elapsed, rate=25.4k fragments per second         ||
||   26% completed, 4.0 mins elapsed, rate=25.8k fragments per second         ||
||   26% completed, 4.0 mins elapsed, rate=26.2k fragments per second         ||
||   27% completed, 4.0 mins elapsed, rate=26.6k fragments per second         ||
||   27% completed, 4.0 mins elapsed, rate=27.0k fragments per second         ||
||   28% completed, 4.1 mins elapsed, rate=27.3k fragments per second         ||
||   28% completed, 4.1 mins elapsed, rate=27.7k fragments per second         ||
||   29% completed, 4.1 mins elapsed, rate=28.1k fragments per second         ||
|| Start read mapping in chunk.                                               ||
||   30% completed, 4.2 mins elapsed, rate=104.2k fragments per second        ||
||   36% completed, 4.4 mins elapsed, rate=104.7k fragments per second        ||
||   40% completed, 4.5 mins elapsed, rate=34.6k fragments per second         ||
||   40% completed, 4.6 mins elapsed, rate=34.9k fragments per second         ||
||   41% completed, 4.6 mins elapsed, rate=35.2k fragments per second         ||
||   41% completed, 4.6 mins elapsed, rate=35.5k fragments per second         ||
||   42% completed, 4.6 mins elapsed, rate=35.8k fragments per second         ||
||   42% completed, 4.6 mins elapsed, rate=36.1k fragments per second         ||
||   43% completed, 4.6 mins elapsed, rate=36.4k fragments per second         ||
||   43% completed, 4.7 mins elapsed, rate=36.7k fragments per second         ||
||   44% completed, 4.7 mins elapsed, rate=37.0k fragments per second         ||
|| Start read mapping in chunk.                                               ||
||   45% completed, 4.8 mins elapsed, rate=102.8k fragments per second        ||
||   51% completed, 5.0 mins elapsed, rate=105.7k fragments per second        ||
||   54% completed, 5.1 mins elapsed, rate=42.1k fragments per second         ||
||   55% completed, 5.1 mins elapsed, rate=42.2k fragments per second         ||
||   55% completed, 5.2 mins elapsed, rate=42.5k fragments per second         ||
||   56% completed, 5.2 mins elapsed, rate=42.7k fragments per second         ||
||   56% completed, 5.2 mins elapsed, rate=43.0k fragments per second         ||
||   57% completed, 5.2 mins elapsed, rate=43.2k fragments per second         ||
||   57% completed, 5.2 mins elapsed, rate=43.4k fragments per second         ||
||   58% completed, 5.2 mins elapsed, rate=43.7k fragments per second         ||
||   58% completed, 5.3 mins elapsed, rate=43.9k fragments per second         ||
|| Start read mapping in chunk.                                               ||
||   59% completed, 5.3 mins elapsed, rate=101.9k fragments per second        ||
||   66% completed, 5.6 mins elapsed, rate=103.9k fragments per second        ||
||   69% completed, 5.7 mins elapsed, rate=48.0k fragments per second         ||
||   70% completed, 5.7 mins elapsed, rate=48.2k fragments per second         ||
||   70% completed, 5.7 mins elapsed, rate=48.4k fragments per second         ||
||   71% completed, 5.7 mins elapsed, rate=48.6k fragments per second         ||
||   71% completed, 5.8 mins elapsed, rate=48.8k fragments per second         ||
||   72% completed, 5.8 mins elapsed, rate=49.0k fragments per second         ||
||   72% completed, 5.8 mins elapsed, rate=49.2k fragments per second         ||
||   73% completed, 5.8 mins elapsed, rate=49.4k fragments per second         ||
||   73% completed, 5.8 mins elapsed, rate=49.6k fragments per second         ||
|| Start read mapping in chunk.                                               ||
||   74% completed, 5.9 mins elapsed, rate=101.0k fragments per second        ||
||   81% completed, 6.2 mins elapsed, rate=101.7k fragments per second        ||
||   84% completed, 6.3 mins elapsed, rate=52.4k fragments per second         ||
||   85% completed, 6.3 mins elapsed, rate=52.6k fragments per second         ||
||   85% completed, 6.4 mins elapsed, rate=52.7k fragments per second         ||
||   86% completed, 6.4 mins elapsed, rate=52.8k fragments per second         ||
||   86% completed, 6.4 mins elapsed, rate=52.9k fragments per second         ||
||   87% completed, 6.4 mins elapsed, rate=53.1k fragments per second         ||
||   87% completed, 6.4 mins elapsed, rate=53.3k fragments per second         ||
||   88% completed, 6.5 mins elapsed, rate=53.4k fragments per second         ||
||   88% completed, 6.5 mins elapsed, rate=53.6k fragments per second         ||
||   89% completed, 6.5 mins elapsed, rate=53.8k fragments per second         ||
|| Start read mapping in chunk.                                               ||
||   89% completed, 6.6 mins elapsed, rate=99.9k fragments per second         ||
||   96% completed, 6.8 mins elapsed, rate=55.7k fragments per second         ||
||   97% completed, 6.8 mins elapsed, rate=55.6k fragments per second         ||
||   97% completed, 6.8 mins elapsed, rate=55.7k fragments per second         ||
||   97% completed, 6.9 mins elapsed, rate=55.8k fragments per second         ||
||   98% completed, 6.9 mins elapsed, rate=55.9k fragments per second         ||
||   98% completed, 6.9 mins elapsed, rate=56.0k fragments per second         ||
||   98% completed, 6.9 mins elapsed, rate=56.0k fragments per second         ||
||   99% completed, 6.9 mins elapsed, rate=56.0k fragments per second         ||
||   99% completed, 6.9 mins elapsed, rate=56.1k fragments per second         ||
|| Sort the reads...                                                          ||
||                                                                            ||
||                           Completed successfully.                          ||
||                                                                            ||
\\====================================    ====================================//

//================================   Summary =================================\\
||                                                                            ||
||             Total fragments : 23,404,375                                   ||
||                      Mapped : 22,745,831 (97.2%)                           ||
||             Uniquely mapped : 22,745,831                                   ||
||               Multi-mapping : 0                                            ||
||                                                                            ||
||                    Unmapped : 658,544                                      ||
||                                                                            ||
||             Properly paired : 20,453,247                                   ||
||         Not properly paired : 2,292,584                                    ||
||                   Singleton : 486,336                                      ||
||                    Chimeric : 29,505                                       ||
||       Unexpected strandness : 26,146                                       ||
||  Unexpected fragment length : 1,730,032                                    ||
||       Unexpected read order : 20,565                                       ||
||                                                                            ||
||                      Indels : 120,140                                      ||
||                                                                            ||
||                Running time : 11.7 minutes                                 ||
||                                                                            ||
\\============================================================================//

