
        ==========     _____ _    _ ____  _____  ______          _____  
        =====         / ____| |  | |  _ \|  __ \|  ____|   /\   |  __ \ 
          =====      | (___ | |  | | |_) | |__) | |__     /  \  | |  | |
            ====      \___ \| |  | |  _ <|  _  /|  __|   / /\ \ | |  | |
              ====    ____) | |__| | |_) | | \ \| |____ / ____ \| |__| |
        ==========   |_____/ \____/|____/|_|  \_\______/_/    \_\_____/
	  v2.0.1

//================================= setting ==================================\\
||                                                                            ||
|| Function      : Read alignment (RNA-Seq)                                   ||
|| Input file 1  : HB73L2_clean_R1.fastq.gz                                   ||
|| Input file 2  : HB73L2_clean_R2.fastq.gz                                   ||
|| Output file   : HB73L2.bam (BAM), Sorted                                   ||
|| Index name    : maize-genome-V4                                            ||
||                                                                            ||
||                    ------------------------------------                    ||
||                                                                            ||
||                               Threads : 16                                 ||
||                          Phred offset : 33                                 ||
||               # of extracted subreads : 10                                 ||
||                        Min read1 vote : 3                                  ||
||                        Min read2 vote : 1                                  ||
||                     Max fragment size : 600                                ||
||                     Min fragment size : 50                                 ||
||                        Max mismatches : 3                                  ||
||                      Max indel length : 5                                  ||
||            Report multi-mapping reads : no                                 ||
|| Max alignments per multi-mapping read : 1                                  ||
||                       Read group name : HB73L2                             ||
||                                                                            ||
\\============================================================================//

//=============== Running (23-Apr-2021 17:35:58, pid=1358208) ================\\
||                                                                            ||
|| Check the input reads.                                                     ||
|| The input file contains base space reads.                                  ||
|| Initialise the memory objects.                                             ||
|| Estimate the mean read length.                                             ||
|| The range of Phred scores observed in the data is [2,37]                   ||
|| Create the output BAM file.                                                ||
|| Check the index.                                                           ||
|| Init the voting space.                                                     ||
|| Global environment is initialised.                                         ||
|| Load the 1-th index block...                                               ||
|| The index block has been loaded.                                           ||
|| Start read mapping in chunk.                                               ||
||    0% completed, 0.3 mins elapsed, rate=128.7k fragments per second        ||
||   Estimated fragment length : 287 bp                                       ||
||    7% completed, 0.6 mins elapsed, rate=67.9k fragments per second         ||
||    7% completed, 0.6 mins elapsed, rate=68.9k fragments per second         ||
||    8% completed, 0.6 mins elapsed, rate=69.8k fragments per second         ||
||    8% completed, 0.7 mins elapsed, rate=70.6k fragments per second         ||
||    8% completed, 0.7 mins elapsed, rate=71.4k fragments per second         ||
||    9% completed, 0.7 mins elapsed, rate=72.2k fragments per second         ||
||    9% completed, 0.7 mins elapsed, rate=73.1k fragments per second         ||
||    9% completed, 0.7 mins elapsed, rate=73.7k fragments per second         ||
||   10% completed, 0.8 mins elapsed, rate=74.4k fragments per second         ||
||   10% completed, 0.8 mins elapsed, rate=75.0k fragments per second         ||
|| Start read mapping in chunk.                                               ||
||   10% completed, 0.8 mins elapsed, rate=111.3k fragments per second        ||
||   17% completed, 1.1 mins elapsed, rate=88.1k fragments per second         ||
||   18% completed, 1.2 mins elapsed, rate=87.5k fragments per second         ||
||   18% completed, 1.2 mins elapsed, rate=86.9k fragments per second         ||
||   18% completed, 1.2 mins elapsed, rate=86.3k fragments per second         ||
||   19% completed, 1.2 mins elapsed, rate=85.8k fragments per second         ||
||   19% completed, 1.3 mins elapsed, rate=85.2k fragments per second         ||
||   19% completed, 1.3 mins elapsed, rate=84.8k fragments per second         ||
||   20% completed, 1.3 mins elapsed, rate=84.3k fragments per second         ||
||   20% completed, 1.4 mins elapsed, rate=83.9k fragments per second         ||
||   20% completed, 1.4 mins elapsed, rate=83.4k fragments per second         ||
|| Start read mapping in chunk.                                               ||
||   21% completed, 1.4 mins elapsed, rate=102.1k fragments per second        ||
||   28% completed, 1.8 mins elapsed, rate=89.2k fragments per second         ||
||   28% completed, 1.8 mins elapsed, rate=88.3k fragments per second         ||
||   28% completed, 1.8 mins elapsed, rate=87.5k fragments per second         ||
||   29% completed, 1.9 mins elapsed, rate=86.7k fragments per second         ||
||   29% completed, 1.9 mins elapsed, rate=86.0k fragments per second         ||
||   29% completed, 2.0 mins elapsed, rate=85.2k fragments per second         ||
||   30% completed, 2.0 mins elapsed, rate=84.5k fragments per second         ||
||   30% completed, 2.0 mins elapsed, rate=83.8k fragments per second         ||
||   30% completed, 2.1 mins elapsed, rate=83.1k fragments per second         ||
|| Start read mapping in chunk.                                               ||
||   31% completed, 2.2 mins elapsed, rate=93.8k fragments per second         ||
||   38% completed, 2.5 mins elapsed, rate=86.3k fragments per second         ||
||   38% completed, 2.5 mins elapsed, rate=85.5k fragments per second         ||
||   39% completed, 2.6 mins elapsed, rate=84.7k fragments per second         ||
||   39% completed, 2.6 mins elapsed, rate=83.9k fragments per second         ||
||   39% completed, 2.7 mins elapsed, rate=83.2k fragments per second         ||
||   40% completed, 2.7 mins elapsed, rate=82.5k fragments per second         ||
||   40% completed, 2.8 mins elapsed, rate=81.8k fragments per second         ||
||   41% completed, 2.8 mins elapsed, rate=81.1k fragments per second         ||
||   41% completed, 2.9 mins elapsed, rate=80.5k fragments per second         ||
||   41% completed, 2.9 mins elapsed, rate=79.9k fragments per second         ||
|| Start read mapping in chunk.                                               ||
||   42% completed, 3.0 mins elapsed, rate=87.5k fragments per second         ||
||   49% completed, 3.3 mins elapsed, rate=82.7k fragments per second         ||
||   49% completed, 3.4 mins elapsed, rate=82.0k fragments per second         ||
||   49% completed, 3.4 mins elapsed, rate=81.2k fragments per second         ||
||   50% completed, 3.5 mins elapsed, rate=80.5k fragments per second         ||
||   50% completed, 3.5 mins elapsed, rate=79.8k fragments per second         ||
||   50% completed, 3.6 mins elapsed, rate=79.2k fragments per second         ||
||   51% completed, 3.6 mins elapsed, rate=78.5k fragments per second         ||
||   51% completed, 3.7 mins elapsed, rate=77.9k fragments per second         ||
||   51% completed, 3.7 mins elapsed, rate=77.3k fragments per second         ||
|| Start read mapping in chunk.                                               ||
||   52% completed, 3.8 mins elapsed, rate=82.3k fragments per second         ||
||   59% completed, 4.2 mins elapsed, rate=79.3k fragments per second         ||
||   59% completed, 4.2 mins elapsed, rate=78.7k fragments per second         ||
||   60% completed, 4.3 mins elapsed, rate=78.0k fragments per second         ||
||   60% completed, 4.4 mins elapsed, rate=77.4k fragments per second         ||
||   60% completed, 4.4 mins elapsed, rate=76.8k fragments per second         ||
||   61% completed, 4.5 mins elapsed, rate=76.2k fragments per second         ||
||   61% completed, 4.5 mins elapsed, rate=75.6k fragments per second         ||
||   61% completed, 4.6 mins elapsed, rate=75.0k fragments per second         ||
||   62% completed, 4.7 mins elapsed, rate=74.5k fragments per second         ||
|| Start read mapping in chunk.                                               ||
||   63% completed, 4.8 mins elapsed, rate=78.2k fragments per second         ||
||   70% completed, 5.1 mins elapsed, rate=76.2k fragments per second         ||
||   70% completed, 5.2 mins elapsed, rate=75.6k fragments per second         ||
||   70% completed, 5.3 mins elapsed, rate=75.1k fragments per second         ||
||   71% completed, 5.3 mins elapsed, rate=74.5k fragments per second         ||
||   71% completed, 5.4 mins elapsed, rate=74.0k fragments per second         ||
||   71% completed, 5.5 mins elapsed, rate=73.4k fragments per second         ||
||   72% completed, 5.5 mins elapsed, rate=72.9k fragments per second         ||
||   72% completed, 5.6 mins elapsed, rate=72.4k fragments per second         ||
||   72% completed, 5.6 mins elapsed, rate=71.9k fragments per second         ||
||   73% completed, 5.7 mins elapsed, rate=71.4k fragments per second         ||
|| Start read mapping in chunk.                                               ||
||   73% completed, 5.8 mins elapsed, rate=74.8k fragments per second         ||
||   80% completed, 6.1 mins elapsed, rate=73.3k fragments per second         ||
||   80% completed, 6.2 mins elapsed, rate=72.8k fragments per second         ||
||   81% completed, 6.3 mins elapsed, rate=72.3k fragments per second         ||
||   81% completed, 6.3 mins elapsed, rate=71.8k fragments per second         ||
||   82% completed, 6.4 mins elapsed, rate=71.3k fragments per second         ||
||   82% completed, 6.5 mins elapsed, rate=70.9k fragments per second         ||
||   82% completed, 6.5 mins elapsed, rate=70.4k fragments per second         ||
||   83% completed, 6.6 mins elapsed, rate=69.9k fragments per second         ||
||   83% completed, 6.7 mins elapsed, rate=69.5k fragments per second         ||
|| Start read mapping in chunk.                                               ||
||   84% completed, 6.8 mins elapsed, rate=71.9k fragments per second         ||
||   90% completed, 7.0 mins elapsed, rate=74.7k fragments per second         ||
||   91% completed, 7.2 mins elapsed, rate=70.8k fragments per second         ||
||   91% completed, 7.2 mins elapsed, rate=70.3k fragments per second         ||
||   91% completed, 7.3 mins elapsed, rate=69.9k fragments per second         ||
||   92% completed, 7.4 mins elapsed, rate=69.4k fragments per second         ||
||   92% completed, 7.5 mins elapsed, rate=69.0k fragments per second         ||
||   92% completed, 7.5 mins elapsed, rate=68.6k fragments per second         ||
||   93% completed, 7.6 mins elapsed, rate=68.2k fragments per second         ||
||   93% completed, 7.7 mins elapsed, rate=67.7k fragments per second         ||
||   94% completed, 7.8 mins elapsed, rate=67.4k fragments per second         ||
||   94% completed, 7.8 mins elapsed, rate=67.0k fragments per second         ||
|| Start read mapping in chunk.                                               ||
||   94% completed, 7.9 mins elapsed, rate=69.3k fragments per second         ||
||   98% completed, 8.1 mins elapsed, rate=67.7k fragments per second         ||
||   98% completed, 8.1 mins elapsed, rate=67.5k fragments per second         ||
||   98% completed, 8.2 mins elapsed, rate=67.3k fragments per second         ||
||   98% completed, 8.2 mins elapsed, rate=67.1k fragments per second         ||
||   99% completed, 8.2 mins elapsed, rate=66.8k fragments per second         ||
||   99% completed, 8.3 mins elapsed, rate=66.6k fragments per second         ||
||   99% completed, 8.3 mins elapsed, rate=66.4k fragments per second         ||
||   99% completed, 8.4 mins elapsed, rate=66.2k fragments per second         ||
||   99% completed, 8.4 mins elapsed, rate=66.1k fragments per second         ||
|| Sort the reads...                                                          ||
||                                                                            ||
||                           Completed successfully.                          ||
||                                                                            ||
\\====================================    ====================================//

//================================   Summary =================================\\
||                                                                            ||
||             Total fragments : 33,314,139                                   ||
||                      Mapped : 31,000,070 (93.1%)                           ||
||             Uniquely mapped : 31,000,070                                   ||
||               Multi-mapping : 0                                            ||
||                                                                            ||
||                    Unmapped : 2,314,069                                    ||
||                                                                            ||
||             Properly paired : 28,136,382                                   ||
||         Not properly paired : 2,863,688                                    ||
||                   Singleton : 694,849                                      ||
||                    Chimeric : 48,561                                       ||
||       Unexpected strandness : 35,633                                       ||
||  Unexpected fragment length : 2,057,820                                    ||
||       Unexpected read order : 26,825                                       ||
||                                                                            ||
||                      Indels : 119,872                                      ||
||                                                                            ||
||                Running time : 16.0 minutes                                 ||
||                                                                            ||
\\============================================================================//

