
        ==========     _____ _    _ ____  _____  ______          _____  
        =====         / ____| |  | |  _ \|  __ \|  ____|   /\   |  __ \ 
          =====      | (___ | |  | | |_) | |__) | |__     /  \  | |  | |
            ====      \___ \| |  | |  _ <|  _  /|  __|   / /\ \ | |  | |
              ====    ____) | |__| | |_) | | \ \| |____ / ____ \| |__| |
        ==========   |_____/ \____/|____/|_|  \_\______/_/    \_\_____/
	  v2.0.1

//================================= setting ==================================\\
||                                                                            ||
|| Function      : Read alignment (RNA-Seq)                                   ||
|| Input file 1  : HK55R4_clean_R1.fastq.gz                                   ||
|| Input file 2  : HK55R4_clean_R2.fastq.gz                                   ||
|| Output file   : HK55R4.bam (BAM), Sorted                                   ||
|| Index name    : maize-genome-V4                                            ||
||                                                                            ||
||                    ------------------------------------                    ||
||                                                                            ||
||                               Threads : 16                                 ||
||                          Phred offset : 33                                 ||
||               # of extracted subreads : 10                                 ||
||                        Min read1 vote : 3                                  ||
||                        Min read2 vote : 1                                  ||
||                     Max fragment size : 600                                ||
||                     Min fragment size : 50                                 ||
||                        Max mismatches : 3                                  ||
||                      Max indel length : 5                                  ||
||            Report multi-mapping reads : no                                 ||
|| Max alignments per multi-mapping read : 1                                  ||
||                       Read group name : HK55R4                             ||
||                                                                            ||
\\============================================================================//

//================ Running (23-Apr-2021 17:35:58, pid=987519) ================\\
||                                                                            ||
|| Check the input reads.                                                     ||
|| The input file contains base space reads.                                  ||
|| Initialise the memory objects.                                             ||
|| Estimate the mean read length.                                             ||
|| The range of Phred scores observed in the data is [2,37]                   ||
|| Create the output BAM file.                                                ||
|| Check the index.                                                           ||
|| Init the voting space.                                                     ||
|| Global environment is initialised.                                         ||
|| Load the 1-th index block...                                               ||
|| The index block has been loaded.                                           ||
|| Start read mapping in chunk.                                               ||
||    0% completed, 3.0 mins elapsed, rate=76.0k fragments per second         ||
||    6% completed, 3.2 mins elapsed, rate=123.9k fragments per second        ||
||   Estimated fragment length : 277 bp                                       ||
||    9% completed, 3.4 mins elapsed, rate=12.2k fragments per second         ||
||   10% completed, 3.4 mins elapsed, rate=12.7k fragments per second         ||
||   10% completed, 3.4 mins elapsed, rate=13.3k fragments per second         ||
||   11% completed, 3.4 mins elapsed, rate=13.8k fragments per second         ||
||   11% completed, 3.4 mins elapsed, rate=14.3k fragments per second         ||
||   12% completed, 3.4 mins elapsed, rate=14.8k fragments per second         ||
||   12% completed, 3.5 mins elapsed, rate=15.3k fragments per second         ||
||   12% completed, 3.5 mins elapsed, rate=15.8k fragments per second         ||
||   13% completed, 3.5 mins elapsed, rate=16.2k fragments per second         ||
|| Start read mapping in chunk.                                               ||
||   14% completed, 3.6 mins elapsed, rate=103.9k fragments per second        ||
||   20% completed, 3.9 mins elapsed, rate=103.6k fragments per second        ||
||   23% completed, 4.0 mins elapsed, rate=24.9k fragments per second         ||
||   23% completed, 4.0 mins elapsed, rate=25.3k fragments per second         ||
||   24% completed, 4.0 mins elapsed, rate=25.7k fragments per second         ||
||   24% completed, 4.0 mins elapsed, rate=26.1k fragments per second         ||
||   25% completed, 4.0 mins elapsed, rate=26.5k fragments per second         ||
||   25% completed, 4.1 mins elapsed, rate=26.8k fragments per second         ||
||   26% completed, 4.1 mins elapsed, rate=27.2k fragments per second         ||
||   26% completed, 4.1 mins elapsed, rate=27.6k fragments per second         ||
||   27% completed, 4.1 mins elapsed, rate=28.0k fragments per second         ||
|| Start read mapping in chunk.                                               ||
||   27% completed, 4.2 mins elapsed, rate=99.6k fragments per second         ||
||   34% completed, 4.4 mins elapsed, rate=102.8k fragments per second        ||
||   37% completed, 4.6 mins elapsed, rate=34.4k fragments per second         ||
||   37% completed, 4.6 mins elapsed, rate=34.7k fragments per second         ||
||   38% completed, 4.6 mins elapsed, rate=35.0k fragments per second         ||
||   38% completed, 4.6 mins elapsed, rate=35.3k fragments per second         ||
||   38% completed, 4.6 mins elapsed, rate=35.6k fragments per second         ||
||   39% completed, 4.7 mins elapsed, rate=35.9k fragments per second         ||
||   39% completed, 4.7 mins elapsed, rate=36.1k fragments per second         ||
||   40% completed, 4.7 mins elapsed, rate=36.4k fragments per second         ||
||   40% completed, 4.7 mins elapsed, rate=36.7k fragments per second         ||
||   41% completed, 4.7 mins elapsed, rate=36.9k fragments per second         ||
|| Start read mapping in chunk.                                               ||
||   41% completed, 4.8 mins elapsed, rate=98.4k fragments per second         ||
||   48% completed, 5.0 mins elapsed, rate=101.3k fragments per second        ||
||   50% completed, 5.2 mins elapsed, rate=41.7k fragments per second         ||
||   51% completed, 5.2 mins elapsed, rate=42.0k fragments per second         ||
||   51% completed, 5.2 mins elapsed, rate=42.2k fragments per second         ||
||   52% completed, 5.2 mins elapsed, rate=42.4k fragments per second         ||
||   52% completed, 5.2 mins elapsed, rate=42.7k fragments per second         ||
||   53% completed, 5.2 mins elapsed, rate=42.9k fragments per second         ||
||   53% completed, 5.3 mins elapsed, rate=43.2k fragments per second         ||
||   54% completed, 5.3 mins elapsed, rate=43.4k fragments per second         ||
||   54% completed, 5.3 mins elapsed, rate=43.6k fragments per second         ||
|| Start read mapping in chunk.                                               ||
||   55% completed, 5.4 mins elapsed, rate=97.3k fragments per second         ||
||   62% completed, 5.6 mins elapsed, rate=99.8k fragments per second         ||
||   64% completed, 5.8 mins elapsed, rate=47.4k fragments per second         ||
||   65% completed, 5.8 mins elapsed, rate=47.6k fragments per second         ||
||   65% completed, 5.8 mins elapsed, rate=47.8k fragments per second         ||
||   66% completed, 5.8 mins elapsed, rate=48.0k fragments per second         ||
||   66% completed, 5.8 mins elapsed, rate=48.2k fragments per second         ||
||   67% completed, 5.9 mins elapsed, rate=48.3k fragments per second         ||
||   67% completed, 5.9 mins elapsed, rate=48.2k fragments per second         ||
||   68% completed, 6.0 mins elapsed, rate=48.2k fragments per second         ||
||   68% completed, 6.0 mins elapsed, rate=48.3k fragments per second         ||
|| Start read mapping in chunk.                                               ||
||   69% completed, 6.1 mins elapsed, rate=95.6k fragments per second         ||
||   76% completed, 6.3 mins elapsed, rate=97.5k fragments per second         ||
||   78% completed, 6.4 mins elapsed, rate=51.5k fragments per second         ||
||   79% completed, 6.5 mins elapsed, rate=51.7k fragments per second         ||
||   79% completed, 6.5 mins elapsed, rate=51.8k fragments per second         ||
||   80% completed, 6.5 mins elapsed, rate=52.0k fragments per second         ||
||   80% completed, 6.5 mins elapsed, rate=52.1k fragments per second         ||
||   81% completed, 6.5 mins elapsed, rate=52.2k fragments per second         ||
||   81% completed, 6.6 mins elapsed, rate=52.4k fragments per second         ||
||   81% completed, 6.6 mins elapsed, rate=52.5k fragments per second         ||
||   82% completed, 6.6 mins elapsed, rate=52.7k fragments per second         ||
|| Start read mapping in chunk.                                               ||
||   83% completed, 6.7 mins elapsed, rate=95.7k fragments per second         ||
||   90% completed, 6.9 mins elapsed, rate=97.2k fragments per second         ||
||   92% completed, 7.1 mins elapsed, rate=55.2k fragments per second         ||
||   93% completed, 7.1 mins elapsed, rate=55.4k fragments per second         ||
||   93% completed, 7.1 mins elapsed, rate=55.5k fragments per second         ||
||   94% completed, 7.1 mins elapsed, rate=55.6k fragments per second         ||
||   94% completed, 7.1 mins elapsed, rate=55.8k fragments per second         ||
||   94% completed, 7.2 mins elapsed, rate=55.9k fragments per second         ||
||   95% completed, 7.2 mins elapsed, rate=56.0k fragments per second         ||
||   95% completed, 7.2 mins elapsed, rate=56.2k fragments per second         ||
||   96% completed, 7.2 mins elapsed, rate=56.3k fragments per second         ||
|| Start read mapping in chunk.                                               ||
||   97% completed, 7.3 mins elapsed, rate=94.9k fragments per second         ||
||   99% completed, 7.4 mins elapsed, rate=56.4k fragments per second         ||
||   99% completed, 7.4 mins elapsed, rate=56.4k fragments per second         ||
||   99% completed, 7.4 mins elapsed, rate=56.4k fragments per second         ||
||   99% completed, 7.4 mins elapsed, rate=56.4k fragments per second         ||
||   99% completed, 7.4 mins elapsed, rate=56.5k fragments per second         ||
||   99% completed, 7.4 mins elapsed, rate=56.5k fragments per second         ||
||   99% completed, 7.4 mins elapsed, rate=56.5k fragments per second         ||
||   99% completed, 7.4 mins elapsed, rate=56.6k fragments per second         ||
||   99% completed, 7.4 mins elapsed, rate=56.6k fragments per second         ||
|| Sort the reads...                                                          ||
||                                                                            ||
||                           Completed successfully.                          ||
||                                                                            ||
\\====================================    ====================================//

//================================   Summary =================================\\
||                                                                            ||
||             Total fragments : 25,249,295                                   ||
||                      Mapped : 24,048,681 (95.2%)                           ||
||             Uniquely mapped : 24,048,681                                   ||
||               Multi-mapping : 0                                            ||
||                                                                            ||
||                    Unmapped : 1,200,614                                    ||
||                                                                            ||
||             Properly paired : 20,079,805                                   ||
||         Not properly paired : 3,968,876                                    ||
||                   Singleton : 2,113,898                                    ||
||                    Chimeric : 90,957                                       ||
||       Unexpected strandness : 34,179                                       ||
||  Unexpected fragment length : 1,694,182                                    ||
||       Unexpected read order : 35,660                                       ||
||                                                                            ||
||                      Indels : 178,547                                      ||
||                                                                            ||
||                Running time : 15.5 minutes                                 ||
||                                                                            ||
\\============================================================================//

