
        ==========     _____ _    _ ____  _____  ______          _____  
        =====         / ____| |  | |  _ \|  __ \|  ____|   /\   |  __ \ 
          =====      | (___ | |  | | |_) | |__) | |__     /  \  | |  | |
            ====      \___ \| |  | |  _ <|  _  /|  __|   / /\ \ | |  | |
              ====    ____) | |__| | |_) | | \ \| |____ / ____ \| |__| |
        ==========   |_____/ \____/|____/|_|  \_\______/_/    \_\_____/
	  v2.0.1

//================================= setting ==================================\\
||                                                                            ||
|| Function      : Read alignment (RNA-Seq)                                   ||
|| Input file 1  : HK55L1_clean_R1.fastq.gz                                   ||
|| Input file 2  : HK55L1_clean_R2.fastq.gz                                   ||
|| Output file   : HK55L1.bam (BAM), Sorted                                   ||
|| Index name    : maize-genome-V4                                            ||
||                                                                            ||
||                    ------------------------------------                    ||
||                                                                            ||
||                               Threads : 16                                 ||
||                          Phred offset : 33                                 ||
||               # of extracted subreads : 10                                 ||
||                        Min read1 vote : 3                                  ||
||                        Min read2 vote : 1                                  ||
||                     Max fragment size : 600                                ||
||                     Min fragment size : 50                                 ||
||                        Max mismatches : 3                                  ||
||                      Max indel length : 5                                  ||
||            Report multi-mapping reads : no                                 ||
|| Max alignments per multi-mapping read : 1                                  ||
||                       Read group name : HK55L1                             ||
||                                                                            ||
\\============================================================================//

//================ Running (23-Apr-2021 17:35:58, pid=923103) ================\\
||                                                                            ||
|| Check the input reads.                                                     ||
|| The input file contains base space reads.                                  ||
|| Initialise the memory objects.                                             ||
|| Estimate the mean read length.                                             ||
|| The range of Phred scores observed in the data is [2,37]                   ||
|| Create the output BAM file.                                                ||
|| Check the index.                                                           ||
|| Init the voting space.                                                     ||
|| Global environment is initialised.                                         ||
|| Load the 1-th index block...                                               ||
|| The index block has been loaded.                                           ||
|| Start read mapping in chunk.                                               ||
||    0% completed, 3.1 mins elapsed, rate=59.8k fragments per second         ||
||    6% completed, 3.4 mins elapsed, rate=87.4k fragments per second         ||
||   Estimated fragment length : 267 bp                                       ||
||    8% completed, 3.6 mins elapsed, rate=11.3k fragments per second         ||
||    9% completed, 3.7 mins elapsed, rate=11.6k fragments per second         ||
||    9% completed, 3.8 mins elapsed, rate=11.9k fragments per second         ||
||    9% completed, 3.8 mins elapsed, rate=12.2k fragments per second         ||
||   10% completed, 3.9 mins elapsed, rate=12.5k fragments per second         ||
||   10% completed, 4.0 mins elapsed, rate=12.8k fragments per second         ||
||   11% completed, 4.0 mins elapsed, rate=13.1k fragments per second         ||
||   11% completed, 4.1 mins elapsed, rate=13.4k fragments per second         ||
||   11% completed, 4.1 mins elapsed, rate=13.6k fragments per second         ||
|| Start read mapping in chunk.                                               ||
||   12% completed, 4.3 mins elapsed, rate=48.2k fragments per second         ||
||   19% completed, 4.7 mins elapsed, rate=57.1k fragments per second         ||
||   20% completed, 4.9 mins elapsed, rate=20.2k fragments per second         ||
||   21% completed, 5.0 mins elapsed, rate=20.2k fragments per second         ||
||   21% completed, 5.1 mins elapsed, rate=20.1k fragments per second         ||
||   22% completed, 5.2 mins elapsed, rate=20.1k fragments per second         ||
||   22% completed, 5.3 mins elapsed, rate=20.0k fragments per second         ||
||   22% completed, 5.4 mins elapsed, rate=20.0k fragments per second         ||
||   23% completed, 5.5 mins elapsed, rate=20.0k fragments per second         ||
||   23% completed, 5.6 mins elapsed, rate=19.9k fragments per second         ||
||   24% completed, 5.7 mins elapsed, rate=19.9k fragments per second         ||
||   24% completed, 5.8 mins elapsed, rate=19.9k fragments per second         ||
|| Start read mapping in chunk.                                               ||
||   24% completed, 6.0 mins elapsed, rate=39.8k fragments per second         ||
||   31% completed, 6.3 mins elapsed, rate=45.0k fragments per second         ||
||   33% completed, 6.6 mins elapsed, rate=23.7k fragments per second         ||
||   33% completed, 6.8 mins elapsed, rate=23.5k fragments per second         ||
||   33% completed, 6.9 mins elapsed, rate=23.4k fragments per second         ||
||   34% completed, 7.0 mins elapsed, rate=23.2k fragments per second         ||
||   34% completed, 7.2 mins elapsed, rate=23.0k fragments per second         ||
||   35% completed, 7.3 mins elapsed, rate=22.8k fragments per second         ||
||   35% completed, 7.5 mins elapsed, rate=22.7k fragments per second         ||
||   35% completed, 7.6 mins elapsed, rate=22.5k fragments per second         ||
||   36% completed, 7.7 mins elapsed, rate=22.4k fragments per second         ||
||   36% completed, 7.9 mins elapsed, rate=22.2k fragments per second         ||
|| Start read mapping in chunk.                                               ||
||   37% completed, 8.0 mins elapsed, rate=35.9k fragments per second         ||
||   43% completed, 8.3 mins elapsed, rate=39.5k fragments per second         ||
||   45% completed, 8.6 mins elapsed, rate=25.1k fragments per second         ||
||   45% completed, 8.8 mins elapsed, rate=24.8k fragments per second         ||
||   46% completed, 8.9 mins elapsed, rate=24.6k fragments per second         ||
||   46% completed, 9.1 mins elapsed, rate=24.3k fragments per second         ||
||   47% completed, 9.3 mins elapsed, rate=24.1k fragments per second         ||
||   47% completed, 9.4 mins elapsed, rate=23.9k fragments per second         ||
||   47% completed, 9.6 mins elapsed, rate=23.7k fragments per second         ||
||   48% completed, 9.8 mins elapsed, rate=23.5k fragments per second         ||
||   48% completed,   9 mins elapsed, rate=23.3k fragments per second         ||
|| Start read mapping in chunk.                                               ||
||   49% completed,  10 mins elapsed, rate=33.1k fragments per second         ||
||   56% completed,  10 mins elapsed, rate=36.0k fragments per second         ||
||   57% completed,  10 mins elapsed, rate=25.4k fragments per second         ||
||   57% completed,  10 mins elapsed, rate=25.1k fragments per second         ||
||   58% completed,  11 mins elapsed, rate=24.8k fragments per second         ||
||   58% completed,  11 mins elapsed, rate=24.6k fragments per second         ||
||   59% completed,  11 mins elapsed, rate=24.4k fragments per second         ||
||   59% completed,  11 mins elapsed, rate=24.1k fragments per second         ||
||   60% completed,  11 mins elapsed, rate=23.9k fragments per second         ||
||   60% completed,  12 mins elapsed, rate=23.7k fragments per second         ||
||   60% completed,  12 mins elapsed, rate=23.5k fragments per second         ||
|| Start read mapping in chunk.                                               ||
||   61% completed,  12 mins elapsed, rate=30.8k fragments per second         ||
||   68% completed,  12 mins elapsed, rate=33.1k fragments per second         ||
||   69% completed,  13 mins elapsed, rate=25.0k fragments per second         ||
||   70% completed,  13 mins elapsed, rate=24.8k fragments per second         ||
||   70% completed,  13 mins elapsed, rate=24.5k fragments per second         ||
||   71% completed,  13 mins elapsed, rate=24.3k fragments per second         ||
||   71% completed,  14 mins elapsed, rate=24.0k fragments per second         ||
||   71% completed,  14 mins elapsed, rate=23.8k fragments per second         ||
||   72% completed,  14 mins elapsed, rate=23.6k fragments per second         ||
||   72% completed,  14 mins elapsed, rate=23.4k fragments per second         ||
||   73% completed,  14 mins elapsed, rate=23.2k fragments per second         ||
||   73% completed,  15 mins elapsed, rate=23.0k fragments per second         ||
|| Start read mapping in chunk.                                               ||
||   73% completed,  15 mins elapsed, rate=28.7k fragments per second         ||
||   80% completed,  15 mins elapsed, rate=30.4k fragments per second         ||
||   82% completed,  15 mins elapsed, rate=24.4k fragments per second         ||
||   82% completed,  16 mins elapsed, rate=24.2k fragments per second         ||
||   82% completed,  16 mins elapsed, rate=24.0k fragments per second         ||
||   83% completed,  16 mins elapsed, rate=23.8k fragments per second         ||
||   83% completed,  16 mins elapsed, rate=23.6k fragments per second         ||
||   84% completed,  17 mins elapsed, rate=23.4k fragments per second         ||
||   84% completed,  17 mins elapsed, rate=23.2k fragments per second         ||
||   85% completed,  17 mins elapsed, rate=23.0k fragments per second         ||
||   85% completed,  17 mins elapsed, rate=22.8k fragments per second         ||
|| Start read mapping in chunk.                                               ||
||   86% completed,  18 mins elapsed, rate=27.3k fragments per second         ||
||   92% completed,  18 mins elapsed, rate=28.7k fragments per second         ||
||   94% completed,  18 mins elapsed, rate=23.9k fragments per second         ||
||   94% completed,  19 mins elapsed, rate=23.7k fragments per second         ||
||   95% completed,  19 mins elapsed, rate=23.5k fragments per second         ||
||   95% completed,  19 mins elapsed, rate=23.3k fragments per second         ||
||   96% completed,  19 mins elapsed, rate=23.1k fragments per second         ||
||   96% completed,  19 mins elapsed, rate=22.9k fragments per second         ||
||   96% completed,  20 mins elapsed, rate=22.8k fragments per second         ||
||   97% completed,  20 mins elapsed, rate=22.6k fragments per second         ||
||   97% completed,  20 mins elapsed, rate=22.4k fragments per second         ||
||   98% completed,  20 mins elapsed, rate=22.3k fragments per second         ||
|| Start read mapping in chunk.                                               ||
||   98% completed,  21 mins elapsed, rate=26.0k fragments per second         ||
||   99% completed,  21 mins elapsed, rate=22.3k fragments per second         ||
||   99% completed,  21 mins elapsed, rate=22.3k fragments per second         ||
||   99% completed,  21 mins elapsed, rate=22.2k fragments per second         ||
||   99% completed,  21 mins elapsed, rate=22.2k fragments per second         ||
||   99% completed,  21 mins elapsed, rate=22.2k fragments per second         ||
||   99% completed,  21 mins elapsed, rate=22.1k fragments per second         ||
|| Sort the reads...                                                          ||
||                                                                            ||
||                           Completed successfully.                          ||
||                                                                            ||
\\====================================    ====================================//

//================================   Summary =================================\\
||                                                                            ||
||             Total fragments : 28,507,663                                   ||
||                      Mapped : 19,760,100 (69.3%)                           ||
||             Uniquely mapped : 19,760,100                                   ||
||               Multi-mapping : 0                                            ||
||                                                                            ||
||                    Unmapped : 8,747,563                                    ||
||                                                                            ||
||             Properly paired : 17,313,530                                   ||
||         Not properly paired : 2,446,570                                    ||
||                   Singleton : 1,284,347                                    ||
||                    Chimeric : 56,451                                       ||
||       Unexpected strandness : 33,847                                       ||
||  Unexpected fragment length : 1,045,172                                    ||
||       Unexpected read order : 26,753                                       ||
||                                                                            ||
||                      Indels : 144,035                                      ||
||                                                                            ||
||                Running time : 28.2 minutes                                 ||
||                                                                            ||
\\============================================================================//

