
        ==========     _____ _    _ ____  _____  ______          _____  
        =====         / ____| |  | |  _ \|  __ \|  ____|   /\   |  __ \ 
          =====      | (___ | |  | | |_) | |__) | |__     /  \  | |  | |
            ====      \___ \| |  | |  _ <|  _  /|  __|   / /\ \ | |  | |
              ====    ____) | |__| | |_) | | \ \| |____ / ____ \| |__| |
        ==========   |_____/ \____/|____/|_|  \_\______/_/    \_\_____/
	  v2.0.1

//================================= setting ==================================\\
||                                                                            ||
|| Function      : Read alignment (RNA-Seq)                                   ||
|| Input file 1  : HK55R3_clean_R1.fastq.gz                                   ||
|| Input file 2  : HK55R3_clean_R2.fastq.gz                                   ||
|| Output file   : HK55R3.bam (BAM), Sorted                                   ||
|| Index name    : maize-genome-V4                                            ||
||                                                                            ||
||                    ------------------------------------                    ||
||                                                                            ||
||                               Threads : 16                                 ||
||                          Phred offset : 33                                 ||
||               # of extracted subreads : 10                                 ||
||                        Min read1 vote : 3                                  ||
||                        Min read2 vote : 1                                  ||
||                     Max fragment size : 600                                ||
||                     Min fragment size : 50                                 ||
||                        Max mismatches : 3                                  ||
||                      Max indel length : 5                                  ||
||            Report multi-mapping reads : no                                 ||
|| Max alignments per multi-mapping read : 1                                  ||
||                       Read group name : HK55R3                             ||
||                                                                            ||
\\============================================================================//

//=============== Running (23-Apr-2021 17:35:58, pid=1530435) ================\\
||                                                                            ||
|| Check the input reads.                                                     ||
|| The input file contains base space reads.                                  ||
|| Initialise the memory objects.                                             ||
|| Estimate the mean read length.                                             ||
|| The range of Phred scores observed in the data is [2,37]                   ||
|| Create the output BAM file.                                                ||
|| Check the index.                                                           ||
|| Init the voting space.                                                     ||
|| Global environment is initialised.                                         ||
|| Load the 1-th index block...                                               ||
|| The index block has been loaded.                                           ||
|| Start read mapping in chunk.                                               ||
||    0% completed, 3.0 mins elapsed, rate=72.2k fragments per second         ||
||    6% completed, 3.3 mins elapsed, rate=109.5k fragments per second        ||
||   Estimated fragment length : 263 bp                                       ||
||    9% completed, 3.4 mins elapsed, rate=12.0k fragments per second         ||
||    9% completed, 3.4 mins elapsed, rate=12.4k fragments per second         ||
||   10% completed, 3.4 mins elapsed, rate=13.0k fragments per second         ||
||   10% completed, 3.5 mins elapsed, rate=13.5k fragments per second         ||
||   11% completed, 3.5 mins elapsed, rate=14.0k fragments per second         ||
||   11% completed, 3.5 mins elapsed, rate=14.5k fragments per second         ||
||   12% completed, 3.5 mins elapsed, rate=15.0k fragments per second         ||
||   12% completed, 3.5 mins elapsed, rate=15.5k fragments per second         ||
||   12% completed, 3.6 mins elapsed, rate=15.9k fragments per second         ||
|| Start read mapping in chunk.                                               ||
||   13% completed, 3.7 mins elapsed, rate=86.2k fragments per second         ||
||   20% completed, 4.0 mins elapsed, rate=93.8k fragments per second         ||
||   22% completed, 4.1 mins elapsed, rate=24.3k fragments per second         ||
||   23% completed, 4.1 mins elapsed, rate=24.7k fragments per second         ||
||   23% completed, 4.1 mins elapsed, rate=25.0k fragments per second         ||
||   24% completed, 4.1 mins elapsed, rate=25.3k fragments per second         ||
||   24% completed, 4.2 mins elapsed, rate=25.6k fragments per second         ||
||   25% completed, 4.2 mins elapsed, rate=26.0k fragments per second         ||
||   25% completed, 4.2 mins elapsed, rate=26.4k fragments per second         ||
||   25% completed, 4.2 mins elapsed, rate=26.7k fragments per second         ||
||   26% completed, 4.3 mins elapsed, rate=27.0k fragments per second         ||
|| Start read mapping in chunk.                                               ||
||   27% completed, 4.4 mins elapsed, rate=85.8k fragments per second         ||
||   33% completed, 4.7 mins elapsed, rate=90.3k fragments per second         ||
||   36% completed, 4.8 mins elapsed, rate=32.9k fragments per second         ||
||   36% completed, 4.8 mins elapsed, rate=33.2k fragments per second         ||
||   36% completed, 4.8 mins elapsed, rate=33.4k fragments per second         ||
||   37% completed, 4.8 mins elapsed, rate=33.7k fragments per second         ||
||   37% completed, 4.8 mins elapsed, rate=34.0k fragments per second         ||
||   38% completed, 4.9 mins elapsed, rate=34.3k fragments per second         ||
||   38% completed, 4.9 mins elapsed, rate=34.6k fragments per second         ||
||   39% completed, 4.9 mins elapsed, rate=34.9k fragments per second         ||
||   39% completed, 4.9 mins elapsed, rate=35.1k fragments per second         ||
||   40% completed, 4.9 mins elapsed, rate=35.4k fragments per second         ||
|| Start read mapping in chunk.                                               ||
||   40% completed, 5.0 mins elapsed, rate=87.6k fragments per second         ||
||   47% completed, 5.3 mins elapsed, rate=89.3k fragments per second         ||
||   49% completed, 5.5 mins elapsed, rate=39.4k fragments per second         ||
||   49% completed, 5.5 mins elapsed, rate=39.6k fragments per second         ||
||   50% completed, 5.5 mins elapsed, rate=39.9k fragments per second         ||
||   50% completed, 5.5 mins elapsed, rate=40.1k fragments per second         ||
||   51% completed, 5.5 mins elapsed, rate=40.3k fragments per second         ||
||   51% completed, 5.6 mins elapsed, rate=40.5k fragments per second         ||
||   52% completed, 5.6 mins elapsed, rate=40.7k fragments per second         ||
||   52% completed, 5.6 mins elapsed, rate=41.0k fragments per second         ||
||   52% completed, 5.6 mins elapsed, rate=41.1k fragments per second         ||
||   53% completed, 5.6 mins elapsed, rate=41.3k fragments per second         ||
|| Start read mapping in chunk.                                               ||
||   53% completed, 5.7 mins elapsed, rate=87.1k fragments per second         ||
||   60% completed, 6.0 mins elapsed, rate=87.5k fragments per second         ||
||   62% completed, 6.2 mins elapsed, rate=44.4k fragments per second         ||
||   63% completed, 6.2 mins elapsed, rate=44.6k fragments per second         ||
||   63% completed, 6.2 mins elapsed, rate=44.8k fragments per second         ||
||   64% completed, 6.2 mins elapsed, rate=45.0k fragments per second         ||
||   64% completed, 6.2 mins elapsed, rate=45.2k fragments per second         ||
||   65% completed, 6.2 mins elapsed, rate=45.3k fragments per second         ||
||   65% completed, 6.3 mins elapsed, rate=45.5k fragments per second         ||
||   65% completed, 6.3 mins elapsed, rate=45.6k fragments per second         ||
||   66% completed, 6.3 mins elapsed, rate=45.7k fragments per second         ||
||   66% completed, 6.3 mins elapsed, rate=45.9k fragments per second         ||
|| Start read mapping in chunk.                                               ||
||   67% completed, 6.4 mins elapsed, rate=86.3k fragments per second         ||
||   74% completed, 6.7 mins elapsed, rate=88.3k fragments per second         ||
||   76% completed, 6.8 mins elapsed, rate=48.5k fragments per second         ||
||   77% completed, 6.9 mins elapsed, rate=48.7k fragments per second         ||
||   77% completed, 6.9 mins elapsed, rate=48.8k fragments per second         ||
||   77% completed, 6.9 mins elapsed, rate=48.9k fragments per second         ||
||   78% completed, 6.9 mins elapsed, rate=49.0k fragments per second         ||
||   78% completed, 6.9 mins elapsed, rate=49.2k fragments per second         ||
||   79% completed, 7.0 mins elapsed, rate=49.3k fragments per second         ||
||   79% completed, 7.0 mins elapsed, rate=49.4k fragments per second         ||
||   80% completed, 7.0 mins elapsed, rate=49.6k fragments per second         ||
||   80% completed, 7.0 mins elapsed, rate=49.7k fragments per second         ||
|| Start read mapping in chunk.                                               ||
||   80% completed, 7.1 mins elapsed, rate=86.1k fragments per second         ||
||   87% completed, 7.4 mins elapsed, rate=87.6k fragments per second         ||
||   90% completed, 7.5 mins elapsed, rate=52.0k fragments per second         ||
||   90% completed, 7.5 mins elapsed, rate=52.1k fragments per second         ||
||   90% completed, 7.5 mins elapsed, rate=52.2k fragments per second         ||
||   91% completed, 7.6 mins elapsed, rate=52.3k fragments per second         ||
||   91% completed, 7.6 mins elapsed, rate=52.5k fragments per second         ||
||   92% completed, 7.6 mins elapsed, rate=52.6k fragments per second         ||
||   92% completed, 7.6 mins elapsed, rate=52.7k fragments per second         ||
||   93% completed, 7.6 mins elapsed, rate=52.8k fragments per second         ||
||   93% completed, 7.7 mins elapsed, rate=53.0k fragments per second         ||
||   94% completed, 7.7 mins elapsed, rate=53.1k fragments per second         ||
|| Start read mapping in chunk.                                               ||
||   94% completed, 7.8 mins elapsed, rate=85.3k fragments per second         ||
||   98% completed, 8.0 mins elapsed, rate=53.2k fragments per second         ||
||   98% completed, 8.0 mins elapsed, rate=53.2k fragments per second         ||
||   98% completed, 8.0 mins elapsed, rate=53.3k fragments per second         ||
||   98% completed, 8.0 mins elapsed, rate=53.3k fragments per second         ||
||   99% completed, 8.0 mins elapsed, rate=53.4k fragments per second         ||
||   99% completed, 8.0 mins elapsed, rate=53.4k fragments per second         ||
||   99% completed, 8.1 mins elapsed, rate=53.5k fragments per second         ||
||   99% completed, 8.1 mins elapsed, rate=53.5k fragments per second         ||
||   99% completed, 8.1 mins elapsed, rate=53.6k fragments per second         ||
|| Sort the reads...                                                          ||
||                                                                            ||
||                           Completed successfully.                          ||
||                                                                            ||
\\====================================    ====================================//

//================================   Summary =================================\\
||                                                                            ||
||             Total fragments : 25,967,998                                   ||
||                      Mapped : 24,661,189 (95.0%)                           ||
||             Uniquely mapped : 24,661,189                                   ||
||               Multi-mapping : 0                                            ||
||                                                                            ||
||                    Unmapped : 1,306,809                                    ||
||                                                                            ||
||             Properly paired : 21,013,466                                   ||
||         Not properly paired : 3,647,723                                    ||
||                   Singleton : 2,032,506                                    ||
||                    Chimeric : 84,850                                       ||
||       Unexpected strandness : 32,893                                       ||
||  Unexpected fragment length : 1,455,314                                    ||
||       Unexpected read order : 42,160                                       ||
||                                                                            ||
||                      Indels : 191,043                                      ||
||                                                                            ||
||                Running time : 16.9 minutes                                 ||
||                                                                            ||
\\============================================================================//

