
        ==========     _____ _    _ ____  _____  ______          _____  
        =====         / ____| |  | |  _ \|  __ \|  ____|   /\   |  __ \ 
          =====      | (___ | |  | | |_) | |__) | |__     /  \  | |  | |
            ====      \___ \| |  | |  _ <|  _  /|  __|   / /\ \ | |  | |
              ====    ____) | |__| | |_) | | \ \| |____ / ____ \| |__| |
        ==========   |_____/ \____/|____/|_|  \_\______/_/    \_\_____/
	  v2.0.1

//================================= setting ==================================\\
||                                                                            ||
|| Function      : Read alignment (RNA-Seq)                                   ||
|| Input file 1  : HK55L4_clean_R1.fastq.gz                                   ||
|| Input file 2  : HK55L4_clean_R2.fastq.gz                                   ||
|| Output file   : HK55L4.bam (BAM), Sorted                                   ||
|| Index name    : maize-genome-V4                                            ||
||                                                                            ||
||                    ------------------------------------                    ||
||                                                                            ||
||                               Threads : 16                                 ||
||                          Phred offset : 33                                 ||
||               # of extracted subreads : 10                                 ||
||                        Min read1 vote : 3                                  ||
||                        Min read2 vote : 1                                  ||
||                     Max fragment size : 600                                ||
||                     Min fragment size : 50                                 ||
||                        Max mismatches : 3                                  ||
||                      Max indel length : 5                                  ||
||            Report multi-mapping reads : no                                 ||
|| Max alignments per multi-mapping read : 1                                  ||
||                       Read group name : HK55L4                             ||
||                                                                            ||
\\============================================================================//

//=============== Running (23-Apr-2021 17:35:58, pid=1530432) ================\\
||                                                                            ||
|| Check the input reads.                                                     ||
|| The input file contains base space reads.                                  ||
|| Initialise the memory objects.                                             ||
|| Estimate the mean read length.                                             ||
|| The range of Phred scores observed in the data is [2,37]                   ||
|| Create the output BAM file.                                                ||
|| Check the index.                                                           ||
|| Init the voting space.                                                     ||
|| Global environment is initialised.                                         ||
|| Load the 1-th index block...                                               ||
|| The index block has been loaded.                                           ||
|| Start read mapping in chunk.                                               ||
||    0% completed, 3.0 mins elapsed, rate=69.8k fragments per second         ||
||    6% completed, 3.3 mins elapsed, rate=125.7k fragments per second        ||
||   Estimated fragment length : 293 bp                                       ||
||    8% completed, 3.4 mins elapsed, rate=12.1k fragments per second         ||
||    8% completed, 3.4 mins elapsed, rate=12.6k fragments per second         ||
||    9% completed, 3.4 mins elapsed, rate=13.1k fragments per second         ||
||    9% completed, 3.4 mins elapsed, rate=13.6k fragments per second         ||
||   10% completed, 3.4 mins elapsed, rate=14.1k fragments per second         ||
||   10% completed, 3.5 mins elapsed, rate=14.6k fragments per second         ||
||   10% completed, 3.5 mins elapsed, rate=15.1k fragments per second         ||
||   11% completed, 3.5 mins elapsed, rate=15.5k fragments per second         ||
||   11% completed, 3.5 mins elapsed, rate=16.0k fragments per second         ||
|| Start read mapping in chunk.                                               ||
||   12% completed, 3.7 mins elapsed, rate=93.2k fragments per second         ||
||   19% completed, 3.9 mins elapsed, rate=100.7k fragments per second        ||
||   20% completed, 4.0 mins elapsed, rate=24.7k fragments per second         ||
||   21% completed, 4.1 mins elapsed, rate=25.0k fragments per second         ||
||   21% completed, 4.1 mins elapsed, rate=25.4k fragments per second         ||
||   21% completed, 4.1 mins elapsed, rate=25.7k fragments per second         ||
||   22% completed, 4.1 mins elapsed, rate=26.0k fragments per second         ||
||   22% completed, 4.2 mins elapsed, rate=26.2k fragments per second         ||
||   23% completed, 4.2 mins elapsed, rate=26.5k fragments per second         ||
||   23% completed, 4.2 mins elapsed, rate=26.8k fragments per second         ||
||   23% completed, 4.3 mins elapsed, rate=27.1k fragments per second         ||
|| Start read mapping in chunk.                                               ||
||   24% completed, 4.4 mins elapsed, rate=85.8k fragments per second         ||
||   31% completed, 4.6 mins elapsed, rate=92.5k fragments per second         ||
||   32% completed, 4.8 mins elapsed, rate=33.1k fragments per second         ||
||   33% completed, 4.8 mins elapsed, rate=33.3k fragments per second         ||
||   33% completed, 4.8 mins elapsed, rate=33.5k fragments per second         ||
||   33% completed, 4.8 mins elapsed, rate=33.7k fragments per second         ||
||   34% completed, 4.9 mins elapsed, rate=33.9k fragments per second         ||
||   34% completed, 4.9 mins elapsed, rate=34.1k fragments per second         ||
||   35% completed, 4.9 mins elapsed, rate=34.3k fragments per second         ||
||   35% completed, 5.0 mins elapsed, rate=34.2k fragments per second         ||
||   35% completed, 5.0 mins elapsed, rate=34.4k fragments per second         ||
|| Start read mapping in chunk.                                               ||
||   36% completed, 5.2 mins elapsed, rate=82.2k fragments per second         ||
||   43% completed, 5.4 mins elapsed, rate=86.7k fragments per second         ||
||   44% completed, 5.5 mins elapsed, rate=38.9k fragments per second         ||
||   45% completed, 5.6 mins elapsed, rate=39.0k fragments per second         ||
||   45% completed, 5.6 mins elapsed, rate=39.1k fragments per second         ||
||   45% completed, 5.6 mins elapsed, rate=39.2k fragments per second         ||
||   46% completed, 5.7 mins elapsed, rate=39.2k fragments per second         ||
||   46% completed, 5.7 mins elapsed, rate=39.3k fragments per second         ||
||   47% completed, 5.8 mins elapsed, rate=39.4k fragments per second         ||
||   47% completed, 5.8 mins elapsed, rate=39.5k fragments per second         ||
||   47% completed, 5.8 mins elapsed, rate=39.6k fragments per second         ||
||   48% completed, 5.9 mins elapsed, rate=39.6k fragments per second         ||
|| Start read mapping in chunk.                                               ||
||   48% completed, 6.0 mins elapsed, rate=78.4k fragments per second         ||
||   55% completed, 6.2 mins elapsed, rate=82.4k fragments per second         ||
||   56% completed, 6.4 mins elapsed, rate=42.7k fragments per second         ||
||   57% completed, 6.4 mins elapsed, rate=42.8k fragments per second         ||
||   57% completed, 6.5 mins elapsed, rate=42.8k fragments per second         ||
||   58% completed, 6.5 mins elapsed, rate=42.8k fragments per second         ||
||   58% completed, 6.6 mins elapsed, rate=42.9k fragments per second         ||
||   58% completed, 6.6 mins elapsed, rate=42.9k fragments per second         ||
||   59% completed, 6.6 mins elapsed, rate=42.9k fragments per second         ||
||   59% completed, 6.7 mins elapsed, rate=43.0k fragments per second         ||
||   60% completed, 6.7 mins elapsed, rate=43.0k fragments per second         ||
||   60% completed, 6.8 mins elapsed, rate=43.0k fragments per second         ||
|| Start read mapping in chunk.                                               ||
||   61% completed, 6.8 mins elapsed, rate=76.4k fragments per second         ||
||   67% completed, 7.1 mins elapsed, rate=79.1k fragments per second         ||
||   69% completed, 7.3 mins elapsed, rate=45.6k fragments per second         ||
||   69% completed, 7.3 mins elapsed, rate=45.6k fragments per second         ||
||   69% completed, 7.4 mins elapsed, rate=45.5k fragments per second         ||
||   70% completed, 7.4 mins elapsed, rate=45.5k fragments per second         ||
||   70% completed, 7.5 mins elapsed, rate=45.5k fragments per second         ||
||   71% completed, 7.5 mins elapsed, rate=45.5k fragments per second         ||
||   71% completed, 7.6 mins elapsed, rate=45.5k fragments per second         ||
||   72% completed, 7.6 mins elapsed, rate=45.5k fragments per second         ||
||   72% completed, 7.6 mins elapsed, rate=45.5k fragments per second         ||
|| Start read mapping in chunk.                                               ||
||   73% completed, 7.8 mins elapsed, rate=73.1k fragments per second         ||
||   79% completed, 8.1 mins elapsed, rate=75.7k fragments per second         ||
||   81% completed, 8.2 mins elapsed, rate=47.4k fragments per second         ||
||   81% completed, 8.3 mins elapsed, rate=47.4k fragments per second         ||
||   82% completed, 8.3 mins elapsed, rate=47.3k fragments per second         ||
||   82% completed, 8.4 mins elapsed, rate=47.3k fragments per second         ||
||   83% completed, 8.4 mins elapsed, rate=47.2k fragments per second         ||
||   83% completed, 8.5 mins elapsed, rate=47.2k fragments per second         ||
||   83% completed, 8.5 mins elapsed, rate=47.2k fragments per second         ||
||   84% completed, 8.6 mins elapsed, rate=47.1k fragments per second         ||
||   84% completed, 8.6 mins elapsed, rate=47.1k fragments per second         ||
||   85% completed, 8.7 mins elapsed, rate=47.1k fragments per second         ||
|| Start read mapping in chunk.                                               ||
||   85% completed, 8.8 mins elapsed, rate=71.2k fragments per second         ||
||   92% completed, 9.0 mins elapsed, rate=73.7k fragments per second         ||
||   93% completed, 9.1 mins elapsed, rate=49.1k fragments per second         ||
||   94% completed, 9.2 mins elapsed, rate=49.0k fragments per second         ||
||   94% completed, 9.2 mins elapsed, rate=48.9k fragments per second         ||
||   94% completed, 9.3 mins elapsed, rate=48.8k fragments per second         ||
||   95% completed, 9.4 mins elapsed, rate=48.8k fragments per second         ||
||   95% completed, 9.4 mins elapsed, rate=48.7k fragments per second         ||
||   96% completed, 9.5 mins elapsed, rate=48.7k fragments per second         ||
||   96% completed, 9.5 mins elapsed, rate=48.6k fragments per second         ||
||   96% completed, 9.6 mins elapsed, rate=48.5k fragments per second         ||
||   97% completed, 9.6 mins elapsed, rate=48.5k fragments per second         ||
|| Start read mapping in chunk.                                               ||
||   97% completed, 9.7 mins elapsed, rate=70.1k fragments per second         ||
||   99% completed, 9.8 mins elapsed, rate=48.6k fragments per second         ||
||   99% completed, 9.8 mins elapsed, rate=48.6k fragments per second         ||
||   99% completed, 9.8 mins elapsed, rate=48.6k fragments per second         ||
||   99% completed, 9.8 mins elapsed, rate=48.6k fragments per second         ||
||   99% completed, 9.8 mins elapsed, rate=48.6k fragments per second         ||
||   99% completed, 9.8 mins elapsed, rate=48.5k fragments per second         ||
||   99% completed, 9.8 mins elapsed, rate=48.5k fragments per second         ||
||   99% completed, 9.8 mins elapsed, rate=48.5k fragments per second         ||
||   99% completed, 9.9 mins elapsed, rate=48.5k fragments per second         ||
|| Sort the reads...                                                          ||
||                                                                            ||
||                           Completed successfully.                          ||
||                                                                            ||
\\====================================    ====================================//

//================================   Summary =================================\\
||                                                                            ||
||             Total fragments : 28,701,052                                   ||
||                      Mapped : 27,222,311 (94.8%)                           ||
||             Uniquely mapped : 27,222,311                                   ||
||               Multi-mapping : 0                                            ||
||                                                                            ||
||                    Unmapped : 1,478,741                                    ||
||                                                                            ||
||             Properly paired : 22,775,363                                   ||
||         Not properly paired : 4,446,948                                    ||
||                   Singleton : 2,252,070                                    ||
||                    Chimeric : 98,304                                       ||
||       Unexpected strandness : 37,489                                       ||
||  Unexpected fragment length : 2,028,166                                    ||
||       Unexpected read order : 30,919                                       ||
||                                                                            ||
||                      Indels : 164,701                                      ||
||                                                                            ||
||                Running time : 19.8 minutes                                 ||
||                                                                            ||
\\============================================================================//

