
        ==========     _____ _    _ ____  _____  ______          _____  
        =====         / ____| |  | |  _ \|  __ \|  ____|   /\   |  __ \ 
          =====      | (___ | |  | | |_) | |__) | |__     /  \  | |  | |
            ====      \___ \| |  | |  _ <|  _  /|  __|   / /\ \ | |  | |
              ====    ____) | |__| | |_) | | \ \| |____ / ____ \| |__| |
        ==========   |_____/ \____/|____/|_|  \_\______/_/    \_\_____/
	  v2.0.1

//================================= setting ==================================\\
||                                                                            ||
|| Function      : Read alignment (RNA-Seq)                                   ||
|| Input file 1  : HSDL2_clean_R1.fastq.gz                                    ||
|| Input file 2  : HSDL2_clean_R2.fastq.gz                                    ||
|| Output file   : HSDL2.bam (BAM), Sorted                                    ||
|| Index name    : maize-genome-V4                                            ||
||                                                                            ||
||                    ------------------------------------                    ||
||                                                                            ||
||                               Threads : 16                                 ||
||                          Phred offset : 33                                 ||
||               # of extracted subreads : 10                                 ||
||                        Min read1 vote : 3                                  ||
||                        Min read2 vote : 1                                  ||
||                     Max fragment size : 600                                ||
||                     Min fragment size : 50                                 ||
||                        Max mismatches : 3                                  ||
||                      Max indel length : 5                                  ||
||            Report multi-mapping reads : no                                 ||
|| Max alignments per multi-mapping read : 1                                  ||
||                       Read group name : HSDL2                              ||
||                                                                            ||
\\============================================================================//

//================ Running (23-Apr-2021 17:35:58, pid=997732) ================\\
||                                                                            ||
|| Check the input reads.                                                     ||
|| The input file contains base space reads.                                  ||
|| Initialise the memory objects.                                             ||
|| Estimate the mean read length.                                             ||
|| The range of Phred scores observed in the data is [2,37]                   ||
|| Create the output BAM file.                                                ||
|| Check the index.                                                           ||
|| Init the voting space.                                                     ||
|| Global environment is initialised.                                         ||
|| Load the 1-th index block...                                               ||
|| The index block has been loaded.                                           ||
|| Start read mapping in chunk.                                               ||
||    0% completed, 0.3 mins elapsed, rate=100.1k fragments per second        ||
||    6% completed, 0.6 mins elapsed, rate=118.8k fragments per second        ||
||   Estimated fragment length : 271 bp                                       ||
||    9% completed, 0.7 mins elapsed, rate=59.1k fragments per second         ||
||    9% completed, 0.7 mins elapsed, rate=59.9k fragments per second         ||
||   10% completed, 0.7 mins elapsed, rate=60.6k fragments per second         ||
||   10% completed, 0.8 mins elapsed, rate=61.3k fragments per second         ||
||   11% completed, 0.8 mins elapsed, rate=62.0k fragments per second         ||
||   11% completed, 0.8 mins elapsed, rate=62.6k fragments per second         ||
||   12% completed, 0.8 mins elapsed, rate=62.8k fragments per second         ||
||   12% completed, 0.9 mins elapsed, rate=63.2k fragments per second         ||
||   12% completed, 0.9 mins elapsed, rate=63.7k fragments per second         ||
||   13% completed, 0.9 mins elapsed, rate=64.1k fragments per second         ||
|| Start read mapping in chunk.                                               ||
||   13% completed, 1.0 mins elapsed, rate=91.4k fragments per second         ||
||   20% completed, 1.2 mins elapsed, rate=100.9k fragments per second        ||
||   22% completed, 1.3 mins elapsed, rate=74.8k fragments per second         ||
||   23% completed, 1.4 mins elapsed, rate=74.4k fragments per second         ||
||   23% completed, 1.4 mins elapsed, rate=74.0k fragments per second         ||
||   24% completed, 1.4 mins elapsed, rate=73.6k fragments per second         ||
||   24% completed, 1.5 mins elapsed, rate=73.3k fragments per second         ||
||   24% completed, 1.5 mins elapsed, rate=72.9k fragments per second         ||
||   25% completed, 1.5 mins elapsed, rate=72.5k fragments per second         ||
||   25% completed, 1.6 mins elapsed, rate=72.3k fragments per second         ||
||   26% completed, 1.6 mins elapsed, rate=72.0k fragments per second         ||
||   26% completed, 1.6 mins elapsed, rate=71.7k fragments per second         ||
|| Start read mapping in chunk.                                               ||
||   27% completed, 1.7 mins elapsed, rate=86.2k fragments per second         ||
||   33% completed, 1.9 mins elapsed, rate=92.3k fragments per second         ||
||   36% completed, 2.0 mins elapsed, rate=76.9k fragments per second         ||
||   36% completed, 2.1 mins elapsed, rate=76.2k fragments per second         ||
||   36% completed, 2.1 mins elapsed, rate=75.5k fragments per second         ||
||   37% completed, 2.2 mins elapsed, rate=74.9k fragments per second         ||
||   37% completed, 2.2 mins elapsed, rate=74.3k fragments per second         ||
||   38% completed, 2.3 mins elapsed, rate=73.8k fragments per second         ||
||   38% completed, 2.3 mins elapsed, rate=73.3k fragments per second         ||
||   39% completed, 2.3 mins elapsed, rate=72.8k fragments per second         ||
||   39% completed, 2.4 mins elapsed, rate=72.2k fragments per second         ||
||   40% completed, 2.4 mins elapsed, rate=71.8k fragments per second         ||
|| Start read mapping in chunk.                                               ||
||   40% completed, 2.5 mins elapsed, rate=80.8k fragments per second         ||
||   47% completed, 2.7 mins elapsed, rate=85.7k fragments per second         ||
||   49% completed, 2.9 mins elapsed, rate=75.4k fragments per second         ||
||   49% completed, 2.9 mins elapsed, rate=74.8k fragments per second         ||
||   50% completed, 3.0 mins elapsed, rate=74.2k fragments per second         ||
||   50% completed, 3.0 mins elapsed, rate=73.6k fragments per second         ||
||   51% completed, 3.1 mins elapsed, rate=73.0k fragments per second         ||
||   51% completed, 3.1 mins elapsed, rate=72.4k fragments per second         ||
||   52% completed, 3.2 mins elapsed, rate=71.9k fragments per second         ||
||   52% completed, 3.2 mins elapsed, rate=71.3k fragments per second         ||
||   52% completed, 3.3 mins elapsed, rate=70.8k fragments per second         ||
||   53% completed, 3.3 mins elapsed, rate=70.3k fragments per second         ||
|| Start read mapping in chunk.                                               ||
||   53% completed, 3.4 mins elapsed, rate=76.6k fragments per second         ||
||   60% completed, 3.6 mins elapsed, rate=80.4k fragments per second         ||
||   62% completed, 3.8 mins elapsed, rate=72.7k fragments per second         ||
||   63% completed, 3.8 mins elapsed, rate=72.0k fragments per second         ||
||   63% completed, 3.9 mins elapsed, rate=71.4k fragments per second         ||
||   64% completed, 3.9 mins elapsed, rate=70.9k fragments per second         ||
||   64% completed, 4.0 mins elapsed, rate=70.3k fragments per second         ||
||   65% completed, 4.1 mins elapsed, rate=69.8k fragments per second         ||
||   65% completed, 4.1 mins elapsed, rate=69.3k fragments per second         ||
||   65% completed, 4.2 mins elapsed, rate=68.7k fragments per second         ||
||   66% completed, 4.2 mins elapsed, rate=68.3k fragments per second         ||
|| Start read mapping in chunk.                                               ||
||   67% completed, 4.4 mins elapsed, rate=72.6k fragments per second         ||
||   74% completed, 4.6 mins elapsed, rate=75.7k fragments per second         ||
||   76% completed, 4.7 mins elapsed, rate=70.0k fragments per second         ||
||   76% completed, 4.8 mins elapsed, rate=69.5k fragments per second         ||
||   77% completed, 4.9 mins elapsed, rate=69.0k fragments per second         ||
||   77% completed, 4.9 mins elapsed, rate=68.5k fragments per second         ||
||   78% completed, 5.0 mins elapsed, rate=68.0k fragments per second         ||
||   78% completed, 5.1 mins elapsed, rate=67.5k fragments per second         ||
||   78% completed, 5.1 mins elapsed, rate=67.0k fragments per second         ||
||   79% completed, 5.2 mins elapsed, rate=66.6k fragments per second         ||
||   79% completed, 5.2 mins elapsed, rate=66.2k fragments per second         ||
||   80% completed, 5.3 mins elapsed, rate=65.7k fragments per second         ||
|| Start read mapping in chunk.                                               ||
||   80% completed, 5.4 mins elapsed, rate=69.4k fragments per second         ||
||   87% completed, 5.6 mins elapsed, rate=71.9k fragments per second         ||
||   89% completed, 5.8 mins elapsed, rate=67.5k fragments per second         ||
||   90% completed, 5.8 mins elapsed, rate=67.0k fragments per second         ||
||   90% completed, 5.9 mins elapsed, rate=66.6k fragments per second         ||
||   91% completed, 6.0 mins elapsed, rate=66.1k fragments per second         ||
||   91% completed, 6.1 mins elapsed, rate=65.7k fragments per second         ||
||   92% completed, 6.1 mins elapsed, rate=65.3k fragments per second         ||
||   92% completed, 6.2 mins elapsed, rate=64.9k fragments per second         ||
||   92% completed, 6.3 mins elapsed, rate=64.5k fragments per second         ||
||   93% completed, 6.3 mins elapsed, rate=64.1k fragments per second         ||
||   93% completed, 6.4 mins elapsed, rate=63.7k fragments per second         ||
|| Start read mapping in chunk.                                               ||
||   94% completed, 6.5 mins elapsed, rate=66.6k fragments per second         ||
||   98% completed, 6.6 mins elapsed, rate=64.2k fragments per second         ||
||   98% completed, 6.7 mins elapsed, rate=64.0k fragments per second         ||
||   98% completed, 6.7 mins elapsed, rate=63.8k fragments per second         ||
||   98% completed, 6.7 mins elapsed, rate=63.6k fragments per second         ||
||   98% completed, 6.8 mins elapsed, rate=63.5k fragments per second         ||
||   99% completed, 6.8 mins elapsed, rate=63.3k fragments per second         ||
||   99% completed, 6.8 mins elapsed, rate=63.1k fragments per second         ||
||   99% completed, 6.9 mins elapsed, rate=63.0k fragments per second         ||
||   99% completed, 6.9 mins elapsed, rate=62.8k fragments per second         ||
|| Sort the reads...                                                          ||
||                                                                            ||
||                           Completed successfully.                          ||
||                                                                            ||
\\====================================    ====================================//

//================================   Summary =================================\\
||                                                                            ||
||             Total fragments : 26,043,461                                   ||
||                      Mapped : 24,368,031 (93.6%)                           ||
||             Uniquely mapped : 24,368,031                                   ||
||               Multi-mapping : 0                                            ||
||                                                                            ||
||                    Unmapped : 1,675,430                                    ||
||                                                                            ||
||             Properly paired : 21,273,216                                   ||
||         Not properly paired : 3,094,815                                    ||
||                   Singleton : 1,675,341                                    ||
||                    Chimeric : 72,750                                       ||
||       Unexpected strandness : 29,597                                       ||
||  Unexpected fragment length : 1,286,942                                    ||
||       Unexpected read order : 30,185                                       ||
||                                                                            ||
||                      Indels : 132,946                                      ||
||                                                                            ||
||                Running time : 11.1 minutes                                 ||
||                                                                            ||
\\============================================================================//

