
        ==========     _____ _    _ ____  _____  ______          _____  
        =====         / ____| |  | |  _ \|  __ \|  ____|   /\   |  __ \ 
          =====      | (___ | |  | | |_) | |__) | |__     /  \  | |  | |
            ====      \___ \| |  | |  _ <|  _  /|  __|   / /\ \ | |  | |
              ====    ____) | |__| | |_) | | \ \| |____ / ____ \| |__| |
        ==========   |_____/ \____/|____/|_|  \_\______/_/    \_\_____/
	  v2.0.1

//================================= setting ==================================\\
||                                                                            ||
|| Function      : Read alignment (RNA-Seq)                                   ||
|| Input file 1  : HW153RL3_clean_R1.fastq.gz                                 ||
|| Input file 2  : HW153RL3_clean_R2.fastq.gz                                 ||
|| Output file   : HW153RL3.bam (BAM), Sorted                                 ||
|| Index name    : maize-genome-V4                                            ||
||                                                                            ||
||                    ------------------------------------                    ||
||                                                                            ||
||                               Threads : 16                                 ||
||                          Phred offset : 33                                 ||
||               # of extracted subreads : 10                                 ||
||                        Min read1 vote : 3                                  ||
||                        Min read2 vote : 1                                  ||
||                     Max fragment size : 600                                ||
||                     Min fragment size : 50                                 ||
||                        Max mismatches : 3                                  ||
||                      Max indel length : 5                                  ||
||            Report multi-mapping reads : no                                 ||
|| Max alignments per multi-mapping read : 1                                  ||
||                       Read group name : HW153RL3                           ||
||                                                                            ||
\\============================================================================//

//=============== Running (23-Apr-2021 17:51:59, pid=1359035) ================\\
||                                                                            ||
|| Check the input reads.                                                     ||
|| The input file contains base space reads.                                  ||
|| Initialise the memory objects.                                             ||
|| Estimate the mean read length.                                             ||
|| The range of Phred scores observed in the data is [2,37]                   ||
|| Create the output BAM file.                                                ||
|| Check the index.                                                           ||
|| Init the voting space.                                                     ||
|| Global environment is initialised.                                         ||
|| Load the 1-th index block...                                               ||
|| The index block has been loaded.                                           ||
|| Start read mapping in chunk.                                               ||
||    0% completed, 0.2 mins elapsed, rate=113.8k fragments per second        ||
||    7% completed, 0.4 mins elapsed, rate=144.5k fragments per second        ||
||   Estimated fragment length : 295 bp                                       ||
||    8% completed, 0.5 mins elapsed, rate=84.9k fragments per second         ||
||    9% completed, 0.5 mins elapsed, rate=86.1k fragments per second         ||
||    9% completed, 0.5 mins elapsed, rate=87.1k fragments per second         ||
||   10% completed, 0.5 mins elapsed, rate=88.2k fragments per second         ||
||   10% completed, 0.5 mins elapsed, rate=89.2k fragments per second         ||
||   10% completed, 0.6 mins elapsed, rate=90.3k fragments per second         ||
||   11% completed, 0.6 mins elapsed, rate=91.1k fragments per second         ||
||   11% completed, 0.6 mins elapsed, rate=92.0k fragments per second         ||
||   12% completed, 0.6 mins elapsed, rate=92.8k fragments per second         ||
||   12% completed, 0.6 mins elapsed, rate=93.6k fragments per second         ||
|| Start read mapping in chunk.                                               ||
||   12% completed, 0.7 mins elapsed, rate=120.5k fragments per second        ||
||   19% completed, 0.9 mins elapsed, rate=129.1k fragments per second        ||
||   21% completed, 1.0 mins elapsed, rate=102.0k fragments per second        ||
||   21% completed, 1.0 mins elapsed, rate=101.6k fragments per second        ||
||   22% completed, 1.0 mins elapsed, rate=101.2k fragments per second        ||
||   22% completed, 1.0 mins elapsed, rate=100.9k fragments per second        ||
||   22% completed, 1.1 mins elapsed, rate=100.6k fragments per second        ||
||   23% completed, 1.1 mins elapsed, rate=100.4k fragments per second        ||
||   23% completed, 1.1 mins elapsed, rate=100.1k fragments per second        ||
||   24% completed, 1.1 mins elapsed, rate=99.8k fragments per second         ||
||   24% completed, 1.2 mins elapsed, rate=99.6k fragments per second         ||
|| Start read mapping in chunk.                                               ||
||   25% completed, 1.2 mins elapsed, rate=112.7k fragments per second        ||
||   32% completed, 1.4 mins elapsed, rate=119.3k fragments per second        ||
||   33% completed, 1.5 mins elapsed, rate=103.1k fragments per second        ||
||   34% completed, 1.6 mins elapsed, rate=102.5k fragments per second        ||
||   34% completed, 1.6 mins elapsed, rate=101.9k fragments per second        ||
||   35% completed, 1.6 mins elapsed, rate=101.4k fragments per second        ||
||   35% completed, 1.6 mins elapsed, rate=100.8k fragments per second        ||
||   35% completed, 1.7 mins elapsed, rate=100.2k fragments per second        ||
||   36% completed, 1.7 mins elapsed, rate=99.7k fragments per second         ||
||   36% completed, 1.7 mins elapsed, rate=99.3k fragments per second         ||
||   37% completed, 1.7 mins elapsed, rate=98.8k fragments per second         ||
||   37% completed, 1.8 mins elapsed, rate=98.4k fragments per second         ||
|| Start read mapping in chunk.                                               ||
||   37% completed, 1.8 mins elapsed, rate=106.9k fragments per second        ||
||   44% completed, 2.0 mins elapsed, rate=112.0k fragments per second        ||
||   46% completed, 2.1 mins elapsed, rate=101.1k fragments per second        ||
||   46% completed, 2.2 mins elapsed, rate=100.5k fragments per second        ||
||   47% completed, 2.2 mins elapsed, rate=99.8k fragments per second         ||
||   47% completed, 2.2 mins elapsed, rate=99.3k fragments per second         ||
||   47% completed, 2.3 mins elapsed, rate=98.7k fragments per second         ||
||   48% completed, 2.3 mins elapsed, rate=98.1k fragments per second         ||
||   48% completed, 2.3 mins elapsed, rate=97.5k fragments per second         ||
||   49% completed, 2.4 mins elapsed, rate=96.9k fragments per second         ||
||   49% completed, 2.4 mins elapsed, rate=96.4k fragments per second         ||
|| Start read mapping in chunk.                                               ||
||   50% completed, 2.5 mins elapsed, rate=101.8k fragments per second        ||
||   57% completed, 2.7 mins elapsed, rate=105.8k fragments per second        ||
||   58% completed, 2.8 mins elapsed, rate=97.8k fragments per second         ||
||   59% completed, 2.8 mins elapsed, rate=97.2k fragments per second         ||
||   59% completed, 2.9 mins elapsed, rate=96.6k fragments per second         ||
||   60% completed, 2.9 mins elapsed, rate=96.0k fragments per second         ||
||   60% completed, 2.9 mins elapsed, rate=95.5k fragments per second         ||
||   60% completed, 3.0 mins elapsed, rate=94.9k fragments per second         ||
||   61% completed, 3.0 mins elapsed, rate=94.4k fragments per second         ||
||   61% completed, 3.1 mins elapsed, rate=93.9k fragments per second         ||
||   62% completed, 3.1 mins elapsed, rate=93.4k fragments per second         ||
||   62% completed, 3.1 mins elapsed, rate=93.0k fragments per second         ||
|| Start read mapping in chunk.                                               ||
||   63% completed, 3.2 mins elapsed, rate=97.5k fragments per second         ||
||   69% completed, 3.4 mins elapsed, rate=100.9k fragments per second        ||
||   71% completed, 3.5 mins elapsed, rate=94.6k fragments per second         ||
||   71% completed, 3.5 mins elapsed, rate=94.0k fragments per second         ||
||   72% completed, 3.6 mins elapsed, rate=93.5k fragments per second         ||
||   72% completed, 3.6 mins elapsed, rate=93.0k fragments per second         ||
||   73% completed, 3.7 mins elapsed, rate=92.5k fragments per second         ||
||   73% completed, 3.7 mins elapsed, rate=92.0k fragments per second         ||
||   74% completed, 3.8 mins elapsed, rate=91.5k fragments per second         ||
||   74% completed, 3.8 mins elapsed, rate=91.0k fragments per second         ||
||   74% completed, 3.8 mins elapsed, rate=90.5k fragments per second         ||
|| Start read mapping in chunk.                                               ||
||   75% completed, 3.9 mins elapsed, rate=93.7k fragments per second         ||
||   82% completed, 4.1 mins elapsed, rate=96.7k fragments per second         ||
||   84% completed, 4.3 mins elapsed, rate=91.7k fragments per second         ||
||   84% completed, 4.3 mins elapsed, rate=91.2k fragments per second         ||
||   84% completed, 4.3 mins elapsed, rate=90.7k fragments per second         ||
||   85% completed, 4.4 mins elapsed, rate=90.2k fragments per second         ||
||   85% completed, 4.4 mins elapsed, rate=89.7k fragments per second         ||
||   86% completed, 4.5 mins elapsed, rate=89.3k fragments per second         ||
||   86% completed, 4.5 mins elapsed, rate=88.8k fragments per second         ||
||   87% completed, 4.6 mins elapsed, rate=88.4k fragments per second         ||
||   87% completed, 4.6 mins elapsed, rate=88.0k fragments per second         ||
||   87% completed, 4.7 mins elapsed, rate=87.6k fragments per second         ||
|| Start read mapping in chunk.                                               ||
||   88% completed, 4.7 mins elapsed, rate=90.5k fragments per second         ||
||   95% completed, 4.9 mins elapsed, rate=93.1k fragments per second         ||
||   96% completed, 5.0 mins elapsed, rate=89.0k fragments per second         ||
||   96% completed, 5.1 mins elapsed, rate=88.6k fragments per second         ||
||   97% completed, 5.1 mins elapsed, rate=88.1k fragments per second         ||
||   97% completed, 5.2 mins elapsed, rate=87.7k fragments per second         ||
||   98% completed, 5.2 mins elapsed, rate=87.3k fragments per second         ||
||   98% completed, 5.2 mins elapsed, rate=86.9k fragments per second         ||
||   98% completed, 5.3 mins elapsed, rate=86.5k fragments per second         ||
||   99% completed, 5.3 mins elapsed, rate=86.1k fragments per second         ||
||   99% completed, 5.4 mins elapsed, rate=85.8k fragments per second         ||
|| Sort the reads...                                                          ||
||                                                                            ||
||                           Completed successfully.                          ||
||                                                                            ||
\\====================================    ====================================//

//================================   Summary =================================\\
||                                                                            ||
||             Total fragments : 27,783,912                                   ||
||                      Mapped : 26,390,429 (95.0%)                           ||
||             Uniquely mapped : 26,390,429                                   ||
||               Multi-mapping : 0                                            ||
||                                                                            ||
||                    Unmapped : 1,393,483                                    ||
||                                                                            ||
||             Properly paired : 21,996,302                                   ||
||         Not properly paired : 4,394,127                                    ||
||                   Singleton : 2,256,980                                    ||
||                    Chimeric : 103,418                                      ||
||       Unexpected strandness : 34,854                                       ||
||  Unexpected fragment length : 1,971,140                                    ||
||       Unexpected read order : 27,735                                       ||
||                                                                            ||
||                      Indels : 166,113                                      ||
||                                                                            ||
||                Running time : 11.3 minutes                                 ||
||                                                                            ||
\\============================================================================//

