
        ==========     _____ _    _ ____  _____  ______          _____  
        =====         / ____| |  | |  _ \|  __ \|  ____|   /\   |  __ \ 
          =====      | (___ | |  | | |_) | |__) | |__     /  \  | |  | |
            ====      \___ \| |  | |  _ <|  _  /|  __|   / /\ \ | |  | |
              ====    ____) | |__| | |_) | | \ \| |____ / ____ \| |__| |
        ==========   |_____/ \____/|____/|_|  \_\______/_/    \_\_____/
	  v2.0.1

//================================= setting ==================================\\
||                                                                            ||
|| Function      : Read alignment (RNA-Seq)                                   ||
|| Input file 1  : HW153RR3_clean_R1.fastq.gz                                 ||
|| Input file 2  : HW153RR3_clean_R2.fastq.gz                                 ||
|| Output file   : HW153RR3.bam (BAM), Sorted                                 ||
|| Index name    : maize-genome-V4                                            ||
||                                                                            ||
||                    ------------------------------------                    ||
||                                                                            ||
||                               Threads : 16                                 ||
||                          Phred offset : 33                                 ||
||               # of extracted subreads : 10                                 ||
||                        Min read1 vote : 3                                  ||
||                        Min read2 vote : 1                                  ||
||                     Max fragment size : 600                                ||
||                     Min fragment size : 50                                 ||
||                        Max mismatches : 3                                  ||
||                      Max indel length : 5                                  ||
||            Report multi-mapping reads : no                                 ||
|| Max alignments per multi-mapping read : 1                                  ||
||                       Read group name : HW153RR3                           ||
||                                                                            ||
\\============================================================================//

//================ Running (23-Apr-2021 17:53:40, pid=989112) ================\\
||                                                                            ||
|| Check the input reads.                                                     ||
|| The input file contains base space reads.                                  ||
|| Initialise the memory objects.                                             ||
|| Estimate the mean read length.                                             ||
|| The range of Phred scores observed in the data is [2,37]                   ||
|| Create the output BAM file.                                                ||
|| Check the index.                                                           ||
|| Init the voting space.                                                     ||
|| Global environment is initialised.                                         ||
|| Load the 1-th index block...                                               ||
|| The index block has been loaded.                                           ||
|| Start read mapping in chunk.                                               ||
||    0% completed, 0.4 mins elapsed, rate=77.7k fragments per second         ||
||    7% completed, 0.7 mins elapsed, rate=111.7k fragments per second        ||
||   Estimated fragment length : 273 bp                                       ||
||    9% completed, 0.8 mins elapsed, rate=49.7k fragments per second         ||
||   10% completed, 0.8 mins elapsed, rate=51.0k fragments per second         ||
||   10% completed, 0.9 mins elapsed, rate=52.4k fragments per second         ||
||   11% completed, 0.9 mins elapsed, rate=53.6k fragments per second         ||
||   11% completed, 0.9 mins elapsed, rate=54.7k fragments per second         ||
||   12% completed, 0.9 mins elapsed, rate=55.9k fragments per second         ||
||   12% completed, 0.9 mins elapsed, rate=57.0k fragments per second         ||
||   13% completed, 0.9 mins elapsed, rate=58.2k fragments per second         ||
||   13% completed, 1.0 mins elapsed, rate=59.2k fragments per second         ||
|| Start read mapping in chunk.                                               ||
||   14% completed, 1.1 mins elapsed, rate=90.8k fragments per second         ||
||   21% completed, 1.3 mins elapsed, rate=98.8k fragments per second         ||
||   23% completed, 1.4 mins elapsed, rate=68.3k fragments per second         ||
||   24% completed, 1.5 mins elapsed, rate=68.9k fragments per second         ||
||   24% completed, 1.5 mins elapsed, rate=69.4k fragments per second         ||
||   25% completed, 1.5 mins elapsed, rate=70.0k fragments per second         ||
||   25% completed, 1.5 mins elapsed, rate=70.6k fragments per second         ||
||   26% completed, 1.5 mins elapsed, rate=71.0k fragments per second         ||
||   26% completed, 1.6 mins elapsed, rate=71.5k fragments per second         ||
||   27% completed, 1.6 mins elapsed, rate=71.9k fragments per second         ||
||   27% completed, 1.6 mins elapsed, rate=72.4k fragments per second         ||
||   28% completed, 1.6 mins elapsed, rate=72.9k fragments per second         ||
|| Start read mapping in chunk.                                               ||
||   28% completed, 1.7 mins elapsed, rate=94.2k fragments per second         ||
||   35% completed, 1.9 mins elapsed, rate=98.1k fragments per second         ||
||   38% completed, 2.1 mins elapsed, rate=75.5k fragments per second         ||
||   38% completed, 2.1 mins elapsed, rate=75.7k fragments per second         ||
||   38% completed, 2.1 mins elapsed, rate=76.0k fragments per second         ||
||   39% completed, 2.1 mins elapsed, rate=76.3k fragments per second         ||
||   39% completed, 2.2 mins elapsed, rate=76.6k fragments per second         ||
||   40% completed, 2.2 mins elapsed, rate=76.9k fragments per second         ||
||   40% completed, 2.2 mins elapsed, rate=77.2k fragments per second         ||
||   41% completed, 2.2 mins elapsed, rate=77.5k fragments per second         ||
||   41% completed, 2.2 mins elapsed, rate=77.8k fragments per second         ||
||   42% completed, 2.2 mins elapsed, rate=78.0k fragments per second         ||
|| Start read mapping in chunk.                                               ||
||   42% completed, 2.3 mins elapsed, rate=93.2k fragments per second         ||
||   49% completed, 2.5 mins elapsed, rate=96.1k fragments per second         ||
||   52% completed, 2.7 mins elapsed, rate=79.9k fragments per second         ||
||   52% completed, 2.7 mins elapsed, rate=80.0k fragments per second         ||
||   53% completed, 2.7 mins elapsed, rate=80.2k fragments per second         ||
||   53% completed, 2.8 mins elapsed, rate=80.4k fragments per second         ||
||   53% completed, 2.8 mins elapsed, rate=80.6k fragments per second         ||
||   54% completed, 2.8 mins elapsed, rate=80.8k fragments per second         ||
||   54% completed, 2.8 mins elapsed, rate=81.0k fragments per second         ||
||   55% completed, 2.8 mins elapsed, rate=81.2k fragments per second         ||
||   55% completed, 2.8 mins elapsed, rate=81.4k fragments per second         ||
||   56% completed, 2.9 mins elapsed, rate=81.6k fragments per second         ||
|| Start read mapping in chunk.                                               ||
||   56% completed, 2.9 mins elapsed, rate=93.5k fragments per second         ||
||   63% completed, 3.2 mins elapsed, rate=94.4k fragments per second         ||
||   66% completed, 3.4 mins elapsed, rate=81.5k fragments per second         ||
||   66% completed, 3.4 mins elapsed, rate=81.3k fragments per second         ||
||   67% completed, 3.4 mins elapsed, rate=81.4k fragments per second         ||
||   67% completed, 3.4 mins elapsed, rate=81.6k fragments per second         ||
||   68% completed, 3.4 mins elapsed, rate=81.7k fragments per second         ||
||   68% completed, 3.5 mins elapsed, rate=81.8k fragments per second         ||
||   68% completed, 3.5 mins elapsed, rate=81.9k fragments per second         ||
||   69% completed, 3.5 mins elapsed, rate=82.1k fragments per second         ||
||   69% completed, 3.5 mins elapsed, rate=82.2k fragments per second         ||
|| Start read mapping in chunk.                                               ||
||   70% completed, 3.6 mins elapsed, rate=90.9k fragments per second         ||
||   77% completed, 3.9 mins elapsed, rate=92.6k fragments per second         ||
||   80% completed, 4.1 mins elapsed, rate=81.9k fragments per second         ||
||   80% completed, 4.1 mins elapsed, rate=81.8k fragments per second         ||
||   81% completed, 4.1 mins elapsed, rate=81.8k fragments per second         ||
||   81% completed, 4.1 mins elapsed, rate=81.9k fragments per second         ||
||   82% completed, 4.1 mins elapsed, rate=82.0k fragments per second         ||
||   82% completed, 4.2 mins elapsed, rate=82.1k fragments per second         ||
||   83% completed, 4.2 mins elapsed, rate=82.0k fragments per second         ||
||   83% completed, 4.2 mins elapsed, rate=82.0k fragments per second         ||
||   83% completed, 4.2 mins elapsed, rate=82.1k fragments per second         ||
||   84% completed, 4.2 mins elapsed, rate=82.2k fragments per second         ||
|| Start read mapping in chunk.                                               ||
||   84% completed, 4.3 mins elapsed, rate=89.4k fragments per second         ||
||   92% completed, 4.6 mins elapsed, rate=91.4k fragments per second         ||
||   94% completed, 4.7 mins elapsed, rate=82.4k fragments per second         ||
||   94% completed, 4.8 mins elapsed, rate=82.5k fragments per second         ||
||   95% completed, 4.8 mins elapsed, rate=82.6k fragments per second         ||
||   95% completed, 4.8 mins elapsed, rate=82.6k fragments per second         ||
||   96% completed, 4.8 mins elapsed, rate=82.5k fragments per second         ||
||   96% completed, 4.8 mins elapsed, rate=82.5k fragments per second         ||
||   97% completed, 4.9 mins elapsed, rate=82.5k fragments per second         ||
||   97% completed, 4.9 mins elapsed, rate=82.5k fragments per second         ||
||   98% completed, 4.9 mins elapsed, rate=82.6k fragments per second         ||
||   98% completed, 4.9 mins elapsed, rate=82.7k fragments per second         ||
|| Start read mapping in chunk.                                               ||
||   98% completed, 5.0 mins elapsed, rate=89.3k fragments per second         ||
||   99% completed, 5.0 mins elapsed, rate=81.6k fragments per second         ||
||   99% completed, 5.1 mins elapsed, rate=81.6k fragments per second         ||
||   99% completed, 5.1 mins elapsed, rate=81.6k fragments per second         ||
||   99% completed, 5.1 mins elapsed, rate=81.7k fragments per second         ||
|| Sort the reads...                                                          ||
||                                                                            ||
||                           Completed successfully.                          ||
||                                                                            ||
\\====================================    ====================================//

//================================   Summary =================================\\
||                                                                            ||
||             Total fragments : 24,831,222                                   ||
||                      Mapped : 23,658,428 (95.3%)                           ||
||             Uniquely mapped : 23,658,428                                   ||
||               Multi-mapping : 0                                            ||
||                                                                            ||
||                    Unmapped : 1,172,794                                    ||
||                                                                            ||
||             Properly paired : 19,771,519                                   ||
||         Not properly paired : 3,886,909                                    ||
||                   Singleton : 1,988,951                                    ||
||                    Chimeric : 93,917                                       ||
||       Unexpected strandness : 35,317                                       ||
||  Unexpected fragment length : 1,738,533                                    ||
||       Unexpected read order : 30,191                                       ||
||                                                                            ||
||                      Indels : 203,384                                      ||
||                                                                            ||
||                Running time : 15.6 minutes                                 ||
||                                                                            ||
\\============================================================================//

