
        ==========     _____ _    _ ____  _____  ______          _____  
        =====         / ____| |  | |  _ \|  __ \|  ____|   /\   |  __ \ 
          =====      | (___ | |  | | |_) | |__) | |__     /  \  | |  | |
            ====      \___ \| |  | |  _ <|  _  /|  __|   / /\ \ | |  | |
              ====    ____) | |__| | |_) | | \ \| |____ / ____ \| |__| |
        ==========   |_____/ \____/|____/|_|  \_\______/_/    \_\_____/
	  v2.0.1

//================================= setting ==================================\\
||                                                                            ||
|| Function      : Read alignment (RNA-Seq)                                   ||
|| Input file 1  : HW153RL1_clean_R1.fastq.gz                                 ||
|| Input file 2  : HW153RL1_clean_R2.fastq.gz                                 ||
|| Output file   : HW153RL1.bam (BAM), Sorted                                 ||
|| Index name    : maize-genome-V4                                            ||
||                                                                            ||
||                    ------------------------------------                    ||
||                                                                            ||
||                               Threads : 16                                 ||
||                          Phred offset : 33                                 ||
||               # of extracted subreads : 10                                 ||
||                        Min read1 vote : 3                                  ||
||                        Min read2 vote : 1                                  ||
||                     Max fragment size : 600                                ||
||                     Min fragment size : 50                                 ||
||                        Max mismatches : 3                                  ||
||                      Max indel length : 5                                  ||
||            Report multi-mapping reads : no                                 ||
|| Max alignments per multi-mapping read : 1                                  ||
||                       Read group name : HW153RL1                           ||
||                                                                            ||
\\============================================================================//

//================ Running (23-Apr-2021 17:51:26, pid=988896) ================\\
||                                                                            ||
|| Check the input reads.                                                     ||
|| The input file contains base space reads.                                  ||
|| Initialise the memory objects.                                             ||
|| Estimate the mean read length.                                             ||
|| The range of Phred scores observed in the data is [2,37]                   ||
|| Create the output BAM file.                                                ||
|| Check the index.                                                           ||
|| Init the voting space.                                                     ||
|| Global environment is initialised.                                         ||
|| Load the 1-th index block...                                               ||
|| The index block has been loaded.                                           ||
|| Start read mapping in chunk.                                               ||
||    0% completed, 0.4 mins elapsed, rate=88.2k fragments per second         ||
||    6% completed, 0.6 mins elapsed, rate=130.5k fragments per second        ||
||   Estimated fragment length : 295 bp                                       ||
||    8% completed, 0.7 mins elapsed, rate=58.6k fragments per second         ||
||    8% completed, 0.7 mins elapsed, rate=59.4k fragments per second         ||
||    8% completed, 0.7 mins elapsed, rate=60.2k fragments per second         ||
||    9% completed, 0.8 mins elapsed, rate=61.1k fragments per second         ||
||    9% completed, 0.8 mins elapsed, rate=62.0k fragments per second         ||
||   10% completed, 0.8 mins elapsed, rate=62.8k fragments per second         ||
||   10% completed, 0.8 mins elapsed, rate=63.2k fragments per second         ||
||   10% completed, 0.9 mins elapsed, rate=63.2k fragments per second         ||
||   11% completed, 0.9 mins elapsed, rate=63.7k fragments per second         ||
|| Start read mapping in chunk.                                               ||
||   12% completed, 1.0 mins elapsed, rate=94.4k fragments per second         ||
||   18% completed, 1.2 mins elapsed, rate=106.4k fragments per second        ||
||   19% completed, 1.3 mins elapsed, rate=75.4k fragments per second         ||
||   20% completed, 1.3 mins elapsed, rate=75.1k fragments per second         ||
||   20% completed, 1.4 mins elapsed, rate=74.9k fragments per second         ||
||   20% completed, 1.4 mins elapsed, rate=74.7k fragments per second         ||
||   21% completed, 1.4 mins elapsed, rate=74.5k fragments per second         ||
||   21% completed, 1.5 mins elapsed, rate=74.4k fragments per second         ||
||   22% completed, 1.5 mins elapsed, rate=74.2k fragments per second         ||
||   22% completed, 1.5 mins elapsed, rate=74.0k fragments per second         ||
||   22% completed, 1.6 mins elapsed, rate=73.8k fragments per second         ||
|| Start read mapping in chunk.                                               ||
||   23% completed, 1.7 mins elapsed, rate=90.2k fragments per second         ||
||   30% completed, 1.9 mins elapsed, rate=97.5k fragments per second         ||
||   31% completed, 2.0 mins elapsed, rate=78.3k fragments per second         ||
||   31% completed, 2.0 mins elapsed, rate=77.8k fragments per second         ||
||   32% completed, 2.1 mins elapsed, rate=77.4k fragments per second         ||
||   32% completed, 2.1 mins elapsed, rate=76.9k fragments per second         ||
||   33% completed, 2.2 mins elapsed, rate=76.4k fragments per second         ||
||   33% completed, 2.2 mins elapsed, rate=76.0k fragments per second         ||
||   33% completed, 2.2 mins elapsed, rate=75.6k fragments per second         ||
||   34% completed, 2.3 mins elapsed, rate=75.1k fragments per second         ||
||   34% completed, 2.3 mins elapsed, rate=74.7k fragments per second         ||
||   34% completed, 2.3 mins elapsed, rate=74.4k fragments per second         ||
|| Start read mapping in chunk.                                               ||
||   35% completed, 2.4 mins elapsed, rate=84.9k fragments per second         ||
||   42% completed, 2.7 mins elapsed, rate=89.8k fragments per second         ||
||   43% completed, 2.8 mins elapsed, rate=76.9k fragments per second         ||
||   43% completed, 2.8 mins elapsed, rate=76.3k fragments per second         ||
||   43% completed, 2.9 mins elapsed, rate=75.8k fragments per second         ||
||   44% completed, 2.9 mins elapsed, rate=75.3k fragments per second         ||
||   44% completed, 3.0 mins elapsed, rate=74.9k fragments per second         ||
||   45% completed, 3.0 mins elapsed, rate=74.3k fragments per second         ||
||   45% completed, 3.1 mins elapsed, rate=73.9k fragments per second         ||
||   45% completed, 3.1 mins elapsed, rate=73.4k fragments per second         ||
||   46% completed, 3.2 mins elapsed, rate=73.0k fragments per second         ||
|| Start read mapping in chunk.                                               ||
||   47% completed, 3.3 mins elapsed, rate=79.3k fragments per second         ||
||   53% completed, 3.5 mins elapsed, rate=83.6k fragments per second         ||
||   54% completed, 3.7 mins elapsed, rate=74.1k fragments per second         ||
||   55% completed, 3.7 mins elapsed, rate=73.6k fragments per second         ||
||   55% completed, 3.8 mins elapsed, rate=73.2k fragments per second         ||
||   56% completed, 3.8 mins elapsed, rate=72.7k fragments per second         ||
||   56% completed, 3.9 mins elapsed, rate=72.1k fragments per second         ||
||   56% completed, 4.0 mins elapsed, rate=71.7k fragments per second         ||
||   57% completed, 4.0 mins elapsed, rate=71.2k fragments per second         ||
||   57% completed, 4.1 mins elapsed, rate=70.8k fragments per second         ||
||   58% completed, 4.1 mins elapsed, rate=70.4k fragments per second         ||
|| Start read mapping in chunk.                                               ||
||   58% completed, 4.3 mins elapsed, rate=74.9k fragments per second         ||
||   65% completed, 4.5 mins elapsed, rate=78.0k fragments per second         ||
||   66% completed, 4.7 mins elapsed, rate=71.1k fragments per second         ||
||   66% completed, 4.7 mins elapsed, rate=70.7k fragments per second         ||
||   67% completed, 4.8 mins elapsed, rate=70.3k fragments per second         ||
||   67% completed, 4.8 mins elapsed, rate=69.9k fragments per second         ||
||   68% completed, 4.9 mins elapsed, rate=69.5k fragments per second         ||
||   68% completed, 4.9 mins elapsed, rate=69.1k fragments per second         ||
||   68% completed, 5.0 mins elapsed, rate=68.7k fragments per second         ||
||   69% completed, 5.0 mins elapsed, rate=68.4k fragments per second         ||
||   69% completed, 5.1 mins elapsed, rate=68.0k fragments per second         ||
||   70% completed, 5.2 mins elapsed, rate=67.5k fragments per second         ||
|| Start read mapping in chunk.                                               ||
||   70% completed, 5.3 mins elapsed, rate=71.3k fragments per second         ||
||   77% completed, 5.5 mins elapsed, rate=74.2k fragments per second         ||
||   78% completed, 5.7 mins elapsed, rate=68.7k fragments per second         ||
||   78% completed, 5.7 mins elapsed, rate=68.4k fragments per second         ||
||   79% completed, 5.8 mins elapsed, rate=68.0k fragments per second         ||
||   79% completed, 5.9 mins elapsed, rate=67.5k fragments per second         ||
||   79% completed, 5.9 mins elapsed, rate=67.1k fragments per second         ||
||   80% completed, 6.0 mins elapsed, rate=66.8k fragments per second         ||
||   80% completed, 6.0 mins elapsed, rate=66.5k fragments per second         ||
||   81% completed, 6.1 mins elapsed, rate=66.1k fragments per second         ||
||   81% completed, 6.2 mins elapsed, rate=65.8k fragments per second         ||
||   81% completed, 6.2 mins elapsed, rate=65.5k fragments per second         ||
|| Start read mapping in chunk.                                               ||
||   82% completed, 6.3 mins elapsed, rate=68.7k fragments per second         ||
||   89% completed, 6.6 mins elapsed, rate=71.0k fragments per second         ||
||   90% completed, 6.7 mins elapsed, rate=66.6k fragments per second         ||
||   90% completed, 6.8 mins elapsed, rate=66.2k fragments per second         ||
||   91% completed, 6.9 mins elapsed, rate=65.9k fragments per second         ||
||   91% completed, 6.9 mins elapsed, rate=65.6k fragments per second         ||
||   91% completed, 7.0 mins elapsed, rate=65.3k fragments per second         ||
||   92% completed, 7.0 mins elapsed, rate=65.0k fragments per second         ||
||   92% completed, 7.1 mins elapsed, rate=64.7k fragments per second         ||
||   92% completed, 7.2 mins elapsed, rate=64.3k fragments per second         ||
||   93% completed, 7.2 mins elapsed, rate=64.0k fragments per second         ||
||   93% completed, 7.3 mins elapsed, rate=63.7k fragments per second         ||
|| Start read mapping in chunk.                                               ||
||   94% completed, 7.4 mins elapsed, rate=66.5k fragments per second         ||
||   98% completed, 7.6 mins elapsed, rate=64.3k fragments per second         ||
||   98% completed, 7.6 mins elapsed, rate=64.1k fragments per second         ||
||   98% completed, 7.7 mins elapsed, rate=63.9k fragments per second         ||
||   98% completed, 7.7 mins elapsed, rate=63.8k fragments per second         ||
||   98% completed, 7.7 mins elapsed, rate=63.6k fragments per second         ||
||   99% completed, 7.8 mins elapsed, rate=63.5k fragments per second         ||
||   99% completed, 7.8 mins elapsed, rate=63.3k fragments per second         ||
||   99% completed, 7.8 mins elapsed, rate=63.2k fragments per second         ||
||   99% completed, 7.9 mins elapsed, rate=63.1k fragments per second         ||
|| Sort the reads...                                                          ||
||                                                                            ||
||                           Completed successfully.                          ||
||                                                                            ||
\\====================================    ====================================//

//================================   Summary =================================\\
||                                                                            ||
||             Total fragments : 29,798,173                                   ||
||                      Mapped : 28,066,555 (94.2%)                           ||
||             Uniquely mapped : 28,066,555                                   ||
||               Multi-mapping : 0                                            ||
||                                                                            ||
||                    Unmapped : 1,731,618                                    ||
||                                                                            ||
||             Properly paired : 23,473,819                                   ||
||         Not properly paired : 4,592,736                                    ||
||                   Singleton : 2,473,470                                    ||
||                    Chimeric : 123,918                                      ||
||       Unexpected strandness : 36,721                                       ||
||  Unexpected fragment length : 1,927,781                                    ||
||       Unexpected read order : 30,846                                       ||
||                                                                            ||
||                      Indels : 146,462                                      ||
||                                                                            ||
||                Running time : 20.4 minutes                                 ||
||                                                                            ||
\\============================================================================//

