
        ==========     _____ _    _ ____  _____  ______          _____  
        =====         / ____| |  | |  _ \|  __ \|  ____|   /\   |  __ \ 
          =====      | (___ | |  | | |_) | |__) | |__     /  \  | |  | |
            ====      \___ \| |  | |  _ <|  _  /|  __|   / /\ \ | |  | |
              ====    ____) | |__| | |_) | | \ \| |____ / ____ \| |__| |
        ==========   |_____/ \____/|____/|_|  \_\______/_/    \_\_____/
	  v2.0.1

//================================= setting ==================================\\
||                                                                            ||
|| Function      : Read alignment (RNA-Seq)                                   ||
|| Input file 1  : HW153RR1_clean_R1.fastq.gz                                 ||
|| Input file 2  : HW153RR1_clean_R2.fastq.gz                                 ||
|| Output file   : HW153RR1.bam (BAM), Sorted                                 ||
|| Index name    : maize-genome-V4                                            ||
||                                                                            ||
||                    ------------------------------------                    ||
||                                                                            ||
||                               Threads : 16                                 ||
||                          Phred offset : 33                                 ||
||               # of extracted subreads : 10                                 ||
||                        Min read1 vote : 3                                  ||
||                        Min read2 vote : 1                                  ||
||                     Max fragment size : 600                                ||
||                     Min fragment size : 50                                 ||
||                        Max mismatches : 3                                  ||
||                      Max indel length : 5                                  ||
||            Report multi-mapping reads : no                                 ||
|| Max alignments per multi-mapping read : 1                                  ||
||                       Read group name : HW153RR1                           ||
||                                                                            ||
\\============================================================================//

//=============== Running (23-Apr-2021 17:52:55, pid=1531906) ================\\
||                                                                            ||
|| Check the input reads.                                                     ||
|| The input file contains base space reads.                                  ||
|| Initialise the memory objects.                                             ||
|| Estimate the mean read length.                                             ||
|| The range of Phred scores observed in the data is [2,37]                   ||
|| Create the output BAM file.                                                ||
|| Check the index.                                                           ||
|| Init the voting space.                                                     ||
|| Global environment is initialised.                                         ||
|| Load the 1-th index block...                                               ||
|| The index block has been loaded.                                           ||
|| Start read mapping in chunk.                                               ||
||    0% completed, 0.4 mins elapsed, rate=75.9k fragments per second         ||
||    6% completed, 0.6 mins elapsed, rate=113.5k fragments per second        ||
||   Estimated fragment length : 286 bp                                       ||
||   10% completed, 0.8 mins elapsed, rate=53.5k fragments per second         ||
||   10% completed, 0.8 mins elapsed, rate=54.9k fragments per second         ||
||   11% completed, 0.8 mins elapsed, rate=56.2k fragments per second         ||
||   11% completed, 0.8 mins elapsed, rate=57.5k fragments per second         ||
||   12% completed, 0.8 mins elapsed, rate=58.8k fragments per second         ||
||   13% completed, 0.8 mins elapsed, rate=60.2k fragments per second         ||
||   13% completed, 0.9 mins elapsed, rate=61.5k fragments per second         ||
||   14% completed, 0.9 mins elapsed, rate=62.6k fragments per second         ||
||   14% completed, 0.9 mins elapsed, rate=62.8k fragments per second         ||
|| Start read mapping in chunk.                                               ||
||   15% completed, 1.0 mins elapsed, rate=96.4k fragments per second         ||
||   22% completed, 1.2 mins elapsed, rate=101.4k fragments per second        ||
||   25% completed, 1.4 mins elapsed, rate=72.5k fragments per second         ||
||   25% completed, 1.4 mins elapsed, rate=73.1k fragments per second         ||
||   26% completed, 1.4 mins elapsed, rate=73.7k fragments per second         ||
||   26% completed, 1.4 mins elapsed, rate=74.2k fragments per second         ||
||   27% completed, 1.4 mins elapsed, rate=74.6k fragments per second         ||
||   27% completed, 1.4 mins elapsed, rate=75.2k fragments per second         ||
||   28% completed, 1.5 mins elapsed, rate=75.6k fragments per second         ||
||   28% completed, 1.5 mins elapsed, rate=76.1k fragments per second         ||
||   29% completed, 1.5 mins elapsed, rate=76.5k fragments per second         ||
||   29% completed, 1.5 mins elapsed, rate=77.1k fragments per second         ||
|| Start read mapping in chunk.                                               ||
||   30% completed, 1.6 mins elapsed, rate=97.7k fragments per second         ||
||   37% completed, 1.8 mins elapsed, rate=100.2k fragments per second        ||
||   40% completed, 2.0 mins elapsed, rate=80.2k fragments per second         ||
||   40% completed, 2.0 mins elapsed, rate=80.5k fragments per second         ||
||   41% completed, 2.0 mins elapsed, rate=80.8k fragments per second         ||
||   41% completed, 2.0 mins elapsed, rate=81.1k fragments per second         ||
||   42% completed, 2.0 mins elapsed, rate=81.4k fragments per second         ||
||   42% completed, 2.0 mins elapsed, rate=81.7k fragments per second         ||
||   43% completed, 2.1 mins elapsed, rate=82.0k fragments per second         ||
||   43% completed, 2.1 mins elapsed, rate=82.3k fragments per second         ||
||   44% completed, 2.1 mins elapsed, rate=82.3k fragments per second         ||
||   44% completed, 2.1 mins elapsed, rate=82.2k fragments per second         ||
|| Start read mapping in chunk.                                               ||
||   45% completed, 2.2 mins elapsed, rate=96.8k fragments per second         ||
||   52% completed, 2.4 mins elapsed, rate=98.9k fragments per second         ||
||   55% completed, 2.6 mins elapsed, rate=83.6k fragments per second         ||
||   55% completed, 2.6 mins elapsed, rate=83.8k fragments per second         ||
||   56% completed, 2.6 mins elapsed, rate=84.0k fragments per second         ||
||   56% completed, 2.6 mins elapsed, rate=84.2k fragments per second         ||
||   57% completed, 2.6 mins elapsed, rate=84.4k fragments per second         ||
||   57% completed, 2.7 mins elapsed, rate=84.6k fragments per second         ||
||   58% completed, 2.7 mins elapsed, rate=84.8k fragments per second         ||
||   58% completed, 2.7 mins elapsed, rate=84.5k fragments per second         ||
||   59% completed, 2.7 mins elapsed, rate=84.1k fragments per second         ||
||   59% completed, 2.8 mins elapsed, rate=84.2k fragments per second         ||
|| Start read mapping in chunk.                                               ||
||   60% completed, 2.8 mins elapsed, rate=95.2k fragments per second         ||
||   67% completed, 3.1 mins elapsed, rate=96.9k fragments per second         ||
||   70% completed, 3.2 mins elapsed, rate=84.6k fragments per second         ||
||   71% completed, 3.2 mins elapsed, rate=84.8k fragments per second         ||
||   71% completed, 3.3 mins elapsed, rate=84.9k fragments per second         ||
||   72% completed, 3.3 mins elapsed, rate=85.0k fragments per second         ||
||   72% completed, 3.3 mins elapsed, rate=85.2k fragments per second         ||
||   73% completed, 3.3 mins elapsed, rate=85.3k fragments per second         ||
||   73% completed, 3.3 mins elapsed, rate=85.5k fragments per second         ||
||   74% completed, 3.4 mins elapsed, rate=85.6k fragments per second         ||
||   74% completed, 3.4 mins elapsed, rate=85.7k fragments per second         ||
||   75% completed, 3.4 mins elapsed, rate=85.7k fragments per second         ||
|| Start read mapping in chunk.                                               ||
||   75% completed, 3.5 mins elapsed, rate=94.7k fragments per second         ||
||   82% completed, 3.7 mins elapsed, rate=96.0k fragments per second         ||
||   85% completed, 3.9 mins elapsed, rate=85.5k fragments per second         ||
||   86% completed, 3.9 mins elapsed, rate=85.6k fragments per second         ||
||   86% completed, 3.9 mins elapsed, rate=85.7k fragments per second         ||
||   87% completed, 3.9 mins elapsed, rate=85.8k fragments per second         ||
||   87% completed, 4.0 mins elapsed, rate=85.9k fragments per second         ||
||   88% completed, 4.0 mins elapsed, rate=85.9k fragments per second         ||
||   88% completed, 4.0 mins elapsed, rate=86.0k fragments per second         ||
||   89% completed, 4.0 mins elapsed, rate=86.1k fragments per second         ||
||   89% completed, 4.0 mins elapsed, rate=86.1k fragments per second         ||
|| Start read mapping in chunk.                                               ||
||   90% completed, 4.1 mins elapsed, rate=93.2k fragments per second         ||
||   97% completed, 4.4 mins elapsed, rate=85.3k fragments per second         ||
||   97% completed, 4.4 mins elapsed, rate=85.2k fragments per second         ||
||   97% completed, 4.5 mins elapsed, rate=84.9k fragments per second         ||
||   98% completed, 4.5 mins elapsed, rate=84.9k fragments per second         ||
||   98% completed, 4.5 mins elapsed, rate=85.0k fragments per second         ||
||   98% completed, 4.5 mins elapsed, rate=85.0k fragments per second         ||
||   98% completed, 4.5 mins elapsed, rate=85.0k fragments per second         ||
||   99% completed, 4.5 mins elapsed, rate=85.1k fragments per second         ||
||   99% completed, 4.5 mins elapsed, rate=85.1k fragments per second         ||
||   99% completed, 4.5 mins elapsed, rate=85.1k fragments per second         ||
|| Sort the reads...                                                          ||
||                                                                            ||
||                           Completed successfully.                          ||
||                                                                            ||
\\====================================    ====================================//

//================================   Summary =================================\\
||                                                                            ||
||             Total fragments : 23,174,737                                   ||
||                      Mapped : 22,172,115 (95.7%)                           ||
||             Uniquely mapped : 22,172,115                                   ||
||               Multi-mapping : 0                                            ||
||                                                                            ||
||                    Unmapped : 1,002,622                                    ||
||                                                                            ||
||             Properly paired : 18,215,365                                   ||
||         Not properly paired : 3,956,750                                    ||
||                   Singleton : 1,950,033                                    ||
||                    Chimeric : 89,367                                       ||
||       Unexpected strandness : 34,560                                       ||
||  Unexpected fragment length : 1,853,522                                    ||
||       Unexpected read order : 29,268                                       ||
||                                                                            ||
||                      Indels : 190,523                                      ||
||                                                                            ||
||                Running time : 11.0 minutes                                 ||
||                                                                            ||
\\============================================================================//

