
        ==========     _____ _    _ ____  _____  ______          _____  
        =====         / ____| |  | |  _ \|  __ \|  ____|   /\   |  __ \ 
          =====      | (___ | |  | | |_) | |__) | |__     /  \  | |  | |
            ====      \___ \| |  | |  _ <|  _  /|  __|   / /\ \ | |  | |
              ====    ____) | |__| | |_) | | \ \| |____ / ____ \| |__| |
        ==========   |_____/ \____/|____/|_|  \_\______/_/    \_\_____/
	  v2.0.1

//================================= setting ==================================\\
||                                                                            ||
|| Function      : Read alignment (RNA-Seq)                                   ||
|| Input file 1  : LB73L1_clean_R1.fastq.gz                                   ||
|| Input file 2  : LB73L1_clean_R2.fastq.gz                                   ||
|| Output file   : LB73L1.bam (BAM), Sorted                                   ||
|| Index name    : maize-genome-V4                                            ||
||                                                                            ||
||                    ------------------------------------                    ||
||                                                                            ||
||                               Threads : 16                                 ||
||                          Phred offset : 33                                 ||
||               # of extracted subreads : 10                                 ||
||                        Min read1 vote : 3                                  ||
||                        Min read2 vote : 1                                  ||
||                     Max fragment size : 600                                ||
||                     Min fragment size : 50                                 ||
||                        Max mismatches : 3                                  ||
||                      Max indel length : 5                                  ||
||            Report multi-mapping reads : no                                 ||
|| Max alignments per multi-mapping read : 1                                  ||
||                       Read group name : LB73L1                             ||
||                                                                            ||
\\============================================================================//

//================ Running (23-Apr-2021 17:54:04, pid=999190) ================\\
||                                                                            ||
|| Check the input reads.                                                     ||
|| The input file contains base space reads.                                  ||
|| Initialise the memory objects.                                             ||
|| Estimate the mean read length.                                             ||
|| The range of Phred scores observed in the data is [2,37]                   ||
|| Create the output BAM file.                                                ||
|| Check the index.                                                           ||
|| Init the voting space.                                                     ||
|| Global environment is initialised.                                         ||
|| Load the 1-th index block...                                               ||
|| The index block has been loaded.                                           ||
|| Start read mapping in chunk.                                               ||
||    0% completed, 0.3 mins elapsed, rate=86.7k fragments per second         ||
||    7% completed, 0.5 mins elapsed, rate=118.8k fragments per second        ||
||   Estimated fragment length : 283 bp                                       ||
||   10% completed, 0.6 mins elapsed, rate=64.7k fragments per second         ||
||   10% completed, 0.6 mins elapsed, rate=66.3k fragments per second         ||
||   11% completed, 0.7 mins elapsed, rate=67.7k fragments per second         ||
||   11% completed, 0.7 mins elapsed, rate=69.0k fragments per second         ||
||   12% completed, 0.7 mins elapsed, rate=70.4k fragments per second         ||
||   12% completed, 0.7 mins elapsed, rate=71.6k fragments per second         ||
||   13% completed, 0.7 mins elapsed, rate=72.8k fragments per second         ||
||   13% completed, 0.7 mins elapsed, rate=74.0k fragments per second         ||
||   14% completed, 0.7 mins elapsed, rate=75.0k fragments per second         ||
||   14% completed, 0.8 mins elapsed, rate=76.1k fragments per second         ||
|| Start read mapping in chunk.                                               ||
||   15% completed, 0.8 mins elapsed, rate=107.2k fragments per second        ||
||   21% completed, 1.0 mins elapsed, rate=113.1k fragments per second        ||
||   25% completed, 1.2 mins elapsed, rate=85.7k fragments per second         ||
||   25% completed, 1.2 mins elapsed, rate=86.1k fragments per second         ||
||   26% completed, 1.2 mins elapsed, rate=86.5k fragments per second         ||
||   26% completed, 1.2 mins elapsed, rate=86.9k fragments per second         ||
||   27% completed, 1.2 mins elapsed, rate=87.2k fragments per second         ||
||   27% completed, 1.2 mins elapsed, rate=87.7k fragments per second         ||
||   28% completed, 1.3 mins elapsed, rate=88.0k fragments per second         ||
||   28% completed, 1.3 mins elapsed, rate=88.4k fragments per second         ||
||   29% completed, 1.3 mins elapsed, rate=88.8k fragments per second         ||
||   29% completed, 1.3 mins elapsed, rate=89.0k fragments per second         ||
|| Start read mapping in chunk.                                               ||
||   30% completed, 1.4 mins elapsed, rate=107.4k fragments per second        ||
||   37% completed, 1.6 mins elapsed, rate=110.8k fragments per second        ||
||   40% completed, 1.7 mins elapsed, rate=92.4k fragments per second         ||
||   40% completed, 1.7 mins elapsed, rate=92.4k fragments per second         ||
||   41% completed, 1.7 mins elapsed, rate=92.5k fragments per second         ||
||   41% completed, 1.8 mins elapsed, rate=92.6k fragments per second         ||
||   41% completed, 1.8 mins elapsed, rate=92.6k fragments per second         ||
||   42% completed, 1.8 mins elapsed, rate=92.7k fragments per second         ||
||   42% completed, 1.8 mins elapsed, rate=92.7k fragments per second         ||
||   43% completed, 1.8 mins elapsed, rate=92.8k fragments per second         ||
||   43% completed, 1.9 mins elapsed, rate=92.9k fragments per second         ||
||   44% completed, 1.9 mins elapsed, rate=92.9k fragments per second         ||
|| Start read mapping in chunk.                                               ||
||   44% completed, 1.9 mins elapsed, rate=105.6k fragments per second        ||
||   51% completed, 2.1 mins elapsed, rate=108.1k fragments per second        ||
||   54% completed, 2.3 mins elapsed, rate=94.8k fragments per second         ||
||   55% completed, 2.3 mins elapsed, rate=94.7k fragments per second         ||
||   55% completed, 2.3 mins elapsed, rate=94.6k fragments per second         ||
||   56% completed, 2.3 mins elapsed, rate=94.5k fragments per second         ||
||   56% completed, 2.4 mins elapsed, rate=94.5k fragments per second         ||
||   57% completed, 2.4 mins elapsed, rate=94.4k fragments per second         ||
||   57% completed, 2.4 mins elapsed, rate=94.4k fragments per second         ||
||   58% completed, 2.4 mins elapsed, rate=94.3k fragments per second         ||
||   58% completed, 2.4 mins elapsed, rate=94.3k fragments per second         ||
||   59% completed, 2.5 mins elapsed, rate=94.2k fragments per second         ||
|| Start read mapping in chunk.                                               ||
||   59% completed, 2.5 mins elapsed, rate=103.7k fragments per second        ||
||   66% completed, 2.7 mins elapsed, rate=105.5k fragments per second        ||
||   69% completed, 2.9 mins elapsed, rate=95.0k fragments per second         ||
||   70% completed, 2.9 mins elapsed, rate=94.9k fragments per second         ||
||   70% completed, 2.9 mins elapsed, rate=94.8k fragments per second         ||
||   71% completed, 2.9 mins elapsed, rate=94.7k fragments per second         ||
||   71% completed, 3.0 mins elapsed, rate=94.6k fragments per second         ||
||   72% completed, 3.0 mins elapsed, rate=94.5k fragments per second         ||
||   72% completed, 3.0 mins elapsed, rate=94.4k fragments per second         ||
||   73% completed, 3.0 mins elapsed, rate=94.3k fragments per second         ||
||   73% completed, 3.1 mins elapsed, rate=94.1k fragments per second         ||
|| Start read mapping in chunk.                                               ||
||   74% completed, 3.2 mins elapsed, rate=101.6k fragments per second        ||
||   81% completed, 3.4 mins elapsed, rate=103.4k fragments per second        ||
||   84% completed, 3.5 mins elapsed, rate=95.0k fragments per second         ||
||   85% completed, 3.5 mins elapsed, rate=94.8k fragments per second         ||
||   85% completed, 3.5 mins elapsed, rate=94.7k fragments per second         ||
||   86% completed, 3.6 mins elapsed, rate=94.5k fragments per second         ||
||   86% completed, 3.6 mins elapsed, rate=94.4k fragments per second         ||
||   87% completed, 3.6 mins elapsed, rate=94.3k fragments per second         ||
||   87% completed, 3.6 mins elapsed, rate=94.2k fragments per second         ||
||   88% completed, 3.7 mins elapsed, rate=94.0k fragments per second         ||
||   88% completed, 3.7 mins elapsed, rate=93.9k fragments per second         ||
|| Start read mapping in chunk.                                               ||
||   89% completed, 3.8 mins elapsed, rate=99.9k fragments per second         ||
||   96% completed, 4.0 mins elapsed, rate=101.4k fragments per second        ||
||   96% completed, 4.0 mins elapsed, rate=94.0k fragments per second         ||
||   97% completed, 4.0 mins elapsed, rate=93.9k fragments per second         ||
||   97% completed, 4.1 mins elapsed, rate=93.8k fragments per second         ||
||   97% completed, 4.1 mins elapsed, rate=93.7k fragments per second         ||
||   98% completed, 4.1 mins elapsed, rate=93.6k fragments per second         ||
||   98% completed, 4.1 mins elapsed, rate=93.5k fragments per second         ||
||   98% completed, 4.1 mins elapsed, rate=93.4k fragments per second         ||
||   99% completed, 4.2 mins elapsed, rate=93.2k fragments per second         ||
||   99% completed, 4.2 mins elapsed, rate=93.2k fragments per second         ||
|| Sort the reads...                                                          ||
||                                                                            ||
||                           Completed successfully.                          ||
||                                                                            ||
\\====================================    ====================================//

//================================   Summary =================================\\
||                                                                            ||
||             Total fragments : 23,422,601                                   ||
||                      Mapped : 22,671,951 (96.8%)                           ||
||             Uniquely mapped : 22,671,951                                   ||
||               Multi-mapping : 0                                            ||
||                                                                            ||
||                    Unmapped : 750,650                                      ||
||                                                                            ||
||             Properly paired : 20,452,235                                   ||
||         Not properly paired : 2,219,716                                    ||
||                   Singleton : 429,166                                      ||
||                    Chimeric : 33,874                                       ||
||       Unexpected strandness : 24,413                                       ||
||  Unexpected fragment length : 1,713,049                                    ||
||       Unexpected read order : 19,214                                       ||
||                                                                            ||
||                      Indels : 101,449                                      ||
||                                                                            ||
||                Running time : 7.8 minutes                                  ||
||                                                                            ||
\\============================================================================//

