
        ==========     _____ _    _ ____  _____  ______          _____  
        =====         / ____| |  | |  _ \|  __ \|  ____|   /\   |  __ \ 
          =====      | (___ | |  | | |_) | |__) | |__     /  \  | |  | |
            ====      \___ \| |  | |  _ <|  _  /|  __|   / /\ \ | |  | |
              ====    ____) | |__| | |_) | | \ \| |____ / ____ \| |__| |
        ==========   |_____/ \____/|____/|_|  \_\______/_/    \_\_____/
	  v2.0.1

//================================= setting ==================================\\
||                                                                            ||
|| Function      : Read alignment (RNA-Seq)                                   ||
|| Input file 1  : LB73R4_clean_R1.fastq.gz                                   ||
|| Input file 2  : LB73R4_clean_R2.fastq.gz                                   ||
|| Output file   : LB73R4.bam (BAM), Sorted                                   ||
|| Index name    : maize-genome-V4                                            ||
||                                                                            ||
||                    ------------------------------------                    ||
||                                                                            ||
||                               Threads : 16                                 ||
||                          Phred offset : 33                                 ||
||               # of extracted subreads : 10                                 ||
||                        Min read1 vote : 3                                  ||
||                        Min read2 vote : 1                                  ||
||                     Max fragment size : 600                                ||
||                     Min fragment size : 50                                 ||
||                        Max mismatches : 3                                  ||
||                      Max indel length : 5                                  ||
||            Report multi-mapping reads : no                                 ||
|| Max alignments per multi-mapping read : 1                                  ||
||                       Read group name : LB73R4                             ||
||                                                                            ||
\\============================================================================//

//=============== Running (23-Apr-2021 17:55:50, pid=1532139) ================\\
||                                                                            ||
|| Check the input reads.                                                     ||
|| The input file contains base space reads.                                  ||
|| Initialise the memory objects.                                             ||
|| Estimate the mean read length.                                             ||
|| The range of Phred scores observed in the data is [2,37]                   ||
|| Create the output BAM file.                                                ||
|| Check the index.                                                           ||
|| Init the voting space.                                                     ||
|| Global environment is initialised.                                         ||
|| Load the 1-th index block...                                               ||
|| The index block has been loaded.                                           ||
|| Start read mapping in chunk.                                               ||
||    0% completed, 0.4 mins elapsed, rate=84.6k fragments per second         ||
||    7% completed, 0.6 mins elapsed, rate=117.6k fragments per second        ||
||   Estimated fragment length : 241 bp                                       ||
||    9% completed, 0.7 mins elapsed, rate=59.0k fragments per second         ||
||   10% completed, 0.7 mins elapsed, rate=59.3k fragments per second         ||
||   10% completed, 0.7 mins elapsed, rate=59.9k fragments per second         ||
||   10% completed, 0.8 mins elapsed, rate=61.2k fragments per second         ||
||   11% completed, 0.8 mins elapsed, rate=62.7k fragments per second         ||
||   11% completed, 0.8 mins elapsed, rate=63.8k fragments per second         ||
||   12% completed, 0.8 mins elapsed, rate=63.1k fragments per second         ||
||   12% completed, 0.9 mins elapsed, rate=63.2k fragments per second         ||
||   13% completed, 0.9 mins elapsed, rate=64.1k fragments per second         ||
|| Start read mapping in chunk.                                               ||
||   14% completed, 1.0 mins elapsed, rate=95.6k fragments per second         ||
||   20% completed, 1.2 mins elapsed, rate=103.1k fragments per second        ||
||   23% completed, 1.3 mins elapsed, rate=76.0k fragments per second         ||
||   23% completed, 1.3 mins elapsed, rate=76.6k fragments per second         ||
||   24% completed, 1.3 mins elapsed, rate=77.2k fragments per second         ||
||   24% completed, 1.3 mins elapsed, rate=77.8k fragments per second         ||
||   24% completed, 1.4 mins elapsed, rate=78.4k fragments per second         ||
||   25% completed, 1.4 mins elapsed, rate=78.9k fragments per second         ||
||   25% completed, 1.4 mins elapsed, rate=78.3k fragments per second         ||
||   26% completed, 1.5 mins elapsed, rate=77.6k fragments per second         ||
||   26% completed, 1.5 mins elapsed, rate=78.0k fragments per second         ||
|| Start read mapping in chunk.                                               ||
||   27% completed, 1.6 mins elapsed, rate=96.8k fragments per second         ||
||   34% completed, 1.8 mins elapsed, rate=102.4k fragments per second        ||
||   36% completed, 1.9 mins elapsed, rate=83.6k fragments per second         ||
||   37% completed, 1.9 mins elapsed, rate=83.2k fragments per second         ||
||   37% completed, 1.9 mins elapsed, rate=83.3k fragments per second         ||
||   38% completed, 2.0 mins elapsed, rate=83.7k fragments per second         ||
||   38% completed, 2.0 mins elapsed, rate=84.0k fragments per second         ||
||   39% completed, 2.0 mins elapsed, rate=84.3k fragments per second         ||
||   39% completed, 2.0 mins elapsed, rate=83.9k fragments per second         ||
||   40% completed, 2.0 mins elapsed, rate=84.0k fragments per second         ||
||   40% completed, 2.1 mins elapsed, rate=84.4k fragments per second         ||
|| Start read mapping in chunk.                                               ||
||   41% completed, 2.2 mins elapsed, rate=96.6k fragments per second         ||
||   48% completed, 2.4 mins elapsed, rate=100.9k fragments per second        ||
||   50% completed, 2.5 mins elapsed, rate=87.2k fragments per second         ||
||   50% completed, 2.5 mins elapsed, rate=87.4k fragments per second         ||
||   51% completed, 2.5 mins elapsed, rate=87.7k fragments per second         ||
||   51% completed, 2.5 mins elapsed, rate=87.9k fragments per second         ||
||   52% completed, 2.6 mins elapsed, rate=87.6k fragments per second         ||
||   52% completed, 2.6 mins elapsed, rate=87.6k fragments per second         ||
||   53% completed, 2.6 mins elapsed, rate=87.8k fragments per second         ||
||   53% completed, 2.6 mins elapsed, rate=88.1k fragments per second         ||
||   54% completed, 2.6 mins elapsed, rate=87.9k fragments per second         ||
|| Start read mapping in chunk.                                               ||
||   55% completed, 2.7 mins elapsed, rate=98.2k fragments per second         ||
||   61% completed, 2.9 mins elapsed, rate=100.7k fragments per second        ||
||   64% completed, 3.1 mins elapsed, rate=89.3k fragments per second         ||
||   64% completed, 3.1 mins elapsed, rate=89.5k fragments per second         ||
||   65% completed, 3.1 mins elapsed, rate=89.7k fragments per second         ||
||   65% completed, 3.1 mins elapsed, rate=89.9k fragments per second         ||
||   66% completed, 3.1 mins elapsed, rate=89.6k fragments per second         ||
||   66% completed, 3.2 mins elapsed, rate=89.6k fragments per second         ||
||   66% completed, 3.2 mins elapsed, rate=89.8k fragments per second         ||
||   67% completed, 3.2 mins elapsed, rate=90.0k fragments per second         ||
||   67% completed, 3.2 mins elapsed, rate=90.0k fragments per second         ||
|| Start read mapping in chunk.                                               ||
||   68% completed, 3.3 mins elapsed, rate=98.4k fragments per second         ||
||   75% completed, 3.5 mins elapsed, rate=100.7k fragments per second        ||
||   78% completed, 3.6 mins elapsed, rate=91.3k fragments per second         ||
||   78% completed, 3.7 mins elapsed, rate=91.4k fragments per second         ||
||   78% completed, 3.7 mins elapsed, rate=91.5k fragments per second         ||
||   79% completed, 3.7 mins elapsed, rate=91.4k fragments per second         ||
||   79% completed, 3.7 mins elapsed, rate=91.3k fragments per second         ||
||   80% completed, 3.7 mins elapsed, rate=91.4k fragments per second         ||
||   80% completed, 3.8 mins elapsed, rate=91.6k fragments per second         ||
||   81% completed, 3.8 mins elapsed, rate=91.7k fragments per second         ||
||   81% completed, 3.8 mins elapsed, rate=91.8k fragments per second         ||
|| Start read mapping in chunk.                                               ||
||   82% completed, 3.9 mins elapsed, rate=99.3k fragments per second         ||
||   89% completed, 4.1 mins elapsed, rate=101.5k fragments per second        ||
||   91% completed, 4.2 mins elapsed, rate=93.0k fragments per second         ||
||   92% completed, 4.2 mins elapsed, rate=93.1k fragments per second         ||
||   92% completed, 4.2 mins elapsed, rate=93.2k fragments per second         ||
||   93% completed, 4.2 mins elapsed, rate=93.3k fragments per second         ||
||   93% completed, 4.3 mins elapsed, rate=93.4k fragments per second         ||
||   94% completed, 4.3 mins elapsed, rate=93.5k fragments per second         ||
||   94% completed, 4.3 mins elapsed, rate=93.6k fragments per second         ||
||   95% completed, 4.3 mins elapsed, rate=93.7k fragments per second         ||
||   95% completed, 4.3 mins elapsed, rate=93.8k fragments per second         ||
|| Start read mapping in chunk.                                               ||
||   96% completed, 4.4 mins elapsed, rate=100.4k fragments per second        ||
||   98% completed, 4.5 mins elapsed, rate=93.3k fragments per second         ||
||   98% completed, 4.5 mins elapsed, rate=93.3k fragments per second         ||
||   99% completed, 4.5 mins elapsed, rate=93.4k fragments per second         ||
||   99% completed, 4.5 mins elapsed, rate=93.4k fragments per second         ||
||   99% completed, 4.5 mins elapsed, rate=93.4k fragments per second         ||
||   99% completed, 4.5 mins elapsed, rate=93.4k fragments per second         ||
||   99% completed, 4.5 mins elapsed, rate=93.5k fragments per second         ||
||   99% completed, 4.5 mins elapsed, rate=93.5k fragments per second         ||
||   99% completed, 4.5 mins elapsed, rate=93.5k fragments per second         ||
||   99% completed, 4.5 mins elapsed, rate=93.6k fragments per second         ||
|| Sort the reads...                                                          ||
||                                                                            ||
||                           Completed successfully.                          ||
||                                                                            ||
\\====================================    ====================================//

//================================   Summary =================================\\
||                                                                            ||
||             Total fragments : 25,469,557                                   ||
||                      Mapped : 24,889,413 (97.7%)                           ||
||             Uniquely mapped : 24,889,413                                   ||
||               Multi-mapping : 0                                            ||
||                                                                            ||
||                    Unmapped : 580,144                                      ||
||                                                                            ||
||             Properly paired : 23,200,234                                   ||
||         Not properly paired : 1,689,179                                    ||
||                   Singleton : 419,846                                      ||
||                    Chimeric : 34,736                                       ||
||       Unexpected strandness : 24,601                                       ||
||  Unexpected fragment length : 1,174,057                                    ||
||       Unexpected read order : 35,939                                       ||
||                                                                            ||
||                      Indels : 128,067                                      ||
||                                                                            ||
||                Running time : 11.3 minutes                                 ||
||                                                                            ||
\\============================================================================//

