
        ==========     _____ _    _ ____  _____  ______          _____  
        =====         / ____| |  | |  _ \|  __ \|  ____|   /\   |  __ \ 
          =====      | (___ | |  | | |_) | |__) | |__     /  \  | |  | |
            ====      \___ \| |  | |  _ <|  _  /|  __|   / /\ \ | |  | |
              ====    ____) | |__| | |_) | | \ \| |____ / ____ \| |__| |
        ==========   |_____/ \____/|____/|_|  \_\______/_/    \_\_____/
	  v2.0.1

//================================= setting ==================================\\
||                                                                            ||
|| Function      : Read alignment (RNA-Seq)                                   ||
|| Input file 1  : LB73R3_clean_R1.fastq.gz                                   ||
|| Input file 2  : LB73R3_clean_R2.fastq.gz                                   ||
|| Output file   : LB73R3.bam (BAM), Sorted                                   ||
|| Index name    : maize-genome-V4                                            ||
||                                                                            ||
||                    ------------------------------------                    ||
||                                                                            ||
||                               Threads : 16                                 ||
||                          Phred offset : 33                                 ||
||               # of extracted subreads : 10                                 ||
||                        Min read1 vote : 3                                  ||
||                        Min read2 vote : 1                                  ||
||                     Max fragment size : 600                                ||
||                     Min fragment size : 50                                 ||
||                        Max mismatches : 3                                  ||
||                      Max indel length : 5                                  ||
||            Report multi-mapping reads : no                                 ||
|| Max alignments per multi-mapping read : 1                                  ||
||                       Read group name : LB73R3                             ||
||                                                                            ||
\\============================================================================//

//=============== Running (23-Apr-2021 17:55:41, pid=1145860) ================\\
||                                                                            ||
|| Check the input reads.                                                     ||
|| The input file contains base space reads.                                  ||
|| Initialise the memory objects.                                             ||
|| Estimate the mean read length.                                             ||
|| The range of Phred scores observed in the data is [2,37]                   ||
|| Create the output BAM file.                                                ||
|| Check the index.                                                           ||
|| Init the voting space.                                                     ||
|| Global environment is initialised.                                         ||
|| Load the 1-th index block...                                               ||
|| The index block has been loaded.                                           ||
|| Start read mapping in chunk.                                               ||
||    0% completed, 0.4 mins elapsed, rate=91.5k fragments per second         ||
||    7% completed, 0.6 mins elapsed, rate=129.1k fragments per second        ||
||   Estimated fragment length : 281 bp                                       ||
||   11% completed, 0.8 mins elapsed, rate=53.3k fragments per second         ||
||   11% completed, 0.8 mins elapsed, rate=54.6k fragments per second         ||
||   12% completed, 0.8 mins elapsed, rate=56.0k fragments per second         ||
||   12% completed, 0.8 mins elapsed, rate=57.4k fragments per second         ||
||   13% completed, 0.8 mins elapsed, rate=58.8k fragments per second         ||
||   14% completed, 0.8 mins elapsed, rate=60.1k fragments per second         ||
||   14% completed, 0.9 mins elapsed, rate=60.9k fragments per second         ||
||   15% completed, 0.9 mins elapsed, rate=61.0k fragments per second         ||
||   15% completed, 0.9 mins elapsed, rate=62.0k fragments per second         ||
||   16% completed, 0.9 mins elapsed, rate=63.1k fragments per second         ||
|| Start read mapping in chunk.                                               ||
||   16% completed, 1.0 mins elapsed, rate=97.2k fragments per second         ||
||   23% completed, 1.2 mins elapsed, rate=104.7k fragments per second        ||
||   27% completed, 1.4 mins elapsed, rate=72.0k fragments per second         ||
||   28% completed, 1.4 mins elapsed, rate=72.5k fragments per second         ||
||   29% completed, 1.4 mins elapsed, rate=73.0k fragments per second         ||
||   29% completed, 1.4 mins elapsed, rate=73.6k fragments per second         ||
||   30% completed, 1.4 mins elapsed, rate=74.2k fragments per second         ||
||   30% completed, 1.5 mins elapsed, rate=74.7k fragments per second         ||
||   31% completed, 1.5 mins elapsed, rate=75.3k fragments per second         ||
||   31% completed, 1.5 mins elapsed, rate=75.8k fragments per second         ||
||   32% completed, 1.5 mins elapsed, rate=76.3k fragments per second         ||
||   32% completed, 1.5 mins elapsed, rate=76.8k fragments per second         ||
|| Start read mapping in chunk.                                               ||
||   33% completed, 1.6 mins elapsed, rate=97.7k fragments per second         ||
||   40% completed, 1.8 mins elapsed, rate=101.9k fragments per second        ||
||   44% completed, 1.9 mins elapsed, rate=81.3k fragments per second         ||
||   44% completed, 1.9 mins elapsed, rate=81.6k fragments per second         ||
||   45% completed, 2.0 mins elapsed, rate=81.9k fragments per second         ||
||   46% completed, 2.0 mins elapsed, rate=82.3k fragments per second         ||
||   46% completed, 2.0 mins elapsed, rate=82.4k fragments per second         ||
||   47% completed, 2.0 mins elapsed, rate=82.3k fragments per second         ||
||   47% completed, 2.1 mins elapsed, rate=81.5k fragments per second         ||
||   48% completed, 2.1 mins elapsed, rate=81.7k fragments per second         ||
||   48% completed, 2.1 mins elapsed, rate=82.0k fragments per second         ||
|| Start read mapping in chunk.                                               ||
||   49% completed, 2.2 mins elapsed, rate=98.8k fragments per second         ||
||   56% completed, 2.4 mins elapsed, rate=101.3k fragments per second        ||
||   60% completed, 2.5 mins elapsed, rate=85.5k fragments per second         ||
||   61% completed, 2.5 mins elapsed, rate=85.8k fragments per second         ||
||   61% completed, 2.5 mins elapsed, rate=86.0k fragments per second         ||
||   62% completed, 2.6 mins elapsed, rate=86.2k fragments per second         ||
||   63% completed, 2.6 mins elapsed, rate=86.4k fragments per second         ||
||   63% completed, 2.6 mins elapsed, rate=86.7k fragments per second         ||
||   64% completed, 2.6 mins elapsed, rate=86.9k fragments per second         ||
||   64% completed, 2.6 mins elapsed, rate=87.1k fragments per second         ||
||   65% completed, 2.6 mins elapsed, rate=87.3k fragments per second         ||
||   65% completed, 2.7 mins elapsed, rate=87.6k fragments per second         ||
|| Start read mapping in chunk.                                               ||
||   66% completed, 2.7 mins elapsed, rate=101.0k fragments per second        ||
||   73% completed, 2.9 mins elapsed, rate=102.2k fragments per second        ||
||   77% completed, 3.1 mins elapsed, rate=88.3k fragments per second         ||
||   78% completed, 3.1 mins elapsed, rate=88.4k fragments per second         ||
||   78% completed, 3.1 mins elapsed, rate=88.5k fragments per second         ||
||   79% completed, 3.2 mins elapsed, rate=88.7k fragments per second         ||
||   79% completed, 3.2 mins elapsed, rate=88.9k fragments per second         ||
||   80% completed, 3.2 mins elapsed, rate=89.1k fragments per second         ||
||   80% completed, 3.2 mins elapsed, rate=89.2k fragments per second         ||
||   81% completed, 3.2 mins elapsed, rate=89.4k fragments per second         ||
||   82% completed, 3.2 mins elapsed, rate=89.5k fragments per second         ||
|| Start read mapping in chunk.                                               ||
||   83% completed, 3.3 mins elapsed, rate=100.7k fragments per second        ||
||   89% completed, 3.5 mins elapsed, rate=102.0k fragments per second        ||
||   94% completed, 3.7 mins elapsed, rate=90.9k fragments per second         ||
||   94% completed, 3.7 mins elapsed, rate=90.8k fragments per second         ||
||   95% completed, 3.7 mins elapsed, rate=90.9k fragments per second         ||
||   95% completed, 3.7 mins elapsed, rate=91.0k fragments per second         ||
||   96% completed, 3.7 mins elapsed, rate=91.1k fragments per second         ||
||   96% completed, 3.7 mins elapsed, rate=91.3k fragments per second         ||
||   97% completed, 3.8 mins elapsed, rate=91.4k fragments per second         ||
||   97% completed, 3.8 mins elapsed, rate=91.5k fragments per second         ||
||   98% completed, 3.8 mins elapsed, rate=91.6k fragments per second         ||
||   99% completed, 3.8 mins elapsed, rate=91.7k fragments per second         ||
|| Start read mapping in chunk.                                               ||
||   99% completed, 3.9 mins elapsed, rate=90.5k fragments per second         ||
||   99% completed, 3.9 mins elapsed, rate=90.4k fragments per second         ||
|| Sort the reads...                                                          ||
||                                                                            ||
||                           Completed successfully.                          ||
||                                                                            ||
\\====================================    ====================================//

//================================   Summary =================================\\
||                                                                            ||
||             Total fragments : 21,128,765                                   ||
||                      Mapped : 20,685,170 (97.9%)                           ||
||             Uniquely mapped : 20,685,170                                   ||
||               Multi-mapping : 0                                            ||
||                                                                            ||
||                    Unmapped : 443,595                                      ||
||                                                                            ||
||             Properly paired : 18,570,510                                   ||
||         Not properly paired : 2,114,660                                    ||
||                   Singleton : 393,969                                      ||
||                    Chimeric : 23,999                                       ||
||       Unexpected strandness : 23,127                                       ||
||  Unexpected fragment length : 1,655,121                                    ||
||       Unexpected read order : 18,444                                       ||
||                                                                            ||
||                      Indels : 112,594                                      ||
||                                                                            ||
||                Running time : 12.7 minutes                                 ||
||                                                                            ||
\\============================================================================//

