
        ==========     _____ _    _ ____  _____  ______          _____  
        =====         / ____| |  | |  _ \|  __ \|  ____|   /\   |  __ \ 
          =====      | (___ | |  | | |_) | |__) | |__     /  \  | |  | |
            ====      \___ \| |  | |  _ <|  _  /|  __|   / /\ \ | |  | |
              ====    ____) | |__| | |_) | | \ \| |____ / ____ \| |__| |
        ==========   |_____/ \____/|____/|_|  \_\______/_/    \_\_____/
	  v2.0.1

//================================= setting ==================================\\
||                                                                            ||
|| Function      : Read alignment (RNA-Seq)                                   ||
|| Input file 1  : LB73L4_clean_R1.fastq.gz                                   ||
|| Input file 2  : LB73L4_clean_R2.fastq.gz                                   ||
|| Output file   : LB73L4.bam (BAM), Sorted                                   ||
|| Index name    : maize-genome-V4                                            ||
||                                                                            ||
||                    ------------------------------------                    ||
||                                                                            ||
||                               Threads : 16                                 ||
||                          Phred offset : 33                                 ||
||               # of extracted subreads : 10                                 ||
||                        Min read1 vote : 3                                  ||
||                        Min read2 vote : 1                                  ||
||                     Max fragment size : 600                                ||
||                     Min fragment size : 50                                 ||
||                        Max mismatches : 3                                  ||
||                      Max indel length : 5                                  ||
||            Report multi-mapping reads : no                                 ||
|| Max alignments per multi-mapping read : 1                                  ||
||                       Read group name : LB73L4                             ||
||                                                                            ||
\\============================================================================//

//=============== Running (23-Apr-2021 17:54:07, pid=1145724) ================\\
||                                                                            ||
|| Check the input reads.                                                     ||
|| The input file contains base space reads.                                  ||
|| Initialise the memory objects.                                             ||
|| Estimate the mean read length.                                             ||
|| The range of Phred scores observed in the data is [2,37]                   ||
|| Create the output BAM file.                                                ||
|| Check the index.                                                           ||
|| Init the voting space.                                                     ||
|| Global environment is initialised.                                         ||
|| Load the 1-th index block...                                               ||
|| The index block has been loaded.                                           ||
|| Start read mapping in chunk.                                               ||
||    0% completed, 0.3 mins elapsed, rate=71.3k fragments per second         ||
||    7% completed, 0.6 mins elapsed, rate=104.6k fragments per second        ||
||   Estimated fragment length : 270 bp                                       ||
||   10% completed, 0.7 mins elapsed, rate=56.8k fragments per second         ||
||   10% completed, 0.7 mins elapsed, rate=58.2k fragments per second         ||
||   11% completed, 0.7 mins elapsed, rate=59.5k fragments per second         ||
||   11% completed, 0.8 mins elapsed, rate=60.8k fragments per second         ||
||   12% completed, 0.8 mins elapsed, rate=62.1k fragments per second         ||
||   12% completed, 0.8 mins elapsed, rate=63.2k fragments per second         ||
||   13% completed, 0.8 mins elapsed, rate=64.4k fragments per second         ||
||   13% completed, 0.8 mins elapsed, rate=65.5k fragments per second         ||
||   14% completed, 0.8 mins elapsed, rate=66.5k fragments per second         ||
||   14% completed, 0.9 mins elapsed, rate=67.5k fragments per second         ||
|| Start read mapping in chunk.                                               ||
||   14% completed, 0.9 mins elapsed, rate=95.4k fragments per second         ||
||   21% completed, 1.2 mins elapsed, rate=100.9k fragments per second        ||
||   24% completed, 1.3 mins elapsed, rate=75.8k fragments per second         ||
||   25% completed, 1.3 mins elapsed, rate=76.2k fragments per second         ||
||   25% completed, 1.3 mins elapsed, rate=76.7k fragments per second         ||
||   26% completed, 1.4 mins elapsed, rate=77.1k fragments per second         ||
||   26% completed, 1.4 mins elapsed, rate=77.5k fragments per second         ||
||   27% completed, 1.4 mins elapsed, rate=77.9k fragments per second         ||
||   27% completed, 1.4 mins elapsed, rate=78.4k fragments per second         ||
||   28% completed, 1.4 mins elapsed, rate=78.8k fragments per second         ||
||   28% completed, 1.5 mins elapsed, rate=79.1k fragments per second         ||
|| Start read mapping in chunk.                                               ||
||   29% completed, 1.6 mins elapsed, rate=93.5k fragments per second         ||
||   36% completed, 1.8 mins elapsed, rate=96.3k fragments per second         ||
||   39% completed, 2.0 mins elapsed, rate=79.9k fragments per second         ||
||   39% completed, 2.0 mins elapsed, rate=80.0k fragments per second         ||
||   40% completed, 2.0 mins elapsed, rate=80.2k fragments per second         ||
||   40% completed, 2.0 mins elapsed, rate=80.3k fragments per second         ||
||   41% completed, 2.1 mins elapsed, rate=80.4k fragments per second         ||
||   41% completed, 2.1 mins elapsed, rate=80.5k fragments per second         ||
||   42% completed, 2.1 mins elapsed, rate=80.6k fragments per second         ||
||   42% completed, 2.1 mins elapsed, rate=80.8k fragments per second         ||
||   43% completed, 2.1 mins elapsed, rate=80.9k fragments per second         ||
||   43% completed, 2.2 mins elapsed, rate=81.0k fragments per second         ||
|| Start read mapping in chunk.                                               ||
||   44% completed, 2.2 mins elapsed, rate=91.7k fragments per second         ||
||   51% completed, 2.5 mins elapsed, rate=94.3k fragments per second         ||
||   54% completed, 2.7 mins elapsed, rate=81.2k fragments per second         ||
||   54% completed, 2.7 mins elapsed, rate=81.2k fragments per second         ||
||   55% completed, 2.7 mins elapsed, rate=81.2k fragments per second         ||
||   55% completed, 2.7 mins elapsed, rate=81.2k fragments per second         ||
||   56% completed, 2.7 mins elapsed, rate=81.2k fragments per second         ||
||   56% completed, 2.8 mins elapsed, rate=81.2k fragments per second         ||
||   57% completed, 2.8 mins elapsed, rate=81.2k fragments per second         ||
||   57% completed, 2.8 mins elapsed, rate=81.2k fragments per second         ||
||   58% completed, 2.8 mins elapsed, rate=81.1k fragments per second         ||
||   58% completed, 2.9 mins elapsed, rate=81.1k fragments per second         ||
|| Start read mapping in chunk.                                               ||
||   58% completed, 3.0 mins elapsed, rate=88.6k fragments per second         ||
||   65% completed, 3.2 mins elapsed, rate=90.1k fragments per second         ||
||   68% completed, 3.4 mins elapsed, rate=81.1k fragments per second         ||
||   69% completed, 3.4 mins elapsed, rate=81.1k fragments per second         ||
||   69% completed, 3.4 mins elapsed, rate=81.1k fragments per second         ||
||   70% completed, 3.4 mins elapsed, rate=81.1k fragments per second         ||
||   70% completed, 3.5 mins elapsed, rate=81.1k fragments per second         ||
||   71% completed, 3.5 mins elapsed, rate=81.2k fragments per second         ||
||   71% completed, 3.5 mins elapsed, rate=81.2k fragments per second         ||
||   72% completed, 3.5 mins elapsed, rate=81.2k fragments per second         ||
||   72% completed, 3.6 mins elapsed, rate=81.2k fragments per second         ||
|| Start read mapping in chunk.                                               ||
||   73% completed, 3.7 mins elapsed, rate=87.5k fragments per second         ||
||   80% completed, 3.9 mins elapsed, rate=88.5k fragments per second         ||
||   83% completed, 4.1 mins elapsed, rate=81.4k fragments per second         ||
||   83% completed, 4.1 mins elapsed, rate=81.4k fragments per second         ||
||   84% completed, 4.1 mins elapsed, rate=81.3k fragments per second         ||
||   84% completed, 4.1 mins elapsed, rate=81.3k fragments per second         ||
||   85% completed, 4.2 mins elapsed, rate=81.3k fragments per second         ||
||   85% completed, 4.2 mins elapsed, rate=81.3k fragments per second         ||
||   86% completed, 4.2 mins elapsed, rate=81.4k fragments per second         ||
||   86% completed, 4.2 mins elapsed, rate=81.3k fragments per second         ||
||   87% completed, 4.3 mins elapsed, rate=81.0k fragments per second         ||
||   87% completed, 4.3 mins elapsed, rate=81.0k fragments per second         ||
|| Start read mapping in chunk.                                               ||
||   88% completed, 4.4 mins elapsed, rate=86.2k fragments per second         ||
||   95% completed, 4.6 mins elapsed, rate=87.7k fragments per second         ||
||   96% completed, 4.7 mins elapsed, rate=81.2k fragments per second         ||
||   96% completed, 4.7 mins elapsed, rate=81.2k fragments per second         ||
||   97% completed, 4.7 mins elapsed, rate=81.2k fragments per second         ||
||   97% completed, 4.8 mins elapsed, rate=81.2k fragments per second         ||
||   97% completed, 4.8 mins elapsed, rate=81.2k fragments per second         ||
||   98% completed, 4.8 mins elapsed, rate=81.2k fragments per second         ||
||   98% completed, 4.8 mins elapsed, rate=81.2k fragments per second         ||
||   99% completed, 4.9 mins elapsed, rate=80.8k fragments per second         ||
||   99% completed, 4.9 mins elapsed, rate=80.8k fragments per second         ||
||   99% completed, 4.9 mins elapsed, rate=80.7k fragments per second         ||
|| Sort the reads...                                                          ||
||                                                                            ||
||                           Completed successfully.                          ||
||                                                                            ||
\\====================================    ====================================//

//================================   Summary =================================\\
||                                                                            ||
||             Total fragments : 23,777,227                                   ||
||                      Mapped : 22,540,225 (94.8%)                           ||
||             Uniquely mapped : 22,540,225                                   ||
||               Multi-mapping : 0                                            ||
||                                                                            ||
||                    Unmapped : 1,237,002                                    ||
||                                                                            ||
||             Properly paired : 20,766,595                                   ||
||         Not properly paired : 1,773,630                                    ||
||                   Singleton : 412,123                                      ||
||                    Chimeric : 28,113                                       ||
||       Unexpected strandness : 24,108                                       ||
||  Unexpected fragment length : 1,283,329                                    ||
||       Unexpected read order : 25,957                                       ||
||                                                                            ||
||                      Indels : 115,371                                      ||
||                                                                            ||
||                Running time : 14.6 minutes                                 ||
||                                                                            ||
\\============================================================================//

