
        ==========     _____ _    _ ____  _____  ______          _____  
        =====         / ____| |  | |  _ \|  __ \|  ____|   /\   |  __ \ 
          =====      | (___ | |  | | |_) | |__) | |__     /  \  | |  | |
            ====      \___ \| |  | |  _ <|  _  /|  __|   / /\ \ | |  | |
              ====    ____) | |__| | |_) | | \ \| |____ / ____ \| |__| |
        ==========   |_____/ \____/|____/|_|  \_\______/_/    \_\_____/
	  v2.0.1

//================================= setting ==================================\\
||                                                                            ||
|| Function      : Read alignment (RNA-Seq)                                   ||
|| Input file 1  : LK55R4_clean_R1.fastq.gz                                   ||
|| Input file 2  : LK55R4_clean_R2.fastq.gz                                   ||
|| Output file   : LK55R4.bam (BAM), Sorted                                   ||
|| Index name    : maize-genome-V4                                            ||
||                                                                            ||
||                    ------------------------------------                    ||
||                                                                            ||
||                               Threads : 16                                 ||
||                          Phred offset : 33                                 ||
||               # of extracted subreads : 10                                 ||
||                        Min read1 vote : 3                                  ||
||                        Min read2 vote : 1                                  ||
||                     Max fragment size : 600                                ||
||                     Min fragment size : 50                                 ||
||                        Max mismatches : 3                                  ||
||                      Max indel length : 5                                  ||
||            Report multi-mapping reads : no                                 ||
|| Max alignments per multi-mapping read : 1                                  ||
||                       Read group name : LK55R4                             ||
||                                                                            ||
\\============================================================================//

//=============== Running (23-Apr-2021 18:03:59, pid=1532921) ================\\
||                                                                            ||
|| Check the input reads.                                                     ||
|| The input file contains base space reads.                                  ||
|| Initialise the memory objects.                                             ||
|| Estimate the mean read length.                                             ||
|| The range of Phred scores observed in the data is [2,37]                   ||
|| Create the output BAM file.                                                ||
|| Check the index.                                                           ||
|| Init the voting space.                                                     ||
|| Global environment is initialised.                                         ||
|| Load the 1-th index block...                                               ||
|| The index block has been loaded.                                           ||
|| Start read mapping in chunk.                                               ||
||    0% completed, 0.4 mins elapsed, rate=76.4k fragments per second         ||
||    6% completed, 0.6 mins elapsed, rate=111.8k fragments per second        ||
||   Estimated fragment length : 269 bp                                       ||
||    8% completed, 0.7 mins elapsed, rate=54.9k fragments per second         ||
||    9% completed, 0.8 mins elapsed, rate=56.3k fragments per second         ||
||    9% completed, 0.8 mins elapsed, rate=57.6k fragments per second         ||
||   10% completed, 0.8 mins elapsed, rate=58.9k fragments per second         ||
||   10% completed, 0.8 mins elapsed, rate=60.1k fragments per second         ||
||   11% completed, 0.8 mins elapsed, rate=61.3k fragments per second         ||
||   11% completed, 0.8 mins elapsed, rate=62.4k fragments per second         ||
||   11% completed, 0.8 mins elapsed, rate=63.6k fragments per second         ||
||   12% completed, 0.9 mins elapsed, rate=64.7k fragments per second         ||
||   12% completed, 0.9 mins elapsed, rate=65.7k fragments per second         ||
|| Start read mapping in chunk.                                               ||
||   13% completed, 1.0 mins elapsed, rate=98.3k fragments per second         ||
||   19% completed, 1.2 mins elapsed, rate=103.4k fragments per second        ||
||   21% completed, 1.3 mins elapsed, rate=74.7k fragments per second         ||
||   22% completed, 1.3 mins elapsed, rate=75.2k fragments per second         ||
||   22% completed, 1.4 mins elapsed, rate=75.8k fragments per second         ||
||   23% completed, 1.4 mins elapsed, rate=76.4k fragments per second         ||
||   23% completed, 1.4 mins elapsed, rate=76.9k fragments per second         ||
||   23% completed, 1.4 mins elapsed, rate=77.4k fragments per second         ||
||   24% completed, 1.4 mins elapsed, rate=77.8k fragments per second         ||
||   24% completed, 1.4 mins elapsed, rate=78.3k fragments per second         ||
||   25% completed, 1.5 mins elapsed, rate=78.8k fragments per second         ||
||   25% completed, 1.5 mins elapsed, rate=79.3k fragments per second         ||
|| Start read mapping in chunk.                                               ||
||   26% completed, 1.5 mins elapsed, rate=99.0k fragments per second         ||
||   32% completed, 1.8 mins elapsed, rate=102.6k fragments per second        ||
||   34% completed, 1.9 mins elapsed, rate=82.3k fragments per second         ||
||   34% completed, 1.9 mins elapsed, rate=82.6k fragments per second         ||
||   35% completed, 1.9 mins elapsed, rate=82.9k fragments per second         ||
||   35% completed, 2.0 mins elapsed, rate=83.2k fragments per second         ||
||   36% completed, 2.0 mins elapsed, rate=83.5k fragments per second         ||
||   36% completed, 2.0 mins elapsed, rate=83.8k fragments per second         ||
||   37% completed, 2.0 mins elapsed, rate=84.1k fragments per second         ||
||   37% completed, 2.0 mins elapsed, rate=84.4k fragments per second         ||
||   37% completed, 2.0 mins elapsed, rate=84.7k fragments per second         ||
||   38% completed, 2.1 mins elapsed, rate=85.0k fragments per second         ||
|| Start read mapping in chunk.                                               ||
||   38% completed, 2.1 mins elapsed, rate=99.3k fragments per second         ||
||   45% completed, 2.4 mins elapsed, rate=101.6k fragments per second        ||
||   47% completed, 2.5 mins elapsed, rate=86.5k fragments per second         ||
||   47% completed, 2.5 mins elapsed, rate=86.7k fragments per second         ||
||   48% completed, 2.5 mins elapsed, rate=86.9k fragments per second         ||
||   48% completed, 2.5 mins elapsed, rate=87.2k fragments per second         ||
||   49% completed, 2.6 mins elapsed, rate=87.4k fragments per second         ||
||   49% completed, 2.6 mins elapsed, rate=87.6k fragments per second         ||
||   49% completed, 2.6 mins elapsed, rate=87.8k fragments per second         ||
||   50% completed, 2.6 mins elapsed, rate=87.9k fragments per second         ||
||   50% completed, 2.6 mins elapsed, rate=88.1k fragments per second         ||
||   51% completed, 2.6 mins elapsed, rate=88.3k fragments per second         ||
|| Start read mapping in chunk.                                               ||
||   51% completed, 2.7 mins elapsed, rate=99.4k fragments per second         ||
||   58% completed, 3.0 mins elapsed, rate=101.3k fragments per second        ||
||   60% completed, 3.1 mins elapsed, rate=88.3k fragments per second         ||
||   60% completed, 3.1 mins elapsed, rate=88.5k fragments per second         ||
||   61% completed, 3.1 mins elapsed, rate=88.7k fragments per second         ||
||   61% completed, 3.1 mins elapsed, rate=88.8k fragments per second         ||
||   61% completed, 3.2 mins elapsed, rate=88.9k fragments per second         ||
||   62% completed, 3.2 mins elapsed, rate=89.1k fragments per second         ||
||   62% completed, 3.2 mins elapsed, rate=89.2k fragments per second         ||
||   63% completed, 3.2 mins elapsed, rate=89.4k fragments per second         ||
||   63% completed, 3.2 mins elapsed, rate=89.5k fragments per second         ||
||   64% completed, 3.2 mins elapsed, rate=89.7k fragments per second         ||
|| Start read mapping in chunk.                                               ||
||   64% completed, 3.3 mins elapsed, rate=98.7k fragments per second         ||
||   71% completed, 3.6 mins elapsed, rate=100.1k fragments per second        ||
||   73% completed, 3.7 mins elapsed, rate=89.7k fragments per second         ||
||   73% completed, 3.7 mins elapsed, rate=89.8k fragments per second         ||
||   74% completed, 3.7 mins elapsed, rate=89.9k fragments per second         ||
||   74% completed, 3.7 mins elapsed, rate=90.0k fragments per second         ||
||   74% completed, 3.8 mins elapsed, rate=90.1k fragments per second         ||
||   75% completed, 3.8 mins elapsed, rate=90.2k fragments per second         ||
||   75% completed, 3.8 mins elapsed, rate=90.3k fragments per second         ||
||   76% completed, 3.8 mins elapsed, rate=90.4k fragments per second         ||
||   76% completed, 3.8 mins elapsed, rate=90.5k fragments per second         ||
||   77% completed, 3.9 mins elapsed, rate=90.7k fragments per second         ||
|| Start read mapping in chunk.                                               ||
||   77% completed, 3.9 mins elapsed, rate=98.2k fragments per second         ||
||   84% completed, 4.2 mins elapsed, rate=99.0k fragments per second         ||
||   86% completed, 4.3 mins elapsed, rate=90.2k fragments per second         ||
||   86% completed, 4.3 mins elapsed, rate=90.2k fragments per second         ||
||   87% completed, 4.4 mins elapsed, rate=90.0k fragments per second         ||
||   87% completed, 4.4 mins elapsed, rate=90.1k fragments per second         ||
||   87% completed, 4.4 mins elapsed, rate=90.1k fragments per second         ||
||   88% completed, 4.4 mins elapsed, rate=90.2k fragments per second         ||
||   88% completed, 4.4 mins elapsed, rate=90.3k fragments per second         ||
||   89% completed, 4.5 mins elapsed, rate=90.4k fragments per second         ||
||   89% completed, 4.5 mins elapsed, rate=90.5k fragments per second         ||
||   90% completed, 4.5 mins elapsed, rate=90.5k fragments per second         ||
|| Start read mapping in chunk.                                               ||
||   90% completed, 4.6 mins elapsed, rate=97.0k fragments per second         ||
||   97% completed, 4.9 mins elapsed, rate=89.8k fragments per second         ||
||   97% completed, 4.9 mins elapsed, rate=89.9k fragments per second         ||
||   97% completed, 4.9 mins elapsed, rate=89.9k fragments per second         ||
||   98% completed, 4.9 mins elapsed, rate=90.0k fragments per second         ||
||   98% completed, 4.9 mins elapsed, rate=90.0k fragments per second         ||
||   98% completed, 5.0 mins elapsed, rate=90.1k fragments per second         ||
||   99% completed, 5.0 mins elapsed, rate=90.1k fragments per second         ||
||   99% completed, 5.0 mins elapsed, rate=90.1k fragments per second         ||
||   99% completed, 5.0 mins elapsed, rate=90.2k fragments per second         ||
||   99% completed, 5.0 mins elapsed, rate=90.3k fragments per second         ||
|| Sort the reads...                                                          ||
||                                                                            ||
||                           Completed successfully.                          ||
||                                                                            ||
\\====================================    ====================================//

//================================   Summary =================================\\
||                                                                            ||
||             Total fragments : 27,093,921                                   ||
||                      Mapped : 25,797,020 (95.2%)                           ||
||             Uniquely mapped : 25,797,020                                   ||
||               Multi-mapping : 0                                            ||
||                                                                            ||
||                    Unmapped : 1,296,901                                    ||
||                                                                            ||
||             Properly paired : 21,867,449                                   ||
||         Not properly paired : 3,929,571                                    ||
||                   Singleton : 2,170,342                                    ||
||                    Chimeric : 88,728                                       ||
||       Unexpected strandness : 37,576                                       ||
||  Unexpected fragment length : 1,589,923                                    ||
||       Unexpected read order : 43,002                                       ||
||                                                                            ||
||                      Indels : 182,153                                      ||
||                                                                            ||
||                Running time : 16.0 minutes                                 ||
||                                                                            ||
\\============================================================================//

