
        ==========     _____ _    _ ____  _____  ______          _____  
        =====         / ____| |  | |  _ \|  __ \|  ____|   /\   |  __ \ 
          =====      | (___ | |  | | |_) | |__) | |__     /  \  | |  | |
            ====      \___ \| |  | |  _ <|  _  /|  __|   / /\ \ | |  | |
              ====    ____) | |__| | |_) | | \ \| |____ / ____ \| |__| |
        ==========   |_____/ \____/|____/|_|  \_\______/_/    \_\_____/
	  v2.0.1

//================================= setting ==================================\\
||                                                                            ||
|| Function      : Read alignment (RNA-Seq)                                   ||
|| Input file 1  : LK55L4_clean_R1.fastq.gz                                   ||
|| Input file 2  : LK55L4_clean_R2.fastq.gz                                   ||
|| Output file   : LK55L4.bam (BAM), Sorted                                   ||
|| Index name    : maize-genome-V4                                            ||
||                                                                            ||
||                    ------------------------------------                    ||
||                                                                            ||
||                               Threads : 16                                 ||
||                          Phred offset : 33                                 ||
||               # of extracted subreads : 10                                 ||
||                        Min read1 vote : 3                                  ||
||                        Min read2 vote : 1                                  ||
||                     Max fragment size : 600                                ||
||                     Min fragment size : 50                                 ||
||                        Max mismatches : 3                                  ||
||                      Max indel length : 5                                  ||
||            Report multi-mapping reads : no                                 ||
|| Max alignments per multi-mapping read : 1                                  ||
||                       Read group name : LK55L4                             ||
||                                                                            ||
\\============================================================================//

//================ Running (23-Apr-2021 18:01:56, pid=999795) ================\\
||                                                                            ||
|| Check the input reads.                                                     ||
|| The input file contains base space reads.                                  ||
|| Initialise the memory objects.                                             ||
|| Estimate the mean read length.                                             ||
|| The range of Phred scores observed in the data is [2,37]                   ||
|| Create the output BAM file.                                                ||
|| Check the index.                                                           ||
|| Init the voting space.                                                     ||
|| Global environment is initialised.                                         ||
|| Load the 1-th index block...                                               ||
|| The index block has been loaded.                                           ||
|| Start read mapping in chunk.                                               ||
||    0% completed, 0.3 mins elapsed, rate=102.9k fragments per second        ||
||    7% completed, 0.6 mins elapsed, rate=116.2k fragments per second        ||
||   Estimated fragment length : 286 bp                                       ||
||    8% completed, 0.6 mins elapsed, rate=63.4k fragments per second         ||
||    9% completed, 0.7 mins elapsed, rate=64.9k fragments per second         ||
||    9% completed, 0.7 mins elapsed, rate=66.3k fragments per second         ||
||    9% completed, 0.7 mins elapsed, rate=67.6k fragments per second         ||
||   10% completed, 0.7 mins elapsed, rate=69.0k fragments per second         ||
||   10% completed, 0.7 mins elapsed, rate=70.4k fragments per second         ||
||   11% completed, 0.7 mins elapsed, rate=71.6k fragments per second         ||
||   11% completed, 0.7 mins elapsed, rate=72.8k fragments per second         ||
||   11% completed, 0.8 mins elapsed, rate=73.9k fragments per second         ||
||   12% completed, 0.8 mins elapsed, rate=74.9k fragments per second         ||
|| Start read mapping in chunk.                                               ||
||   12% completed, 0.8 mins elapsed, rate=105.6k fragments per second        ||
||   19% completed, 1.1 mins elapsed, rate=111.0k fragments per second        ||
||   20% completed, 1.2 mins elapsed, rate=83.6k fragments per second         ||
||   21% completed, 1.2 mins elapsed, rate=84.0k fragments per second         ||
||   21% completed, 1.2 mins elapsed, rate=84.5k fragments per second         ||
||   22% completed, 1.2 mins elapsed, rate=85.0k fragments per second         ||
||   22% completed, 1.3 mins elapsed, rate=85.5k fragments per second         ||
||   23% completed, 1.3 mins elapsed, rate=85.9k fragments per second         ||
||   23% completed, 1.3 mins elapsed, rate=86.3k fragments per second         ||
||   23% completed, 1.3 mins elapsed, rate=86.7k fragments per second         ||
||   24% completed, 1.3 mins elapsed, rate=87.2k fragments per second         ||
|| Start read mapping in chunk.                                               ||
||   25% completed, 1.4 mins elapsed, rate=105.1k fragments per second        ||
||   31% completed, 1.7 mins elapsed, rate=108.7k fragments per second        ||
||   33% completed, 1.7 mins elapsed, rate=90.2k fragments per second         ||
||   33% completed, 1.8 mins elapsed, rate=90.4k fragments per second         ||
||   34% completed, 1.8 mins elapsed, rate=90.6k fragments per second         ||
||   34% completed, 1.8 mins elapsed, rate=90.8k fragments per second         ||
||   34% completed, 1.8 mins elapsed, rate=91.0k fragments per second         ||
||   35% completed, 1.8 mins elapsed, rate=91.2k fragments per second         ||
||   35% completed, 1.8 mins elapsed, rate=91.4k fragments per second         ||
||   36% completed, 1.9 mins elapsed, rate=91.6k fragments per second         ||
||   36% completed, 1.9 mins elapsed, rate=91.7k fragments per second         ||
|| Start read mapping in chunk.                                               ||
||   37% completed, 2.0 mins elapsed, rate=104.6k fragments per second        ||
||   44% completed, 2.2 mins elapsed, rate=107.2k fragments per second        ||
||   45% completed, 2.3 mins elapsed, rate=93.2k fragments per second         ||
||   46% completed, 2.3 mins elapsed, rate=93.3k fragments per second         ||
||   46% completed, 2.3 mins elapsed, rate=93.4k fragments per second         ||
||   46% completed, 2.4 mins elapsed, rate=93.4k fragments per second         ||
||   47% completed, 2.4 mins elapsed, rate=93.5k fragments per second         ||
||   47% completed, 2.4 mins elapsed, rate=93.6k fragments per second         ||
||   48% completed, 2.4 mins elapsed, rate=93.6k fragments per second         ||
||   48% completed, 2.4 mins elapsed, rate=93.6k fragments per second         ||
||   48% completed, 2.5 mins elapsed, rate=93.7k fragments per second         ||
|| Start read mapping in chunk.                                               ||
||   49% completed, 2.5 mins elapsed, rate=103.2k fragments per second        ||
||   56% completed, 2.8 mins elapsed, rate=105.2k fragments per second        ||
||   57% completed, 2.9 mins elapsed, rate=94.3k fragments per second         ||
||   58% completed, 2.9 mins elapsed, rate=94.3k fragments per second         ||
||   58% completed, 2.9 mins elapsed, rate=94.2k fragments per second         ||
||   59% completed, 3.0 mins elapsed, rate=94.2k fragments per second         ||
||   59% completed, 3.0 mins elapsed, rate=94.2k fragments per second         ||
||   60% completed, 3.0 mins elapsed, rate=94.2k fragments per second         ||
||   60% completed, 3.0 mins elapsed, rate=94.2k fragments per second         ||
||   60% completed, 3.0 mins elapsed, rate=94.2k fragments per second         ||
||   61% completed, 3.1 mins elapsed, rate=94.2k fragments per second         ||
||   61% completed, 3.1 mins elapsed, rate=94.2k fragments per second         ||
|| Start read mapping in chunk.                                               ||
||   62% completed, 3.2 mins elapsed, rate=101.7k fragments per second        ||
||   68% completed, 3.4 mins elapsed, rate=103.6k fragments per second        ||
||   70% completed, 3.5 mins elapsed, rate=94.6k fragments per second         ||
||   70% completed, 3.5 mins elapsed, rate=94.5k fragments per second         ||
||   71% completed, 3.6 mins elapsed, rate=94.5k fragments per second         ||
||   71% completed, 3.6 mins elapsed, rate=94.5k fragments per second         ||
||   72% completed, 3.6 mins elapsed, rate=94.4k fragments per second         ||
||   72% completed, 3.6 mins elapsed, rate=94.4k fragments per second         ||
||   72% completed, 3.6 mins elapsed, rate=94.4k fragments per second         ||
||   73% completed, 3.7 mins elapsed, rate=94.3k fragments per second         ||
||   73% completed, 3.7 mins elapsed, rate=94.3k fragments per second         ||
|| Start read mapping in chunk.                                               ||
||   74% completed, 3.8 mins elapsed, rate=100.4k fragments per second        ||
||   81% completed, 4.0 mins elapsed, rate=102.2k fragments per second        ||
||   82% completed, 4.1 mins elapsed, rate=94.7k fragments per second         ||
||   83% completed, 4.1 mins elapsed, rate=94.7k fragments per second         ||
||   83% completed, 4.2 mins elapsed, rate=94.6k fragments per second         ||
||   84% completed, 4.2 mins elapsed, rate=94.6k fragments per second         ||
||   84% completed, 4.2 mins elapsed, rate=94.5k fragments per second         ||
||   84% completed, 4.2 mins elapsed, rate=94.4k fragments per second         ||
||   85% completed, 4.3 mins elapsed, rate=94.4k fragments per second         ||
||   85% completed, 4.3 mins elapsed, rate=94.4k fragments per second         ||
||   86% completed, 4.3 mins elapsed, rate=94.3k fragments per second         ||
||   86% completed, 4.3 mins elapsed, rate=94.2k fragments per second         ||
|| Start read mapping in chunk.                                               ||
||   86% completed, 4.4 mins elapsed, rate=99.6k fragments per second         ||
||   93% completed, 4.6 mins elapsed, rate=101.1k fragments per second        ||
||   95% completed, 4.7 mins elapsed, rate=94.7k fragments per second         ||
||   95% completed, 4.8 mins elapsed, rate=94.6k fragments per second         ||
||   96% completed, 4.8 mins elapsed, rate=94.5k fragments per second         ||
||   96% completed, 4.8 mins elapsed, rate=94.4k fragments per second         ||
||   96% completed, 4.8 mins elapsed, rate=94.3k fragments per second         ||
||   97% completed, 4.9 mins elapsed, rate=94.2k fragments per second         ||
||   97% completed, 4.9 mins elapsed, rate=94.0k fragments per second         ||
||   98% completed, 4.9 mins elapsed, rate=93.9k fragments per second         ||
||   98% completed, 4.9 mins elapsed, rate=93.9k fragments per second         ||
||   98% completed, 5.0 mins elapsed, rate=93.8k fragments per second         ||
|| Start read mapping in chunk.                                               ||
||   99% completed, 5.0 mins elapsed, rate=98.3k fragments per second         ||
||   99% completed, 5.1 mins elapsed, rate=92.8k fragments per second         ||
||   99% completed, 5.1 mins elapsed, rate=92.7k fragments per second         ||
||   99% completed, 5.1 mins elapsed, rate=92.7k fragments per second         ||
|| Sort the reads...                                                          ||
||                                                                            ||
||                           Completed successfully.                          ||
||                                                                            ||
\\====================================    ====================================//

//================================   Summary =================================\\
||                                                                            ||
||             Total fragments : 28,260,337                                   ||
||                      Mapped : 26,770,409 (94.7%)                           ||
||             Uniquely mapped : 26,770,409                                   ||
||               Multi-mapping : 0                                            ||
||                                                                            ||
||                    Unmapped : 1,489,928                                    ||
||                                                                            ||
||             Properly paired : 22,305,174                                   ||
||         Not properly paired : 4,465,235                                    ||
||                   Singleton : 2,327,194                                    ||
||                    Chimeric : 104,543                                      ||
||       Unexpected strandness : 35,241                                       ||
||  Unexpected fragment length : 1,959,684                                    ||
||       Unexpected read order : 38,573                                       ||
||                                                                            ||
||                      Indels : 189,857                                      ||
||                                                                            ||
||                Running time : 10.0 minutes                                 ||
||                                                                            ||
\\============================================================================//

