
        ==========     _____ _    _ ____  _____  ______          _____  
        =====         / ____| |  | |  _ \|  __ \|  ____|   /\   |  __ \ 
          =====      | (___ | |  | | |_) | |__) | |__     /  \  | |  | |
            ====      \___ \| |  | |  _ <|  _  /|  __|   / /\ \ | |  | |
              ====    ____) | |__| | |_) | | \ \| |____ / ____ \| |__| |
        ==========   |_____/ \____/|____/|_|  \_\______/_/    \_\_____/
	  v2.0.1

//================================= setting ==================================\\
||                                                                            ||
|| Function      : Read alignment (RNA-Seq)                                   ||
|| Input file 1  : LK55R1_clean_R1.fastq.gz                                   ||
|| Input file 2  : LK55R1_clean_R2.fastq.gz                                   ||
|| Output file   : LK55R1.bam (BAM), Sorted                                   ||
|| Index name    : maize-genome-V4                                            ||
||                                                                            ||
||                    ------------------------------------                    ||
||                                                                            ||
||                               Threads : 16                                 ||
||                          Phred offset : 33                                 ||
||               # of extracted subreads : 10                                 ||
||                        Min read1 vote : 3                                  ||
||                        Min read2 vote : 1                                  ||
||                     Max fragment size : 600                                ||
||                     Min fragment size : 50                                 ||
||                        Max mismatches : 3                                  ||
||                      Max indel length : 5                                  ||
||            Report multi-mapping reads : no                                 ||
|| Max alignments per multi-mapping read : 1                                  ||
||                       Read group name : LK55R1                             ||
||                                                                            ||
\\============================================================================//

//=============== Running (23-Apr-2021 18:03:17, pid=1359681) ================\\
||                                                                            ||
|| Check the input reads.                                                     ||
|| The input file contains base space reads.                                  ||
|| Initialise the memory objects.                                             ||
|| Estimate the mean read length.                                             ||
|| The range of Phred scores observed in the data is [2,37]                   ||
|| Create the output BAM file.                                                ||
|| Check the index.                                                           ||
|| Init the voting space.                                                     ||
|| Global environment is initialised.                                         ||
|| Load the 1-th index block...                                               ||
|| The index block has been loaded.                                           ||
|| Start read mapping in chunk.                                               ||
||    0% completed, 0.2 mins elapsed, rate=116.1k fragments per second        ||
||    7% completed, 0.4 mins elapsed, rate=141.3k fragments per second        ||
||   Estimated fragment length : 271 bp                                       ||
||    9% completed, 0.5 mins elapsed, rate=81.0k fragments per second         ||
||    9% completed, 0.5 mins elapsed, rate=82.8k fragments per second         ||
||    9% completed, 0.5 mins elapsed, rate=84.6k fragments per second         ||
||   10% completed, 0.5 mins elapsed, rate=86.4k fragments per second         ||
||   10% completed, 0.6 mins elapsed, rate=88.2k fragments per second         ||
||   11% completed, 0.6 mins elapsed, rate=89.7k fragments per second         ||
||   11% completed, 0.6 mins elapsed, rate=91.2k fragments per second         ||
||   12% completed, 0.6 mins elapsed, rate=92.6k fragments per second         ||
||   12% completed, 0.6 mins elapsed, rate=93.9k fragments per second         ||
||   12% completed, 0.6 mins elapsed, rate=95.2k fragments per second         ||
|| Start read mapping in chunk.                                               ||
||   13% completed, 0.7 mins elapsed, rate=128.6k fragments per second        ||
||   19% completed, 0.9 mins elapsed, rate=133.7k fragments per second        ||
||   21% completed, 1.0 mins elapsed, rate=103.5k fragments per second        ||
||   22% completed, 1.0 mins elapsed, rate=104.1k fragments per second        ||
||   22% completed, 1.0 mins elapsed, rate=104.8k fragments per second        ||
||   23% completed, 1.0 mins elapsed, rate=105.4k fragments per second        ||
||   23% completed, 1.0 mins elapsed, rate=106.0k fragments per second        ||
||   24% completed, 1.0 mins elapsed, rate=106.6k fragments per second        ||
||   24% completed, 1.0 mins elapsed, rate=107.3k fragments per second        ||
||   24% completed, 1.0 mins elapsed, rate=108.0k fragments per second        ||
||   25% completed, 1.1 mins elapsed, rate=108.6k fragments per second        ||
|| Start read mapping in chunk.                                               ||
||   26% completed, 1.1 mins elapsed, rate=128.1k fragments per second        ||
||   32% completed, 1.3 mins elapsed, rate=131.6k fragments per second        ||
||   34% completed, 1.4 mins elapsed, rate=111.5k fragments per second        ||
||   35% completed, 1.4 mins elapsed, rate=111.9k fragments per second        ||
||   35% completed, 1.4 mins elapsed, rate=112.3k fragments per second        ||
||   36% completed, 1.4 mins elapsed, rate=112.7k fragments per second        ||
||   36% completed, 1.5 mins elapsed, rate=113.1k fragments per second        ||
||   36% completed, 1.5 mins elapsed, rate=113.4k fragments per second        ||
||   37% completed, 1.5 mins elapsed, rate=113.8k fragments per second        ||
||   37% completed, 1.5 mins elapsed, rate=114.1k fragments per second        ||
||   38% completed, 1.5 mins elapsed, rate=114.5k fragments per second        ||
|| Start read mapping in chunk.                                               ||
||   38% completed, 1.6 mins elapsed, rate=128.2k fragments per second        ||
||   45% completed, 1.8 mins elapsed, rate=130.2k fragments per second        ||
||   47% completed, 1.9 mins elapsed, rate=114.9k fragments per second        ||
||   48% completed, 1.9 mins elapsed, rate=115.2k fragments per second        ||
||   48% completed, 1.9 mins elapsed, rate=115.4k fragments per second        ||
||   48% completed, 1.9 mins elapsed, rate=115.7k fragments per second        ||
||   49% completed, 1.9 mins elapsed, rate=115.9k fragments per second        ||
||   49% completed, 1.9 mins elapsed, rate=116.2k fragments per second        ||
||   50% completed, 2.0 mins elapsed, rate=116.4k fragments per second        ||
||   50% completed, 2.0 mins elapsed, rate=116.6k fragments per second        ||
||   51% completed, 2.0 mins elapsed, rate=116.8k fragments per second        ||
|| Start read mapping in chunk.                                               ||
||   51% completed, 2.0 mins elapsed, rate=127.2k fragments per second        ||
||   58% completed, 2.2 mins elapsed, rate=129.2k fragments per second        ||
||   60% completed, 2.3 mins elapsed, rate=116.8k fragments per second        ||
||   60% completed, 2.4 mins elapsed, rate=117.0k fragments per second        ||
||   61% completed, 2.4 mins elapsed, rate=117.1k fragments per second        ||
||   61% completed, 2.4 mins elapsed, rate=117.3k fragments per second        ||
||   62% completed, 2.4 mins elapsed, rate=117.4k fragments per second        ||
||   62% completed, 2.4 mins elapsed, rate=117.6k fragments per second        ||
||   63% completed, 2.4 mins elapsed, rate=117.7k fragments per second        ||
||   63% completed, 2.4 mins elapsed, rate=117.9k fragments per second        ||
||   63% completed, 2.4 mins elapsed, rate=118.0k fragments per second        ||
||   64% completed, 2.5 mins elapsed, rate=118.2k fragments per second        ||
|| Start read mapping in chunk.                                               ||
||   64% completed, 2.5 mins elapsed, rate=126.4k fragments per second        ||
||   71% completed, 2.7 mins elapsed, rate=128.1k fragments per second        ||
||   73% completed, 2.8 mins elapsed, rate=117.9k fragments per second        ||
||   73% completed, 2.8 mins elapsed, rate=118.1k fragments per second        ||
||   74% completed, 2.8 mins elapsed, rate=118.2k fragments per second        ||
||   74% completed, 2.9 mins elapsed, rate=118.4k fragments per second        ||
||   75% completed, 2.9 mins elapsed, rate=118.5k fragments per second        ||
||   75% completed, 2.9 mins elapsed, rate=118.6k fragments per second        ||
||   76% completed, 2.9 mins elapsed, rate=118.7k fragments per second        ||
||   76% completed, 2.9 mins elapsed, rate=118.8k fragments per second        ||
||   77% completed, 2.9 mins elapsed, rate=118.9k fragments per second        ||
||   77% completed, 2.9 mins elapsed, rate=119.1k fragments per second        ||
|| Start read mapping in chunk.                                               ||
||   77% completed, 3.0 mins elapsed, rate=126.0k fragments per second        ||
||   84% completed, 3.2 mins elapsed, rate=127.3k fragments per second        ||
||   86% completed, 3.3 mins elapsed, rate=118.4k fragments per second        ||
||   87% completed, 3.3 mins elapsed, rate=118.5k fragments per second        ||
||   87% completed, 3.3 mins elapsed, rate=118.5k fragments per second        ||
||   87% completed, 3.3 mins elapsed, rate=118.6k fragments per second        ||
||   88% completed, 3.3 mins elapsed, rate=118.7k fragments per second        ||
||   88% completed, 3.4 mins elapsed, rate=118.8k fragments per second        ||
||   89% completed, 3.4 mins elapsed, rate=118.9k fragments per second        ||
||   89% completed, 3.4 mins elapsed, rate=119.0k fragments per second        ||
||   90% completed, 3.4 mins elapsed, rate=119.1k fragments per second        ||
||   90% completed, 3.4 mins elapsed, rate=119.2k fragments per second        ||
|| Start read mapping in chunk.                                               ||
||   90% completed, 3.5 mins elapsed, rate=125.1k fragments per second        ||
||   97% completed, 3.7 mins elapsed, rate=118.6k fragments per second        ||
||   97% completed, 3.7 mins elapsed, rate=118.7k fragments per second        ||
||   97% completed, 3.7 mins elapsed, rate=118.7k fragments per second        ||
||   98% completed, 3.7 mins elapsed, rate=118.8k fragments per second        ||
||   98% completed, 3.7 mins elapsed, rate=118.9k fragments per second        ||
||   98% completed, 3.7 mins elapsed, rate=118.9k fragments per second        ||
||   99% completed, 3.7 mins elapsed, rate=119.0k fragments per second        ||
||   99% completed, 3.8 mins elapsed, rate=119.0k fragments per second        ||
||   99% completed, 3.8 mins elapsed, rate=119.1k fragments per second        ||
|| Sort the reads...                                                          ||
||                                                                            ||
||                           Completed successfully.                          ||
||                                                                            ||
\\====================================    ====================================//

//================================   Summary =================================\\
||                                                                            ||
||             Total fragments : 26,981,526                                   ||
||                      Mapped : 25,665,319 (95.1%)                           ||
||             Uniquely mapped : 25,665,319                                   ||
||               Multi-mapping : 0                                            ||
||                                                                            ||
||                    Unmapped : 1,316,207                                    ||
||                                                                            ||
||             Properly paired : 21,609,996                                   ||
||         Not properly paired : 4,055,323                                    ||
||                   Singleton : 2,107,579                                    ||
||                    Chimeric : 93,293                                       ||
||       Unexpected strandness : 37,145                                       ||
||  Unexpected fragment length : 1,774,791                                    ||
||       Unexpected read order : 42,515                                       ||
||                                                                            ||
||                      Indels : 224,831                                      ||
||                                                                            ||
||                Running time : 9.7 minutes                                  ||
||                                                                            ||
\\============================================================================//

