
        ==========     _____ _    _ ____  _____  ______          _____  
        =====         / ____| |  | |  _ \|  __ \|  ____|   /\   |  __ \ 
          =====      | (___ | |  | | |_) | |__) | |__     /  \  | |  | |
            ====      \___ \| |  | |  _ <|  _  /|  __|   / /\ \ | |  | |
              ====    ____) | |__| | |_) | | \ \| |____ / ____ \| |__| |
        ==========   |_____/ \____/|____/|_|  \_\______/_/    \_\_____/
	  v2.0.1

//================================= setting ==================================\\
||                                                                            ||
|| Function      : Read alignment (RNA-Seq)                                   ||
|| Input file 1  : LSDL3_clean_R1.fastq.gz                                    ||
|| Input file 2  : LSDL3_clean_R2.fastq.gz                                    ||
|| Output file   : LSDL3.bam (BAM), Sorted                                    ||
|| Index name    : maize-genome-V4                                            ||
||                                                                            ||
||                    ------------------------------------                    ||
||                                                                            ||
||                               Threads : 16                                 ||
||                          Phred offset : 33                                 ||
||               # of extracted subreads : 10                                 ||
||                        Min read1 vote : 3                                  ||
||                        Min read2 vote : 1                                  ||
||                     Max fragment size : 600                                ||
||                     Min fragment size : 50                                 ||
||                        Max mismatches : 3                                  ||
||                      Max indel length : 5                                  ||
||            Report multi-mapping reads : no                                 ||
|| Max alignments per multi-mapping read : 1                                  ||
||                       Read group name : LSDL3                              ||
||                                                                            ||
\\============================================================================//

//================ Running (23-Apr-2021 18:04:10, pid=925300) ================\\
||                                                                            ||
|| Check the input reads.                                                     ||
|| The input file contains base space reads.                                  ||
|| Initialise the memory objects.                                             ||
|| Estimate the mean read length.                                             ||
|| The range of Phred scores observed in the data is [2,37]                   ||
|| Create the output BAM file.                                                ||
|| Check the index.                                                           ||
|| Init the voting space.                                                     ||
|| Global environment is initialised.                                         ||
|| Load the 1-th index block...                                               ||
|| The index block has been loaded.                                           ||
|| Start read mapping in chunk.                                               ||
||    0% completed, 0.3 mins elapsed, rate=72.8k fragments per second         ||
||    7% completed, 0.6 mins elapsed, rate=111.8k fragments per second        ||
||   Estimated fragment length : 282 bp                                       ||
||    9% completed, 0.7 mins elapsed, rate=57.3k fragments per second         ||
||    9% completed, 0.7 mins elapsed, rate=57.9k fragments per second         ||
||   10% completed, 0.8 mins elapsed, rate=58.6k fragments per second         ||
||   10% completed, 0.8 mins elapsed, rate=59.8k fragments per second         ||
||   11% completed, 0.8 mins elapsed, rate=61.0k fragments per second         ||
||   11% completed, 0.8 mins elapsed, rate=62.2k fragments per second         ||
||   12% completed, 0.8 mins elapsed, rate=63.4k fragments per second         ||
||   12% completed, 0.8 mins elapsed, rate=64.4k fragments per second         ||
||   12% completed, 0.9 mins elapsed, rate=65.5k fragments per second         ||
||   13% completed, 0.9 mins elapsed, rate=66.5k fragments per second         ||
|| Start read mapping in chunk.                                               ||
||   13% completed, 1.0 mins elapsed, rate=95.2k fragments per second         ||
||   20% completed, 1.2 mins elapsed, rate=101.6k fragments per second        ||
||   22% completed, 1.3 mins elapsed, rate=74.6k fragments per second         ||
||   23% completed, 1.3 mins elapsed, rate=74.8k fragments per second         ||
||   23% completed, 1.4 mins elapsed, rate=75.3k fragments per second         ||
||   24% completed, 1.4 mins elapsed, rate=75.7k fragments per second         ||
||   24% completed, 1.4 mins elapsed, rate=76.1k fragments per second         ||
||   25% completed, 1.4 mins elapsed, rate=76.4k fragments per second         ||
||   25% completed, 1.4 mins elapsed, rate=76.8k fragments per second         ||
||   26% completed, 1.5 mins elapsed, rate=77.2k fragments per second         ||
||   26% completed, 1.5 mins elapsed, rate=77.6k fragments per second         ||
|| Start read mapping in chunk.                                               ||
||   27% completed, 1.6 mins elapsed, rate=94.5k fragments per second         ||
||   34% completed, 1.8 mins elapsed, rate=98.7k fragments per second         ||
||   36% completed, 1.9 mins elapsed, rate=81.4k fragments per second         ||
||   36% completed, 2.0 mins elapsed, rate=81.5k fragments per second         ||
||   37% completed, 2.0 mins elapsed, rate=81.6k fragments per second         ||
||   37% completed, 2.0 mins elapsed, rate=81.7k fragments per second         ||
||   38% completed, 2.0 mins elapsed, rate=81.8k fragments per second         ||
||   38% completed, 2.0 mins elapsed, rate=82.0k fragments per second         ||
||   39% completed, 2.1 mins elapsed, rate=82.1k fragments per second         ||
||   39% completed, 2.1 mins elapsed, rate=82.2k fragments per second         ||
||   39% completed, 2.1 mins elapsed, rate=82.3k fragments per second         ||
||   40% completed, 2.1 mins elapsed, rate=82.4k fragments per second         ||
|| Start read mapping in chunk.                                               ||
||   40% completed, 2.2 mins elapsed, rate=94.1k fragments per second         ||
||   47% completed, 2.4 mins elapsed, rate=97.1k fragments per second         ||
||   49% completed, 2.6 mins elapsed, rate=83.9k fragments per second         ||
||   50% completed, 2.6 mins elapsed, rate=84.0k fragments per second         ||
||   50% completed, 2.6 mins elapsed, rate=84.0k fragments per second         ||
||   51% completed, 2.6 mins elapsed, rate=84.0k fragments per second         ||
||   51% completed, 2.7 mins elapsed, rate=84.0k fragments per second         ||
||   52% completed, 2.7 mins elapsed, rate=84.0k fragments per second         ||
||   52% completed, 2.7 mins elapsed, rate=84.0k fragments per second         ||
||   53% completed, 2.7 mins elapsed, rate=84.0k fragments per second         ||
||   53% completed, 2.8 mins elapsed, rate=84.0k fragments per second         ||
|| Start read mapping in chunk.                                               ||
||   54% completed, 2.8 mins elapsed, rate=92.9k fragments per second         ||
||   60% completed, 3.1 mins elapsed, rate=95.0k fragments per second         ||
||   63% completed, 3.2 mins elapsed, rate=84.5k fragments per second         ||
||   63% completed, 3.3 mins elapsed, rate=84.4k fragments per second         ||
||   64% completed, 3.3 mins elapsed, rate=84.4k fragments per second         ||
||   64% completed, 3.3 mins elapsed, rate=84.4k fragments per second         ||
||   65% completed, 3.3 mins elapsed, rate=84.4k fragments per second         ||
||   65% completed, 3.4 mins elapsed, rate=84.3k fragments per second         ||
||   66% completed, 3.4 mins elapsed, rate=84.3k fragments per second         ||
||   66% completed, 3.4 mins elapsed, rate=84.3k fragments per second         ||
||   66% completed, 3.4 mins elapsed, rate=84.4k fragments per second         ||
||   67% completed, 3.4 mins elapsed, rate=84.4k fragments per second         ||
|| Start read mapping in chunk.                                               ||
||   68% completed, 3.5 mins elapsed, rate=91.4k fragments per second         ||
||   74% completed, 3.8 mins elapsed, rate=93.2k fragments per second         ||
||   77% completed, 3.9 mins elapsed, rate=84.6k fragments per second         ||
||   77% completed, 3.9 mins elapsed, rate=84.6k fragments per second         ||
||   77% completed, 4.0 mins elapsed, rate=84.5k fragments per second         ||
||   78% completed, 4.0 mins elapsed, rate=84.5k fragments per second         ||
||   78% completed, 4.0 mins elapsed, rate=84.5k fragments per second         ||
||   79% completed, 4.0 mins elapsed, rate=84.4k fragments per second         ||
||   79% completed, 4.1 mins elapsed, rate=84.4k fragments per second         ||
||   80% completed, 4.1 mins elapsed, rate=84.4k fragments per second         ||
||   80% completed, 4.1 mins elapsed, rate=84.5k fragments per second         ||
|| Start read mapping in chunk.                                               ||
||   81% completed, 4.2 mins elapsed, rate=90.3k fragments per second         ||
||   88% completed, 4.5 mins elapsed, rate=91.9k fragments per second         ||
||   90% completed, 4.6 mins elapsed, rate=84.5k fragments per second         ||
||   91% completed, 4.6 mins elapsed, rate=84.4k fragments per second         ||
||   91% completed, 4.7 mins elapsed, rate=84.4k fragments per second         ||
||   91% completed, 4.7 mins elapsed, rate=84.4k fragments per second         ||
||   92% completed, 4.7 mins elapsed, rate=84.3k fragments per second         ||
||   92% completed, 4.7 mins elapsed, rate=84.3k fragments per second         ||
||   93% completed, 4.8 mins elapsed, rate=84.2k fragments per second         ||
||   93% completed, 4.8 mins elapsed, rate=84.2k fragments per second         ||
||   94% completed, 4.8 mins elapsed, rate=84.2k fragments per second         ||
||   94% completed, 4.8 mins elapsed, rate=84.0k fragments per second         ||
|| Start read mapping in chunk.                                               ||
||   95% completed, 4.9 mins elapsed, rate=88.9k fragments per second         ||
||   98% completed, 5.1 mins elapsed, rate=83.3k fragments per second         ||
||   98% completed, 5.1 mins elapsed, rate=83.2k fragments per second         ||
||   98% completed, 5.1 mins elapsed, rate=83.1k fragments per second         ||
||   98% completed, 5.1 mins elapsed, rate=83.1k fragments per second         ||
||   99% completed, 5.1 mins elapsed, rate=83.1k fragments per second         ||
||   99% completed, 5.1 mins elapsed, rate=83.0k fragments per second         ||
||   99% completed, 5.2 mins elapsed, rate=83.0k fragments per second         ||
||   99% completed, 5.2 mins elapsed, rate=83.0k fragments per second         ||
||   99% completed, 5.2 mins elapsed, rate=83.0k fragments per second         ||
||   99% completed, 5.2 mins elapsed, rate=83.0k fragments per second         ||
|| Sort the reads...                                                          ||
||                                                                            ||
||                           Completed successfully.                          ||
||                                                                            ||
\\====================================    ====================================//

//================================   Summary =================================\\
||                                                                            ||
||             Total fragments : 25,813,435                                   ||
||                      Mapped : 24,493,056 (94.9%)                           ||
||             Uniquely mapped : 24,493,056                                   ||
||               Multi-mapping : 0                                            ||
||                                                                            ||
||                    Unmapped : 1,320,379                                    ||
||                                                                            ||
||             Properly paired : 20,811,439                                   ||
||         Not properly paired : 3,681,617                                    ||
||                   Singleton : 1,817,334                                    ||
||                    Chimeric : 87,931                                       ||
||       Unexpected strandness : 31,398                                       ||
||  Unexpected fragment length : 1,712,512                                    ||
||       Unexpected read order : 32,442                                       ||
||                                                                            ||
||                      Indels : 173,781                                      ||
||                                                                            ||
||                Running time : 11.4 minutes                                 ||
||                                                                            ||
\\============================================================================//

