
        ==========     _____ _    _ ____  _____  ______          _____  
        =====         / ____| |  | |  _ \|  __ \|  ____|   /\   |  __ \ 
          =====      | (___ | |  | | |_) | |__) | |__     /  \  | |  | |
            ====      \___ \| |  | |  _ <|  _  /|  __|   / /\ \ | |  | |
              ====    ____) | |__| | |_) | | \ \| |____ / ____ \| |__| |
        ==========   |_____/ \____/|____/|_|  \_\______/_/    \_\_____/
	  v2.0.1

//================================= setting ==================================\\
||                                                                            ||
|| Function      : Read alignment (RNA-Seq)                                   ||
|| Input file 1  : LSDL4_clean_R1.fastq.gz                                    ||
|| Input file 2  : LSDL4_clean_R2.fastq.gz                                    ||
|| Output file   : LSDL4.bam (BAM), Sorted                                    ||
|| Index name    : maize-genome-V4                                            ||
||                                                                            ||
||                    ------------------------------------                    ||
||                                                                            ||
||                               Threads : 16                                 ||
||                          Phred offset : 33                                 ||
||               # of extracted subreads : 10                                 ||
||                        Min read1 vote : 3                                  ||
||                        Min read2 vote : 1                                  ||
||                     Max fragment size : 600                                ||
||                     Min fragment size : 50                                 ||
||                        Max mismatches : 3                                  ||
||                      Max indel length : 5                                  ||
||            Report multi-mapping reads : no                                 ||
|| Max alignments per multi-mapping read : 1                                  ||
||                       Read group name : LSDL4                              ||
||                                                                            ||
\\============================================================================//

//=============== Running (23-Apr-2021 18:07:10, pid=1533232) ================\\
||                                                                            ||
|| Check the input reads.                                                     ||
|| The input file contains base space reads.                                  ||
|| Initialise the memory objects.                                             ||
|| Estimate the mean read length.                                             ||
|| The range of Phred scores observed in the data is [2,37]                   ||
|| Create the output BAM file.                                                ||
|| Check the index.                                                           ||
|| Init the voting space.                                                     ||
|| Global environment is initialised.                                         ||
|| Load the 1-th index block...                                               ||
|| The index block has been loaded.                                           ||
|| Start read mapping in chunk.                                               ||
||    0% completed, 0.4 mins elapsed, rate=86.9k fragments per second         ||
||    7% completed, 0.6 mins elapsed, rate=121.4k fragments per second        ||
||   Estimated fragment length : 263 bp                                       ||
||   11% completed, 0.7 mins elapsed, rate=56.6k fragments per second         ||
||   12% completed, 0.7 mins elapsed, rate=58.0k fragments per second         ||
||   12% completed, 0.8 mins elapsed, rate=59.4k fragments per second         ||
||   13% completed, 0.8 mins elapsed, rate=60.7k fragments per second         ||
||   13% completed, 0.8 mins elapsed, rate=61.9k fragments per second         ||
||   14% completed, 0.8 mins elapsed, rate=63.1k fragments per second         ||
||   14% completed, 0.8 mins elapsed, rate=64.3k fragments per second         ||
||   15% completed, 0.8 mins elapsed, rate=65.3k fragments per second         ||
||   16% completed, 0.8 mins elapsed, rate=66.4k fragments per second         ||
|| Start read mapping in chunk.                                               ||
||   16% completed, 0.9 mins elapsed, rate=101.8k fragments per second        ||
||   23% completed, 1.1 mins elapsed, rate=108.9k fragments per second        ||
||   28% completed, 1.3 mins elapsed, rate=77.8k fragments per second         ||
||   28% completed, 1.3 mins elapsed, rate=78.2k fragments per second         ||
||   29% completed, 1.3 mins elapsed, rate=78.6k fragments per second         ||
||   29% completed, 1.3 mins elapsed, rate=78.8k fragments per second         ||
||   30% completed, 1.4 mins elapsed, rate=77.8k fragments per second         ||
||   30% completed, 1.4 mins elapsed, rate=78.2k fragments per second         ||
||   31% completed, 1.4 mins elapsed, rate=78.6k fragments per second         ||
||   32% completed, 1.4 mins elapsed, rate=79.0k fragments per second         ||
||   32% completed, 1.4 mins elapsed, rate=79.3k fragments per second         ||
|| Start read mapping in chunk.                                               ||
||   33% completed, 1.5 mins elapsed, rate=99.7k fragments per second         ||
||   40% completed, 1.7 mins elapsed, rate=103.9k fragments per second        ||
||   44% completed, 1.9 mins elapsed, rate=83.7k fragments per second         ||
||   45% completed, 1.9 mins elapsed, rate=83.3k fragments per second         ||
||   45% completed, 1.9 mins elapsed, rate=83.4k fragments per second         ||
||   46% completed, 1.9 mins elapsed, rate=83.6k fragments per second         ||
||   46% completed, 2.0 mins elapsed, rate=83.7k fragments per second         ||
||   47% completed, 2.0 mins elapsed, rate=83.9k fragments per second         ||
||   47% completed, 2.0 mins elapsed, rate=84.0k fragments per second         ||
||   48% completed, 2.0 mins elapsed, rate=84.1k fragments per second         ||
||   48% completed, 2.0 mins elapsed, rate=84.2k fragments per second         ||
||   49% completed, 2.1 mins elapsed, rate=84.3k fragments per second         ||
|| Start read mapping in chunk.                                               ||
||   50% completed, 2.1 mins elapsed, rate=98.2k fragments per second         ||
||   56% completed, 2.3 mins elapsed, rate=101.1k fragments per second        ||
||   61% completed, 2.5 mins elapsed, rate=86.8k fragments per second         ||
||   61% completed, 2.5 mins elapsed, rate=86.7k fragments per second         ||
||   62% completed, 2.5 mins elapsed, rate=86.7k fragments per second         ||
||   62% completed, 2.5 mins elapsed, rate=86.7k fragments per second         ||
||   63% completed, 2.6 mins elapsed, rate=86.7k fragments per second         ||
||   63% completed, 2.6 mins elapsed, rate=86.7k fragments per second         ||
||   64% completed, 2.6 mins elapsed, rate=86.7k fragments per second         ||
||   64% completed, 2.6 mins elapsed, rate=86.8k fragments per second         ||
||   65% completed, 2.6 mins elapsed, rate=86.8k fragments per second         ||
||   65% completed, 2.7 mins elapsed, rate=86.8k fragments per second         ||
|| Start read mapping in chunk.                                               ||
||   66% completed, 2.7 mins elapsed, rate=97.5k fragments per second         ||
||   73% completed, 2.9 mins elapsed, rate=100.0k fragments per second        ||
||   78% completed, 3.1 mins elapsed, rate=87.8k fragments per second         ||
||   78% completed, 3.1 mins elapsed, rate=87.6k fragments per second         ||
||   79% completed, 3.2 mins elapsed, rate=87.6k fragments per second         ||
||   79% completed, 3.2 mins elapsed, rate=87.5k fragments per second         ||
||   80% completed, 3.2 mins elapsed, rate=87.2k fragments per second         ||
||   81% completed, 3.3 mins elapsed, rate=87.2k fragments per second         ||
||   81% completed, 3.3 mins elapsed, rate=87.2k fragments per second         ||
||   82% completed, 3.3 mins elapsed, rate=87.2k fragments per second         ||
||   82% completed, 3.3 mins elapsed, rate=87.2k fragments per second         ||
|| Start read mapping in chunk.                                               ||
||   83% completed, 3.4 mins elapsed, rate=95.6k fragments per second         ||
||   90% completed, 3.6 mins elapsed, rate=97.2k fragments per second         ||
||   94% completed, 3.8 mins elapsed, rate=88.0k fragments per second         ||
||   95% completed, 3.8 mins elapsed, rate=87.3k fragments per second         ||
||   95% completed, 3.9 mins elapsed, rate=87.1k fragments per second         ||
||   96% completed, 3.9 mins elapsed, rate=87.1k fragments per second         ||
||   96% completed, 3.9 mins elapsed, rate=87.0k fragments per second         ||
||   97% completed, 3.9 mins elapsed, rate=87.0k fragments per second         ||
||   98% completed, 3.9 mins elapsed, rate=87.0k fragments per second         ||
||   98% completed, 4.0 mins elapsed, rate=87.0k fragments per second         ||
||   99% completed, 4.0 mins elapsed, rate=86.9k fragments per second         ||
||   99% completed, 4.0 mins elapsed, rate=86.9k fragments per second         ||
|| Start read mapping in chunk.                                               ||
|| Sort the reads...                                                          ||
||                                                                            ||
||                           Completed successfully.                          ||
||                                                                            ||
\\====================================    ====================================//

//================================   Summary =================================\\
||                                                                            ||
||             Total fragments : 20,985,987                                   ||
||                      Mapped : 19,934,523 (95.0%)                           ||
||             Uniquely mapped : 19,934,523                                   ||
||               Multi-mapping : 0                                            ||
||                                                                            ||
||                    Unmapped : 1,051,464                                    ||
||                                                                            ||
||             Properly paired : 17,323,255                                   ||
||         Not properly paired : 2,611,268                                    ||
||                   Singleton : 1,366,543                                    ||
||                    Chimeric : 69,111                                       ||
||       Unexpected strandness : 24,255                                       ||
||  Unexpected fragment length : 1,119,805                                    ||
||       Unexpected read order : 31,554                                       ||
||                                                                            ||
||                      Indels : 155,350                                      ||
||                                                                            ||
||                Running time : 12.8 minutes                                 ||
||                                                                            ||
\\============================================================================//

