
        ==========     _____ _    _ ____  _____  ______          _____  
        =====         / ____| |  | |  _ \|  __ \|  ____|   /\   |  __ \ 
          =====      | (___ | |  | | |_) | |__) | |__     /  \  | |  | |
            ====      \___ \| |  | |  _ <|  _  /|  __|   / /\ \ | |  | |
              ====    ____) | |__| | |_) | | \ \| |____ / ____ \| |__| |
        ==========   |_____/ \____/|____/|_|  \_\______/_/    \_\_____/
	  v2.0.1

//================================= setting ==================================\\
||                                                                            ||
|| Function      : Read alignment (RNA-Seq)                                   ||
|| Input file 1  : LSDR2_clean_R1.fastq.gz                                    ||
|| Input file 2  : LSDR2_clean_R2.fastq.gz                                    ||
|| Output file   : LSDR2.bam (BAM), Sorted                                    ||
|| Index name    : maize-genome-V4                                            ||
||                                                                            ||
||                    ------------------------------------                    ||
||                                                                            ||
||                               Threads : 16                                 ||
||                          Phred offset : 33                                 ||
||               # of extracted subreads : 10                                 ||
||                        Min read1 vote : 3                                  ||
||                        Min read2 vote : 1                                  ||
||                     Max fragment size : 600                                ||
||                     Min fragment size : 50                                 ||
||                        Max mismatches : 3                                  ||
||                      Max indel length : 5                                  ||
||            Report multi-mapping reads : no                                 ||
|| Max alignments per multi-mapping read : 1                                  ||
||                       Read group name : LSDR2                              ||
||                                                                            ||
\\============================================================================//

//=============== Running (23-Apr-2021 18:08:27, pid=1146742) ================\\
||                                                                            ||
|| Check the input reads.                                                     ||
|| The input file contains base space reads.                                  ||
|| Initialise the memory objects.                                             ||
|| Estimate the mean read length.                                             ||
|| The range of Phred scores observed in the data is [2,37]                   ||
|| Create the output BAM file.                                                ||
|| Check the index.                                                           ||
|| Init the voting space.                                                     ||
|| Global environment is initialised.                                         ||
|| Load the 1-th index block...                                               ||
|| The index block has been loaded.                                           ||
|| Start read mapping in chunk.                                               ||
||    0% completed, 1.4 mins elapsed, rate=81.4k fragments per second         ||
||    7% completed, 1.7 mins elapsed, rate=121.8k fragments per second        ||
||   Estimated fragment length : 276 bp                                       ||
||    8% completed, 1.7 mins elapsed, rate=23.6k fragments per second         ||
||    8% completed, 1.8 mins elapsed, rate=24.5k fragments per second         ||
||    9% completed, 1.8 mins elapsed, rate=25.4k fragments per second         ||
||    9% completed, 1.8 mins elapsed, rate=26.3k fragments per second         ||
||    9% completed, 1.8 mins elapsed, rate=27.2k fragments per second         ||
||   10% completed, 1.8 mins elapsed, rate=28.0k fragments per second         ||
||   10% completed, 1.8 mins elapsed, rate=28.7k fragments per second         ||
||   11% completed, 1.9 mins elapsed, rate=29.3k fragments per second         ||
||   11% completed, 1.9 mins elapsed, rate=30.2k fragments per second         ||
|| Start read mapping in chunk.                                               ||
||   12% completed, 2.0 mins elapsed, rate=100.8k fragments per second        ||
||   18% completed, 2.2 mins elapsed, rate=109.2k fragments per second        ||
||   20% completed, 2.3 mins elapsed, rate=42.5k fragments per second         ||
||   20% completed, 2.4 mins elapsed, rate=43.0k fragments per second         ||
||   21% completed, 2.4 mins elapsed, rate=43.5k fragments per second         ||
||   21% completed, 2.4 mins elapsed, rate=44.1k fragments per second         ||
||   21% completed, 2.4 mins elapsed, rate=44.6k fragments per second         ||
||   22% completed, 2.4 mins elapsed, rate=45.2k fragments per second         ||
||   22% completed, 2.4 mins elapsed, rate=45.7k fragments per second         ||
||   23% completed, 2.4 mins elapsed, rate=46.2k fragments per second         ||
||   23% completed, 2.5 mins elapsed, rate=46.7k fragments per second         ||
|| Start read mapping in chunk.                                               ||
||   24% completed, 2.6 mins elapsed, rate=98.0k fragments per second         ||
||   30% completed, 2.8 mins elapsed, rate=103.4k fragments per second        ||
||   32% completed, 2.9 mins elapsed, rate=53.6k fragments per second         ||
||   32% completed, 2.9 mins elapsed, rate=54.0k fragments per second         ||
||   32% completed, 3.0 mins elapsed, rate=54.4k fragments per second         ||
||   33% completed, 3.0 mins elapsed, rate=54.4k fragments per second         ||
||   33% completed, 3.0 mins elapsed, rate=54.7k fragments per second         ||
||   34% completed, 3.0 mins elapsed, rate=55.1k fragments per second         ||
||   34% completed, 3.0 mins elapsed, rate=55.4k fragments per second         ||
||   34% completed, 3.1 mins elapsed, rate=55.8k fragments per second         ||
||   35% completed, 3.1 mins elapsed, rate=56.1k fragments per second         ||
|| Start read mapping in chunk.                                               ||
||   36% completed, 3.2 mins elapsed, rate=98.1k fragments per second         ||
||   42% completed, 3.4 mins elapsed, rate=101.9k fragments per second        ||
||   44% completed, 3.5 mins elapsed, rate=61.1k fragments per second         ||
||   44% completed, 3.5 mins elapsed, rate=61.4k fragments per second         ||
||   44% completed, 3.6 mins elapsed, rate=61.6k fragments per second         ||
||   45% completed, 3.6 mins elapsed, rate=61.9k fragments per second         ||
||   45% completed, 3.6 mins elapsed, rate=62.2k fragments per second         ||
||   46% completed, 3.6 mins elapsed, rate=62.5k fragments per second         ||
||   46% completed, 3.6 mins elapsed, rate=62.7k fragments per second         ||
||   46% completed, 3.6 mins elapsed, rate=63.0k fragments per second         ||
||   47% completed, 3.7 mins elapsed, rate=63.0k fragments per second         ||
|| Start read mapping in chunk.                                               ||
||   48% completed, 3.8 mins elapsed, rate=98.2k fragments per second         ||
||   54% completed, 4.0 mins elapsed, rate=101.1k fragments per second        ||
||   56% completed, 4.1 mins elapsed, rate=66.7k fragments per second         ||
||   56% completed, 4.1 mins elapsed, rate=66.9k fragments per second         ||
||   56% completed, 4.2 mins elapsed, rate=66.7k fragments per second         ||
||   57% completed, 4.2 mins elapsed, rate=66.9k fragments per second         ||
||   57% completed, 4.2 mins elapsed, rate=67.1k fragments per second         ||
||   58% completed, 4.2 mins elapsed, rate=67.3k fragments per second         ||
||   58% completed, 4.2 mins elapsed, rate=67.5k fragments per second         ||
||   58% completed, 4.3 mins elapsed, rate=67.7k fragments per second         ||
||   59% completed, 4.3 mins elapsed, rate=67.9k fragments per second         ||
|| Start read mapping in chunk.                                               ||
||   60% completed, 4.3 mins elapsed, rate=98.3k fragments per second         ||
||   66% completed, 4.6 mins elapsed, rate=100.0k fragments per second        ||
||   68% completed, 4.7 mins elapsed, rate=70.2k fragments per second         ||
||   68% completed, 4.7 mins elapsed, rate=70.3k fragments per second         ||
||   68% completed, 4.8 mins elapsed, rate=70.5k fragments per second         ||
||   69% completed, 4.8 mins elapsed, rate=70.6k fragments per second         ||
||   69% completed, 4.8 mins elapsed, rate=70.4k fragments per second         ||
||   70% completed, 4.8 mins elapsed, rate=70.6k fragments per second         ||
||   70% completed, 4.9 mins elapsed, rate=70.7k fragments per second         ||
||   70% completed, 4.9 mins elapsed, rate=70.9k fragments per second         ||
||   71% completed, 4.9 mins elapsed, rate=71.0k fragments per second         ||
|| Start read mapping in chunk.                                               ||
||   72% completed, 5.0 mins elapsed, rate=97.4k fragments per second         ||
||   78% completed, 5.2 mins elapsed, rate=99.3k fragments per second         ||
||   80% completed, 5.3 mins elapsed, rate=73.2k fragments per second         ||
||   80% completed, 5.3 mins elapsed, rate=73.3k fragments per second         ||
||   80% completed, 5.4 mins elapsed, rate=73.4k fragments per second         ||
||   81% completed, 5.4 mins elapsed, rate=73.6k fragments per second         ||
||   81% completed, 5.4 mins elapsed, rate=73.7k fragments per second         ||
||   82% completed, 5.4 mins elapsed, rate=73.8k fragments per second         ||
||   82% completed, 5.4 mins elapsed, rate=73.9k fragments per second         ||
||   82% completed, 5.5 mins elapsed, rate=73.6k fragments per second         ||
||   83% completed, 5.5 mins elapsed, rate=73.5k fragments per second         ||
|| Start read mapping in chunk.                                               ||
||   84% completed, 5.6 mins elapsed, rate=96.6k fragments per second         ||
||   90% completed, 5.9 mins elapsed, rate=98.5k fragments per second         ||
||   92% completed, 6.0 mins elapsed, rate=75.3k fragments per second         ||
||   92% completed, 6.0 mins elapsed, rate=75.4k fragments per second         ||
||   93% completed, 6.0 mins elapsed, rate=75.4k fragments per second         ||
||   93% completed, 6.0 mins elapsed, rate=75.5k fragments per second         ||
||   93% completed, 6.0 mins elapsed, rate=75.6k fragments per second         ||
||   94% completed, 6.1 mins elapsed, rate=75.7k fragments per second         ||
||   94% completed, 6.1 mins elapsed, rate=75.8k fragments per second         ||
||   95% completed, 6.1 mins elapsed, rate=75.9k fragments per second         ||
||   95% completed, 6.1 mins elapsed, rate=76.0k fragments per second         ||
|| Start read mapping in chunk.                                               ||
||   96% completed, 6.3 mins elapsed, rate=95.8k fragments per second         ||
||   98% completed, 6.4 mins elapsed, rate=75.2k fragments per second         ||
||   98% completed, 6.4 mins elapsed, rate=75.2k fragments per second         ||
||   99% completed, 6.4 mins elapsed, rate=75.3k fragments per second         ||
||   99% completed, 6.4 mins elapsed, rate=75.3k fragments per second         ||
||   99% completed, 6.4 mins elapsed, rate=75.3k fragments per second         ||
||   99% completed, 6.4 mins elapsed, rate=75.4k fragments per second         ||
||   99% completed, 6.4 mins elapsed, rate=75.4k fragments per second         ||
||   99% completed, 6.4 mins elapsed, rate=75.4k fragments per second         ||
||   99% completed, 6.4 mins elapsed, rate=75.5k fragments per second         ||
|| Sort the reads...                                                          ||
||                                                                            ||
||                           Completed successfully.                          ||
||                                                                            ||
\\====================================    ====================================//

//================================   Summary =================================\\
||                                                                            ||
||             Total fragments : 29,160,392                                   ||
||                      Mapped : 27,876,731 (95.6%)                           ||
||             Uniquely mapped : 27,876,731                                   ||
||               Multi-mapping : 0                                            ||
||                                                                            ||
||                    Unmapped : 1,283,661                                    ||
||                                                                            ||
||             Properly paired : 23,429,799                                   ||
||         Not properly paired : 4,446,932                                    ||
||                   Singleton : 2,297,532                                    ||
||                    Chimeric : 107,772                                      ||
||       Unexpected strandness : 42,166                                       ||
||  Unexpected fragment length : 1,958,865                                    ||
||       Unexpected read order : 40,597                                       ||
||                                                                            ||
||                      Indels : 195,684                                      ||
||                                                                            ||
||                Running time : 19.8 minutes                                 ||
||                                                                            ||
\\============================================================================//

