
        ==========     _____ _    _ ____  _____  ______          _____  
        =====         / ____| |  | |  _ \|  __ \|  ____|   /\   |  __ \ 
          =====      | (___ | |  | | |_) | |__) | |__     /  \  | |  | |
            ====      \___ \| |  | |  _ <|  _  /|  __|   / /\ \ | |  | |
              ====    ____) | |__| | |_) | | \ \| |____ / ____ \| |__| |
        ==========   |_____/ \____/|____/|_|  \_\______/_/    \_\_____/
	  v2.0.1

//================================= setting ==================================\\
||                                                                            ||
|| Function      : Read alignment (RNA-Seq)                                   ||
|| Input file 1  : LW153RL1_clean_R1.fastq.gz                                 ||
|| Input file 2  : LW153RL1_clean_R2.fastq.gz                                 ||
|| Output file   : LW153RL1.bam (BAM), Sorted                                 ||
|| Index name    : maize-genome-V4                                            ||
||                                                                            ||
||                    ------------------------------------                    ||
||                                                                            ||
||                               Threads : 16                                 ||
||                          Phred offset : 33                                 ||
||               # of extracted subreads : 10                                 ||
||                        Min read1 vote : 3                                  ||
||                        Min read2 vote : 1                                  ||
||                     Max fragment size : 600                                ||
||                     Min fragment size : 50                                 ||
||                        Max mismatches : 3                                  ||
||                      Max indel length : 5                                  ||
||            Report multi-mapping reads : no                                 ||
|| Max alignments per multi-mapping read : 1                                  ||
||                       Read group name : LW153RL1                           ||
||                                                                            ||
\\============================================================================//

//================ Running (23-Apr-2021 18:09:19, pid=990106) ================\\
||                                                                            ||
|| Check the input reads.                                                     ||
|| The input file contains base space reads.                                  ||
|| Initialise the memory objects.                                             ||
|| Estimate the mean read length.                                             ||
|| The range of Phred scores observed in the data is [2,37]                   ||
|| Create the output BAM file.                                                ||
|| Check the index.                                                           ||
|| Init the voting space.                                                     ||
|| Global environment is initialised.                                         ||
|| Load the 1-th index block...                                               ||
|| The index block has been loaded.                                           ||
|| Start read mapping in chunk.                                               ||
||    0% completed, 0.4 mins elapsed, rate=81.7k fragments per second         ||
||    6% completed, 0.6 mins elapsed, rate=106.8k fragments per second        ||
||   Estimated fragment length : 272 bp                                       ||
||    9% completed, 0.8 mins elapsed, rate=53.5k fragments per second         ||
||   10% completed, 0.8 mins elapsed, rate=54.7k fragments per second         ||
||   10% completed, 0.8 mins elapsed, rate=55.9k fragments per second         ||
||   11% completed, 0.8 mins elapsed, rate=56.3k fragments per second         ||
||   11% completed, 0.8 mins elapsed, rate=57.4k fragments per second         ||
||   12% completed, 0.9 mins elapsed, rate=58.5k fragments per second         ||
||   12% completed, 0.9 mins elapsed, rate=59.5k fragments per second         ||
||   13% completed, 0.9 mins elapsed, rate=60.5k fragments per second         ||
||   13% completed, 0.9 mins elapsed, rate=61.4k fragments per second         ||
||   14% completed, 0.9 mins elapsed, rate=62.2k fragments per second         ||
|| Start read mapping in chunk.                                               ||
||   14% completed, 1.0 mins elapsed, rate=91.9k fragments per second         ||
||   21% completed, 1.2 mins elapsed, rate=97.8k fragments per second         ||
||   23% completed, 1.4 mins elapsed, rate=70.8k fragments per second         ||
||   24% completed, 1.4 mins elapsed, rate=71.1k fragments per second         ||
||   24% completed, 1.4 mins elapsed, rate=71.1k fragments per second         ||
||   25% completed, 1.5 mins elapsed, rate=71.3k fragments per second         ||
||   25% completed, 1.5 mins elapsed, rate=71.5k fragments per second         ||
||   26% completed, 1.5 mins elapsed, rate=71.7k fragments per second         ||
||   26% completed, 1.5 mins elapsed, rate=72.0k fragments per second         ||
||   27% completed, 1.6 mins elapsed, rate=72.3k fragments per second         ||
||   27% completed, 1.6 mins elapsed, rate=72.5k fragments per second         ||
||   28% completed, 1.6 mins elapsed, rate=72.8k fragments per second         ||
|| Start read mapping in chunk.                                               ||
||   28% completed, 1.7 mins elapsed, rate=87.7k fragments per second         ||
||   35% completed, 1.9 mins elapsed, rate=92.1k fragments per second         ||
||   38% completed, 2.1 mins elapsed, rate=74.7k fragments per second         ||
||   38% completed, 2.1 mins elapsed, rate=74.6k fragments per second         ||
||   39% completed, 2.2 mins elapsed, rate=74.6k fragments per second         ||
||   39% completed, 2.2 mins elapsed, rate=74.7k fragments per second         ||
||   40% completed, 2.2 mins elapsed, rate=74.8k fragments per second         ||
||   40% completed, 2.2 mins elapsed, rate=74.9k fragments per second         ||
||   41% completed, 2.3 mins elapsed, rate=74.6k fragments per second         ||
||   41% completed, 2.3 mins elapsed, rate=74.7k fragments per second         ||
||   41% completed, 2.3 mins elapsed, rate=74.8k fragments per second         ||
|| Start read mapping in chunk.                                               ||
||   42% completed, 2.4 mins elapsed, rate=86.0k fragments per second         ||
||   49% completed, 2.6 mins elapsed, rate=89.1k fragments per second         ||
||   52% completed, 2.8 mins elapsed, rate=76.4k fragments per second         ||
||   52% completed, 2.9 mins elapsed, rate=76.3k fragments per second         ||
||   53% completed, 2.9 mins elapsed, rate=76.1k fragments per second         ||
||   53% completed, 2.9 mins elapsed, rate=76.1k fragments per second         ||
||   54% completed, 2.9 mins elapsed, rate=76.1k fragments per second         ||
||   54% completed, 3.0 mins elapsed, rate=76.1k fragments per second         ||
||   55% completed, 3.0 mins elapsed, rate=76.2k fragments per second         ||
||   55% completed, 3.0 mins elapsed, rate=76.2k fragments per second         ||
||   55% completed, 3.0 mins elapsed, rate=76.2k fragments per second         ||
||   56% completed, 3.1 mins elapsed, rate=76.3k fragments per second         ||
|| Start read mapping in chunk.                                               ||
||   57% completed, 3.1 mins elapsed, rate=84.8k fragments per second         ||
||   63% completed, 3.4 mins elapsed, rate=87.2k fragments per second         ||
||   66% completed, 3.5 mins elapsed, rate=77.0k fragments per second         ||
||   66% completed, 3.6 mins elapsed, rate=76.7k fragments per second         ||
||   67% completed, 3.6 mins elapsed, rate=76.7k fragments per second         ||
||   67% completed, 3.6 mins elapsed, rate=76.6k fragments per second         ||
||   68% completed, 3.7 mins elapsed, rate=76.6k fragments per second         ||
||   68% completed, 3.7 mins elapsed, rate=76.5k fragments per second         ||
||   69% completed, 3.7 mins elapsed, rate=76.5k fragments per second         ||
||   69% completed, 3.7 mins elapsed, rate=76.5k fragments per second         ||
||   70% completed, 3.8 mins elapsed, rate=76.5k fragments per second         ||
||   70% completed, 3.8 mins elapsed, rate=76.4k fragments per second         ||
|| Start read mapping in chunk.                                               ||
||   71% completed, 3.9 mins elapsed, rate=83.2k fragments per second         ||
||   77% completed, 4.1 mins elapsed, rate=85.2k fragments per second         ||
||   80% completed, 4.3 mins elapsed, rate=77.3k fragments per second         ||
||   81% completed, 4.3 mins elapsed, rate=77.2k fragments per second         ||
||   81% completed, 4.4 mins elapsed, rate=77.1k fragments per second         ||
||   82% completed, 4.4 mins elapsed, rate=77.0k fragments per second         ||
||   82% completed, 4.4 mins elapsed, rate=76.9k fragments per second         ||
||   83% completed, 4.4 mins elapsed, rate=76.8k fragments per second         ||
||   83% completed, 4.5 mins elapsed, rate=76.8k fragments per second         ||
||   83% completed, 4.5 mins elapsed, rate=76.7k fragments per second         ||
||   84% completed, 4.5 mins elapsed, rate=76.6k fragments per second         ||
||   84% completed, 4.6 mins elapsed, rate=76.6k fragments per second         ||
|| Start read mapping in chunk.                                               ||
||   85% completed, 4.7 mins elapsed, rate=81.5k fragments per second         ||
||   92% completed, 4.9 mins elapsed, rate=83.1k fragments per second         ||
||   95% completed, 5.1 mins elapsed, rate=76.5k fragments per second         ||
||   95% completed, 5.1 mins elapsed, rate=76.4k fragments per second         ||
||   96% completed, 5.2 mins elapsed, rate=76.3k fragments per second         ||
||   96% completed, 5.2 mins elapsed, rate=76.2k fragments per second         ||
||   96% completed, 5.2 mins elapsed, rate=76.1k fragments per second         ||
||   97% completed, 5.3 mins elapsed, rate=76.0k fragments per second         ||
||   97% completed, 5.3 mins elapsed, rate=75.6k fragments per second         ||
||   98% completed, 5.4 mins elapsed, rate=75.3k fragments per second         ||
||   98% completed, 5.4 mins elapsed, rate=75.2k fragments per second         ||
||   99% completed, 5.4 mins elapsed, rate=75.1k fragments per second         ||
|| Start read mapping in chunk.                                               ||
||   99% completed, 5.5 mins elapsed, rate=74.1k fragments per second         ||
|| Sort the reads...                                                          ||
||                                                                            ||
||                           Completed successfully.                          ||
||                                                                            ||
\\====================================    ====================================//

//================================   Summary =================================\\
||                                                                            ||
||             Total fragments : 24,611,916                                   ||
||                      Mapped : 23,259,521 (94.5%)                           ||
||             Uniquely mapped : 23,259,521                                   ||
||               Multi-mapping : 0                                            ||
||                                                                            ||
||                    Unmapped : 1,352,395                                    ||
||                                                                            ||
||             Properly paired : 19,651,772                                   ||
||         Not properly paired : 3,607,749                                    ||
||                   Singleton : 2,019,950                                    ||
||                    Chimeric : 94,965                                       ||
||       Unexpected strandness : 28,705                                       ||
||  Unexpected fragment length : 1,432,123                                    ||
||       Unexpected read order : 32,006                                       ||
||                                                                            ||
||                      Indels : 162,833                                      ||
||                                                                            ||
||                Running time : 12.9 minutes                                 ||
||                                                                            ||
\\============================================================================//

