
        ==========     _____ _    _ ____  _____  ______          _____  
        =====         / ____| |  | |  _ \|  __ \|  ____|   /\   |  __ \ 
          =====      | (___ | |  | | |_) | |__) | |__     /  \  | |  | |
            ====      \___ \| |  | |  _ <|  _  /|  __|   / /\ \ | |  | |
              ====    ____) | |__| | |_) | | \ \| |____ / ____ \| |__| |
        ==========   |_____/ \____/|____/|_|  \_\______/_/    \_\_____/
	  v2.0.1

//================================= setting ==================================\\
||                                                                            ||
|| Function      : Read alignment (RNA-Seq)                                   ||
|| Input file 1  : LW153RR3_clean_R1.fastq.gz                                 ||
|| Input file 2  : LW153RR3_clean_R2.fastq.gz                                 ||
|| Output file   : LW153RR3.bam (BAM), Sorted                                 ||
|| Index name    : maize-genome-V4                                            ||
||                                                                            ||
||                    ------------------------------------                    ||
||                                                                            ||
||                               Threads : 16                                 ||
||                          Phred offset : 33                                 ||
||               # of extracted subreads : 10                                 ||
||                        Min read1 vote : 3                                  ||
||                        Min read2 vote : 1                                  ||
||                     Max fragment size : 600                                ||
||                     Min fragment size : 50                                 ||
||                        Max mismatches : 3                                  ||
||                      Max indel length : 5                                  ||
||            Report multi-mapping reads : no                                 ||
|| Max alignments per multi-mapping read : 1                                  ||
||                       Read group name : LW153RR3                           ||
||                                                                            ||
\\============================================================================//

//================ Running (23-Apr-2021 18:11:54, pid=990338) ================\\
||                                                                            ||
|| Check the input reads.                                                     ||
|| The input file contains base space reads.                                  ||
|| Initialise the memory objects.                                             ||
|| Estimate the mean read length.                                             ||
|| The range of Phred scores observed in the data is [2,37]                   ||
|| Create the output BAM file.                                                ||
|| Check the index.                                                           ||
|| Init the voting space.                                                     ||
|| Global environment is initialised.                                         ||
|| Load the 1-th index block...                                               ||
|| The index block has been loaded.                                           ||
|| Start read mapping in chunk.                                               ||
||    0% completed, 0.4 mins elapsed, rate=88.2k fragments per second         ||
||    7% completed, 0.7 mins elapsed, rate=119.1k fragments per second        ||
||   Estimated fragment length : 283 bp                                       ||
||    8% completed, 0.8 mins elapsed, rate=53.0k fragments per second         ||
||    8% completed, 0.8 mins elapsed, rate=54.4k fragments per second         ||
||    8% completed, 0.8 mins elapsed, rate=55.8k fragments per second         ||
||    9% completed, 0.8 mins elapsed, rate=57.0k fragments per second         ||
||    9% completed, 0.8 mins elapsed, rate=58.5k fragments per second         ||
||   10% completed, 0.8 mins elapsed, rate=59.7k fragments per second         ||
||   10% completed, 0.9 mins elapsed, rate=60.5k fragments per second         ||
||   10% completed, 0.9 mins elapsed, rate=60.6k fragments per second         ||
||   11% completed, 0.9 mins elapsed, rate=61.6k fragments per second         ||
||   11% completed, 0.9 mins elapsed, rate=62.8k fragments per second         ||
|| Start read mapping in chunk.                                               ||
||   12% completed, 1.0 mins elapsed, rate=96.7k fragments per second         ||
||   18% completed, 1.3 mins elapsed, rate=106.4k fragments per second        ||
||   20% completed, 1.4 mins elapsed, rate=72.4k fragments per second         ||
||   20% completed, 1.4 mins elapsed, rate=72.9k fragments per second         ||
||   20% completed, 1.4 mins elapsed, rate=73.4k fragments per second         ||
||   21% completed, 1.4 mins elapsed, rate=74.0k fragments per second         ||
||   21% completed, 1.4 mins elapsed, rate=74.6k fragments per second         ||
||   22% completed, 1.5 mins elapsed, rate=75.2k fragments per second         ||
||   22% completed, 1.5 mins elapsed, rate=75.7k fragments per second         ||
||   22% completed, 1.5 mins elapsed, rate=75.7k fragments per second         ||
||   23% completed, 1.5 mins elapsed, rate=75.8k fragments per second         ||
|| Start read mapping in chunk.                                               ||
||   23% completed, 1.6 mins elapsed, rate=98.1k fragments per second         ||
||   30% completed, 1.9 mins elapsed, rate=104.0k fragments per second        ||
||   31% completed, 1.9 mins elapsed, rate=81.6k fragments per second         ||
||   32% completed, 1.9 mins elapsed, rate=82.0k fragments per second         ||
||   32% completed, 2.0 mins elapsed, rate=82.3k fragments per second         ||
||   32% completed, 2.0 mins elapsed, rate=82.6k fragments per second         ||
||   33% completed, 2.0 mins elapsed, rate=82.9k fragments per second         ||
||   33% completed, 2.0 mins elapsed, rate=81.9k fragments per second         ||
||   34% completed, 2.1 mins elapsed, rate=81.6k fragments per second         ||
||   34% completed, 2.1 mins elapsed, rate=81.9k fragments per second         ||
||   34% completed, 2.1 mins elapsed, rate=82.1k fragments per second         ||
||   35% completed, 2.1 mins elapsed, rate=81.8k fragments per second         ||
|| Start read mapping in chunk.                                               ||
||   35% completed, 2.2 mins elapsed, rate=97.4k fragments per second         ||
||   42% completed, 2.4 mins elapsed, rate=101.8k fragments per second        ||
||   43% completed, 2.5 mins elapsed, rate=84.8k fragments per second         ||
||   43% completed, 2.6 mins elapsed, rate=85.0k fragments per second         ||
||   44% completed, 2.6 mins elapsed, rate=85.2k fragments per second         ||
||   44% completed, 2.6 mins elapsed, rate=85.5k fragments per second         ||
||   44% completed, 2.6 mins elapsed, rate=85.7k fragments per second         ||
||   45% completed, 2.6 mins elapsed, rate=85.9k fragments per second         ||
||   45% completed, 2.6 mins elapsed, rate=86.1k fragments per second         ||
||   46% completed, 2.6 mins elapsed, rate=86.4k fragments per second         ||
||   46% completed, 2.7 mins elapsed, rate=86.6k fragments per second         ||
||   46% completed, 2.7 mins elapsed, rate=86.7k fragments per second         ||
|| Start read mapping in chunk.                                               ||
||   47% completed, 2.8 mins elapsed, rate=97.5k fragments per second         ||
||   54% completed, 3.1 mins elapsed, rate=100.3k fragments per second        ||
||   55% completed, 3.1 mins elapsed, rate=87.0k fragments per second         ||
||   55% completed, 3.2 mins elapsed, rate=87.2k fragments per second         ||
||   56% completed, 3.2 mins elapsed, rate=87.3k fragments per second         ||
||   56% completed, 3.2 mins elapsed, rate=87.5k fragments per second         ||
||   56% completed, 3.2 mins elapsed, rate=87.7k fragments per second         ||
||   57% completed, 3.2 mins elapsed, rate=87.8k fragments per second         ||
||   57% completed, 3.2 mins elapsed, rate=88.0k fragments per second         ||
||   57% completed, 3.3 mins elapsed, rate=88.1k fragments per second         ||
||   58% completed, 3.3 mins elapsed, rate=88.0k fragments per second         ||
||   58% completed, 3.3 mins elapsed, rate=88.0k fragments per second         ||
|| Start read mapping in chunk.                                               ||
||   59% completed, 3.4 mins elapsed, rate=98.0k fragments per second         ||
||   65% completed, 3.6 mins elapsed, rate=100.5k fragments per second        ||
||   66% completed, 3.7 mins elapsed, rate=89.1k fragments per second         ||
||   67% completed, 3.7 mins elapsed, rate=89.2k fragments per second         ||
||   67% completed, 3.8 mins elapsed, rate=89.4k fragments per second         ||
||   68% completed, 3.8 mins elapsed, rate=89.5k fragments per second         ||
||   68% completed, 3.8 mins elapsed, rate=89.6k fragments per second         ||
||   68% completed, 3.8 mins elapsed, rate=89.7k fragments per second         ||
||   69% completed, 3.8 mins elapsed, rate=89.8k fragments per second         ||
||   69% completed, 3.8 mins elapsed, rate=89.9k fragments per second         ||
||   70% completed, 3.9 mins elapsed, rate=89.8k fragments per second         ||
|| Start read mapping in chunk.                                               ||
||   70% completed, 4.0 mins elapsed, rate=98.6k fragments per second         ||
||   77% completed, 4.2 mins elapsed, rate=101.0k fragments per second        ||
||   78% completed, 4.3 mins elapsed, rate=91.1k fragments per second         ||
||   79% completed, 4.3 mins elapsed, rate=91.2k fragments per second         ||
||   79% completed, 4.3 mins elapsed, rate=91.3k fragments per second         ||
||   79% completed, 4.3 mins elapsed, rate=91.4k fragments per second         ||
||   80% completed, 4.4 mins elapsed, rate=91.4k fragments per second         ||
||   80% completed, 4.4 mins elapsed, rate=91.5k fragments per second         ||
||   81% completed, 4.4 mins elapsed, rate=91.6k fragments per second         ||
||   81% completed, 4.4 mins elapsed, rate=91.7k fragments per second         ||
||   81% completed, 4.4 mins elapsed, rate=91.8k fragments per second         ||
|| Start read mapping in chunk.                                               ||
||   82% completed, 4.5 mins elapsed, rate=99.5k fragments per second         ||
||   89% completed, 4.7 mins elapsed, rate=101.6k fragments per second        ||
||   90% completed, 4.8 mins elapsed, rate=92.6k fragments per second         ||
||   90% completed, 4.9 mins elapsed, rate=92.7k fragments per second         ||
||   91% completed, 4.9 mins elapsed, rate=92.7k fragments per second         ||
||   91% completed, 4.9 mins elapsed, rate=92.8k fragments per second         ||
||   92% completed, 4.9 mins elapsed, rate=92.8k fragments per second         ||
||   92% completed, 4.9 mins elapsed, rate=92.9k fragments per second         ||
||   92% completed, 5.0 mins elapsed, rate=93.0k fragments per second         ||
||   93% completed, 5.0 mins elapsed, rate=93.0k fragments per second         ||
||   93% completed, 5.0 mins elapsed, rate=93.1k fragments per second         ||
|| Start read mapping in chunk.                                               ||
||   94% completed, 5.1 mins elapsed, rate=99.9k fragments per second         ||
||   98% completed, 5.2 mins elapsed, rate=92.9k fragments per second         ||
||   98% completed, 5.3 mins elapsed, rate=92.9k fragments per second         ||
||   98% completed, 5.3 mins elapsed, rate=92.9k fragments per second         ||
||   98% completed, 5.3 mins elapsed, rate=93.0k fragments per second         ||
||   99% completed, 5.3 mins elapsed, rate=93.0k fragments per second         ||
||   99% completed, 5.3 mins elapsed, rate=93.0k fragments per second         ||
||   99% completed, 5.3 mins elapsed, rate=93.0k fragments per second         ||
||   99% completed, 5.3 mins elapsed, rate=93.1k fragments per second         ||
||   99% completed, 5.3 mins elapsed, rate=93.1k fragments per second         ||
||   99% completed, 5.3 mins elapsed, rate=93.1k fragments per second         ||
|| Sort the reads...                                                          ||
||                                                                            ||
||                           Completed successfully.                          ||
||                                                                            ||
\\====================================    ====================================//

//================================   Summary =================================\\
||                                                                            ||
||             Total fragments : 29,746,924                                   ||
||                      Mapped : 28,312,989 (95.2%)                           ||
||             Uniquely mapped : 28,312,989                                   ||
||               Multi-mapping : 0                                            ||
||                                                                            ||
||                    Unmapped : 1,433,935                                    ||
||                                                                            ||
||             Properly paired : 23,755,020                                   ||
||         Not properly paired : 4,557,969                                    ||
||                   Singleton : 2,266,182                                    ||
||                    Chimeric : 110,325                                      ||
||       Unexpected strandness : 37,204                                       ||
||  Unexpected fragment length : 2,108,474                                    ||
||       Unexpected read order : 35,784                                       ||
||                                                                            ||
||                      Indels : 204,316                                      ||
||                                                                            ||
||                Running time : 13.9 minutes                                 ||
||                                                                            ||
\\============================================================================//

