
        ==========     _____ _    _ ____  _____  ______          _____  
        =====         / ____| |  | |  _ \|  __ \|  ____|   /\   |  __ \ 
          =====      | (___ | |  | | |_) | |__) | |__     /  \  | |  | |
            ====      \___ \| |  | |  _ <|  _  /|  __|   / /\ \ | |  | |
              ====    ____) | |__| | |_) | | \ \| |____ / ____ \| |__| |
        ==========   |_____/ \____/|____/|_|  \_\______/_/    \_\_____/
	  v2.0.1

//================================= setting ==================================\\
||                                                                            ||
|| Function      : Read alignment (RNA-Seq)                                   ||
|| Input file 1  : LW153L2_clean_R1.fastq.gz                                  ||
|| Input file 2  : LW153L2_clean_R2.fastq.gz                                  ||
|| Output file   : LW153L2.bam (BAM), Sorted                                  ||
|| Index name    : maize-genome-V4                                            ||
||                                                                            ||
||                    ------------------------------------                    ||
||                                                                            ||
||                               Threads : 16                                 ||
||                          Phred offset : 33                                 ||
||               # of extracted subreads : 10                                 ||
||                        Min read1 vote : 3                                  ||
||                        Min read2 vote : 1                                  ||
||                     Max fragment size : 600                                ||
||                     Min fragment size : 50                                 ||
||                        Max mismatches : 3                                  ||
||                      Max indel length : 5                                  ||
||            Report multi-mapping reads : no                                 ||
|| Max alignments per multi-mapping read : 1                                  ||
||                       Read group name : LW153L2                            ||
||                                                                            ||
\\============================================================================//

//================ Running (23-Apr-2021 18:09:11, pid=925877) ================\\
||                                                                            ||
|| Check the input reads.                                                     ||
|| The input file contains base space reads.                                  ||
|| Initialise the memory objects.                                             ||
|| Estimate the mean read length.                                             ||
|| The range of Phred scores observed in the data is [2,37]                   ||
|| Create the output BAM file.                                                ||
|| Check the index.                                                           ||
|| Init the voting space.                                                     ||
|| Global environment is initialised.                                         ||
|| Load the 1-th index block...                                               ||
|| The index block has been loaded.                                           ||
|| Start read mapping in chunk.                                               ||
||    0% completed, 0.4 mins elapsed, rate=78.3k fragments per second         ||
||    7% completed, 0.7 mins elapsed, rate=126.1k fragments per second        ||
||   Estimated fragment length : 296 bp                                       ||
||    8% completed, 0.8 mins elapsed, rate=53.7k fragments per second         ||
||    8% completed, 0.8 mins elapsed, rate=55.0k fragments per second         ||
||    9% completed, 0.8 mins elapsed, rate=56.2k fragments per second         ||
||    9% completed, 0.8 mins elapsed, rate=57.3k fragments per second         ||
||   10% completed, 0.8 mins elapsed, rate=58.5k fragments per second         ||
||   10% completed, 0.8 mins elapsed, rate=59.6k fragments per second         ||
||   10% completed, 0.9 mins elapsed, rate=60.7k fragments per second         ||
||   11% completed, 0.9 mins elapsed, rate=61.7k fragments per second         ||
||   11% completed, 0.9 mins elapsed, rate=62.6k fragments per second         ||
|| Start read mapping in chunk.                                               ||
||   12% completed, 1.0 mins elapsed, rate=101.6k fragments per second        ||
||   18% completed, 1.2 mins elapsed, rate=108.8k fragments per second        ||
||   20% completed, 1.3 mins elapsed, rate=74.5k fragments per second         ||
||   20% completed, 1.4 mins elapsed, rate=74.1k fragments per second         ||
||   21% completed, 1.4 mins elapsed, rate=74.3k fragments per second         ||
||   21% completed, 1.4 mins elapsed, rate=74.6k fragments per second         ||
||   22% completed, 1.4 mins elapsed, rate=74.8k fragments per second         ||
||   22% completed, 1.5 mins elapsed, rate=75.0k fragments per second         ||
||   22% completed, 1.5 mins elapsed, rate=75.3k fragments per second         ||
||   23% completed, 1.5 mins elapsed, rate=75.2k fragments per second         ||
||   23% completed, 1.5 mins elapsed, rate=75.2k fragments per second         ||
|| Start read mapping in chunk.                                               ||
||   24% completed, 1.6 mins elapsed, rate=96.7k fragments per second         ||
||   31% completed, 1.9 mins elapsed, rate=101.5k fragments per second        ||
||   32% completed, 2.0 mins elapsed, rate=79.5k fragments per second         ||
||   32% completed, 2.0 mins elapsed, rate=79.5k fragments per second         ||
||   33% completed, 2.0 mins elapsed, rate=79.3k fragments per second         ||
||   33% completed, 2.1 mins elapsed, rate=79.1k fragments per second         ||
||   34% completed, 2.1 mins elapsed, rate=79.0k fragments per second         ||
||   34% completed, 2.1 mins elapsed, rate=79.0k fragments per second         ||
||   34% completed, 2.1 mins elapsed, rate=78.7k fragments per second         ||
||   35% completed, 2.2 mins elapsed, rate=78.6k fragments per second         ||
||   35% completed, 2.2 mins elapsed, rate=78.7k fragments per second         ||
|| Start read mapping in chunk.                                               ||
||   36% completed, 2.3 mins elapsed, rate=93.3k fragments per second         ||
||   43% completed, 2.5 mins elapsed, rate=97.1k fragments per second         ||
||   44% completed, 2.7 mins elapsed, rate=81.2k fragments per second         ||
||   44% completed, 2.7 mins elapsed, rate=81.1k fragments per second         ||
||   45% completed, 2.7 mins elapsed, rate=81.0k fragments per second         ||
||   45% completed, 2.7 mins elapsed, rate=81.0k fragments per second         ||
||   46% completed, 2.8 mins elapsed, rate=80.9k fragments per second         ||
||   46% completed, 2.8 mins elapsed, rate=80.6k fragments per second         ||
||   46% completed, 2.8 mins elapsed, rate=80.6k fragments per second         ||
||   47% completed, 2.8 mins elapsed, rate=80.5k fragments per second         ||
||   47% completed, 2.9 mins elapsed, rate=80.5k fragments per second         ||
||   47% completed, 2.9 mins elapsed, rate=80.4k fragments per second         ||
|| Start read mapping in chunk.                                               ||
||   48% completed, 3.0 mins elapsed, rate=91.3k fragments per second         ||
||   55% completed, 3.2 mins elapsed, rate=94.6k fragments per second         ||
||   56% completed, 3.3 mins elapsed, rate=81.9k fragments per second         ||
||   56% completed, 3.4 mins elapsed, rate=81.8k fragments per second         ||
||   57% completed, 3.4 mins elapsed, rate=81.5k fragments per second         ||
||   57% completed, 3.4 mins elapsed, rate=81.3k fragments per second         ||
||   58% completed, 3.5 mins elapsed, rate=81.2k fragments per second         ||
||   58% completed, 3.5 mins elapsed, rate=81.0k fragments per second         ||
||   58% completed, 3.5 mins elapsed, rate=80.9k fragments per second         ||
||   59% completed, 3.6 mins elapsed, rate=80.8k fragments per second         ||
||   59% completed, 3.6 mins elapsed, rate=80.4k fragments per second         ||
|| Start read mapping in chunk.                                               ||
||   60% completed, 3.7 mins elapsed, rate=88.4k fragments per second         ||
||   67% completed, 3.9 mins elapsed, rate=91.4k fragments per second         ||
||   68% completed, 4.1 mins elapsed, rate=81.0k fragments per second         ||
||   69% completed, 4.1 mins elapsed, rate=80.9k fragments per second         ||
||   69% completed, 4.2 mins elapsed, rate=80.7k fragments per second         ||
||   69% completed, 4.2 mins elapsed, rate=80.6k fragments per second         ||
||   70% completed, 4.2 mins elapsed, rate=80.2k fragments per second         ||
||   70% completed, 4.3 mins elapsed, rate=80.1k fragments per second         ||
||   71% completed, 4.3 mins elapsed, rate=79.8k fragments per second         ||
||   71% completed, 4.3 mins elapsed, rate=79.6k fragments per second         ||
||   71% completed, 4.4 mins elapsed, rate=79.5k fragments per second         ||
|| Start read mapping in chunk.                                               ||
||   72% completed, 4.5 mins elapsed, rate=86.3k fragments per second         ||
||   79% completed, 4.7 mins elapsed, rate=89.0k fragments per second         ||
||   80% completed, 4.9 mins elapsed, rate=80.3k fragments per second         ||
||   81% completed, 4.9 mins elapsed, rate=80.1k fragments per second         ||
||   81% completed, 4.9 mins elapsed, rate=79.9k fragments per second         ||
||   82% completed, 5.0 mins elapsed, rate=79.7k fragments per second         ||
||   82% completed, 5.0 mins elapsed, rate=79.6k fragments per second         ||
||   82% completed, 5.0 mins elapsed, rate=79.4k fragments per second         ||
||   83% completed, 5.1 mins elapsed, rate=79.3k fragments per second         ||
||   83% completed, 5.1 mins elapsed, rate=79.1k fragments per second         ||
||   84% completed, 5.1 mins elapsed, rate=79.0k fragments per second         ||
|| Start read mapping in chunk.                                               ||
||   84% completed, 5.2 mins elapsed, rate=84.6k fragments per second         ||
||   91% completed, 5.5 mins elapsed, rate=86.4k fragments per second         ||
||   93% completed, 5.6 mins elapsed, rate=79.5k fragments per second         ||
||   93% completed, 5.7 mins elapsed, rate=79.3k fragments per second         ||
||   93% completed, 5.7 mins elapsed, rate=79.2k fragments per second         ||
||   94% completed, 5.8 mins elapsed, rate=79.0k fragments per second         ||
||   94% completed, 5.8 mins elapsed, rate=78.8k fragments per second         ||
||   95% completed, 5.8 mins elapsed, rate=78.7k fragments per second         ||
||   95% completed, 5.9 mins elapsed, rate=78.5k fragments per second         ||
||   95% completed, 5.9 mins elapsed, rate=78.4k fragments per second         ||
||   96% completed, 5.9 mins elapsed, rate=78.2k fragments per second         ||
||   96% completed, 6.0 mins elapsed, rate=78.0k fragments per second         ||
|| Start read mapping in chunk.                                               ||
||   96% completed, 6.0 mins elapsed, rate=82.9k fragments per second         ||
||   98% completed, 6.2 mins elapsed, rate=77.6k fragments per second         ||
||   99% completed, 6.2 mins elapsed, rate=77.5k fragments per second         ||
||   99% completed, 6.2 mins elapsed, rate=77.5k fragments per second         ||
||   99% completed, 6.2 mins elapsed, rate=77.4k fragments per second         ||
||   99% completed, 6.2 mins elapsed, rate=77.4k fragments per second         ||
||   99% completed, 6.2 mins elapsed, rate=77.3k fragments per second         ||
||   99% completed, 6.2 mins elapsed, rate=77.3k fragments per second         ||
||   99% completed, 6.2 mins elapsed, rate=77.3k fragments per second         ||
||   99% completed, 6.2 mins elapsed, rate=77.2k fragments per second         ||
|| Sort the reads...                                                          ||
||                                                                            ||
||                           Completed successfully.                          ||
||                                                                            ||
\\====================================    ====================================//

//================================   Summary =================================\\
||                                                                            ||
||             Total fragments : 28,916,785                                   ||
||                      Mapped : 27,249,214 (94.2%)                           ||
||             Uniquely mapped : 27,249,214                                   ||
||               Multi-mapping : 0                                            ||
||                                                                            ||
||                    Unmapped : 1,667,571                                    ||
||                                                                            ||
||             Properly paired : 22,442,563                                   ||
||         Not properly paired : 4,806,651                                    ||
||                   Singleton : 2,490,165                                    ||
||                    Chimeric : 126,457                                      ||
||       Unexpected strandness : 33,063                                       ||
||  Unexpected fragment length : 2,126,766                                    ||
||       Unexpected read order : 30,200                                       ||
||                                                                            ||
||                      Indels : 169,084                                      ||
||                                                                            ||
||                Running time : 12.3 minutes                                 ||
||                                                                            ||
\\============================================================================//

