
        ==========     _____ _    _ ____  _____  ______          _____  
        =====         / ____| |  | |  _ \|  __ \|  ____|   /\   |  __ \ 
          =====      | (___ | |  | | |_) | |__) | |__     /  \  | |  | |
            ====      \___ \| |  | |  _ <|  _  /|  __|   / /\ \ | |  | |
              ====    ____) | |__| | |_) | | \ \| |____ / ____ \| |__| |
        ==========   |_____/ \____/|____/|_|  \_\______/_/    \_\_____/
	  v2.0.1

//================================= setting ==================================\\
||                                                                            ||
|| Function      : Read alignment (RNA-Seq)                                   ||
|| Input file 1  : LW153RR4_clean_R1.fastq.gz                                 ||
|| Input file 2  : LW153RR4_clean_R2.fastq.gz                                 ||
|| Output file   : LW153RR4.bam (BAM), Sorted                                 ||
|| Index name    : maize-genome-V4                                            ||
||                                                                            ||
||                    ------------------------------------                    ||
||                                                                            ||
||                               Threads : 16                                 ||
||                          Phred offset : 33                                 ||
||               # of extracted subreads : 10                                 ||
||                        Min read1 vote : 3                                  ||
||                        Min read2 vote : 1                                  ||
||                     Max fragment size : 600                                ||
||                     Min fragment size : 50                                 ||
||                        Max mismatches : 3                                  ||
||                      Max indel length : 5                                  ||
||            Report multi-mapping reads : no                                 ||
|| Max alignments per multi-mapping read : 1                                  ||
||                       Read group name : LW153RR4                           ||
||                                                                            ||
\\============================================================================//

//=============== Running (23-Apr-2021 18:11:54, pid=1000377) ================\\
||                                                                            ||
|| Check the input reads.                                                     ||
|| The input file contains base space reads.                                  ||
|| Initialise the memory objects.                                             ||
|| Estimate the mean read length.                                             ||
|| The range of Phred scores observed in the data is [2,37]                   ||
|| Create the output BAM file.                                                ||
|| Check the index.                                                           ||
|| Init the voting space.                                                     ||
|| Global environment is initialised.                                         ||
|| Load the 1-th index block...                                               ||
|| The index block has been loaded.                                           ||
|| Start read mapping in chunk.                                               ||
||    0% completed, 0.3 mins elapsed, rate=110.6k fragments per second        ||
||    6% completed, 0.6 mins elapsed, rate=120.0k fragments per second        ||
||   Estimated fragment length : 280 bp                                       ||
||    7% completed, 0.6 mins elapsed, rate=63.3k fragments per second         ||
||    7% completed, 0.7 mins elapsed, rate=64.9k fragments per second         ||
||    8% completed, 0.7 mins elapsed, rate=66.5k fragments per second         ||
||    8% completed, 0.7 mins elapsed, rate=67.9k fragments per second         ||
||    9% completed, 0.7 mins elapsed, rate=69.3k fragments per second         ||
||    9% completed, 0.7 mins elapsed, rate=70.7k fragments per second         ||
||    9% completed, 0.7 mins elapsed, rate=72.1k fragments per second         ||
||   10% completed, 0.7 mins elapsed, rate=73.3k fragments per second         ||
||   10% completed, 0.8 mins elapsed, rate=74.6k fragments per second         ||
||   10% completed, 0.8 mins elapsed, rate=75.7k fragments per second         ||
|| Start read mapping in chunk.                                               ||
||   11% completed, 0.8 mins elapsed, rate=109.9k fragments per second        ||
||   17% completed, 1.1 mins elapsed, rate=115.6k fragments per second        ||
||   18% completed, 1.2 mins elapsed, rate=85.2k fragments per second         ||
||   18% completed, 1.2 mins elapsed, rate=85.8k fragments per second         ||
||   19% completed, 1.2 mins elapsed, rate=86.4k fragments per second         ||
||   19% completed, 1.2 mins elapsed, rate=87.0k fragments per second         ||
||   20% completed, 1.2 mins elapsed, rate=87.6k fragments per second         ||
||   20% completed, 1.2 mins elapsed, rate=88.2k fragments per second         ||
||   20% completed, 1.3 mins elapsed, rate=88.7k fragments per second         ||
||   21% completed, 1.3 mins elapsed, rate=89.3k fragments per second         ||
||   21% completed, 1.3 mins elapsed, rate=89.8k fragments per second         ||
|| Start read mapping in chunk.                                               ||
||   22% completed, 1.4 mins elapsed, rate=110.8k fragments per second        ||
||   28% completed, 1.6 mins elapsed, rate=114.4k fragments per second        ||
||   29% completed, 1.7 mins elapsed, rate=93.4k fragments per second         ||
||   29% completed, 1.7 mins elapsed, rate=93.8k fragments per second         ||
||   30% completed, 1.7 mins elapsed, rate=94.1k fragments per second         ||
||   30% completed, 1.7 mins elapsed, rate=94.4k fragments per second         ||
||   30% completed, 1.7 mins elapsed, rate=94.8k fragments per second         ||
||   31% completed, 1.8 mins elapsed, rate=95.1k fragments per second         ||
||   31% completed, 1.8 mins elapsed, rate=95.5k fragments per second         ||
||   32% completed, 1.8 mins elapsed, rate=95.8k fragments per second         ||
||   32% completed, 1.8 mins elapsed, rate=96.1k fragments per second         ||
|| Start read mapping in chunk.                                               ||
||   33% completed, 1.9 mins elapsed, rate=111.2k fragments per second        ||
||   39% completed, 2.2 mins elapsed, rate=113.3k fragments per second        ||
||   40% completed, 2.2 mins elapsed, rate=97.3k fragments per second         ||
||   40% completed, 2.2 mins elapsed, rate=97.6k fragments per second         ||
||   41% completed, 2.2 mins elapsed, rate=97.8k fragments per second         ||
||   41% completed, 2.3 mins elapsed, rate=98.0k fragments per second         ||
||   41% completed, 2.3 mins elapsed, rate=98.2k fragments per second         ||
||   42% completed, 2.3 mins elapsed, rate=98.4k fragments per second         ||
||   42% completed, 2.3 mins elapsed, rate=98.6k fragments per second         ||
||   42% completed, 2.3 mins elapsed, rate=98.8k fragments per second         ||
||   43% completed, 2.3 mins elapsed, rate=99.1k fragments per second         ||
|| Start read mapping in chunk.                                               ||
||   43% completed, 2.4 mins elapsed, rate=110.5k fragments per second        ||
||   50% completed, 2.7 mins elapsed, rate=112.6k fragments per second        ||
||   51% completed, 2.7 mins elapsed, rate=99.7k fragments per second         ||
||   51% completed, 2.8 mins elapsed, rate=99.9k fragments per second         ||
||   51% completed, 2.8 mins elapsed, rate=100.0k fragments per second        ||
||   52% completed, 2.8 mins elapsed, rate=100.2k fragments per second        ||
||   52% completed, 2.8 mins elapsed, rate=100.3k fragments per second        ||
||   53% completed, 2.8 mins elapsed, rate=100.5k fragments per second        ||
||   53% completed, 2.8 mins elapsed, rate=100.6k fragments per second        ||
||   53% completed, 2.9 mins elapsed, rate=100.8k fragments per second        ||
||   54% completed, 2.9 mins elapsed, rate=100.9k fragments per second        ||
|| Start read mapping in chunk.                                               ||
||   54% completed, 2.9 mins elapsed, rate=110.2k fragments per second        ||
||   61% completed, 3.2 mins elapsed, rate=111.9k fragments per second        ||
||   62% completed, 3.3 mins elapsed, rate=101.1k fragments per second        ||
||   62% completed, 3.3 mins elapsed, rate=101.2k fragments per second        ||
||   62% completed, 3.3 mins elapsed, rate=101.4k fragments per second        ||
||   63% completed, 3.3 mins elapsed, rate=101.5k fragments per second        ||
||   63% completed, 3.3 mins elapsed, rate=101.6k fragments per second        ||
||   63% completed, 3.4 mins elapsed, rate=101.7k fragments per second        ||
||   64% completed, 3.4 mins elapsed, rate=101.8k fragments per second        ||
||   64% completed, 3.4 mins elapsed, rate=101.9k fragments per second        ||
||   65% completed, 3.4 mins elapsed, rate=102.0k fragments per second        ||
|| Start read mapping in chunk.                                               ||
||   65% completed, 3.5 mins elapsed, rate=109.9k fragments per second        ||
||   72% completed, 3.8 mins elapsed, rate=111.3k fragments per second        ||
||   73% completed, 3.8 mins elapsed, rate=102.1k fragments per second        ||
||   73% completed, 3.8 mins elapsed, rate=102.2k fragments per second        ||
||   73% completed, 3.9 mins elapsed, rate=102.3k fragments per second        ||
||   74% completed, 3.9 mins elapsed, rate=102.4k fragments per second        ||
||   74% completed, 3.9 mins elapsed, rate=102.4k fragments per second        ||
||   74% completed, 3.9 mins elapsed, rate=102.5k fragments per second        ||
||   75% completed, 3.9 mins elapsed, rate=102.6k fragments per second        ||
||   75% completed, 3.9 mins elapsed, rate=102.7k fragments per second        ||
||   75% completed, 3.9 mins elapsed, rate=102.7k fragments per second        ||
|| Start read mapping in chunk.                                               ||
||   76% completed, 4.0 mins elapsed, rate=109.5k fragments per second        ||
||   83% completed, 4.3 mins elapsed, rate=110.7k fragments per second        ||
||   83% completed, 4.4 mins elapsed, rate=102.6k fragments per second        ||
||   84% completed, 4.4 mins elapsed, rate=102.7k fragments per second        ||
||   84% completed, 4.4 mins elapsed, rate=102.7k fragments per second        ||
||   84% completed, 4.4 mins elapsed, rate=102.8k fragments per second        ||
||   85% completed, 4.4 mins elapsed, rate=102.9k fragments per second        ||
||   85% completed, 4.5 mins elapsed, rate=102.9k fragments per second        ||
||   86% completed, 4.5 mins elapsed, rate=103.0k fragments per second        ||
||   86% completed, 4.5 mins elapsed, rate=103.0k fragments per second        ||
||   86% completed, 4.5 mins elapsed, rate=103.1k fragments per second        ||
||   87% completed, 4.5 mins elapsed, rate=103.2k fragments per second        ||
|| Start read mapping in chunk.                                               ||
||   87% completed, 4.6 mins elapsed, rate=109.0k fragments per second        ||
||   94% completed, 4.9 mins elapsed, rate=110.1k fragments per second        ||
||   94% completed, 4.9 mins elapsed, rate=103.0k fragments per second        ||
||   95% completed, 4.9 mins elapsed, rate=103.0k fragments per second        ||
||   95% completed, 5.0 mins elapsed, rate=103.1k fragments per second        ||
||   95% completed, 5.0 mins elapsed, rate=103.1k fragments per second        ||
||   96% completed, 5.0 mins elapsed, rate=103.2k fragments per second        ||
||   96% completed, 5.0 mins elapsed, rate=103.2k fragments per second        ||
||   97% completed, 5.0 mins elapsed, rate=103.3k fragments per second        ||
||   97% completed, 5.0 mins elapsed, rate=103.3k fragments per second        ||
||   97% completed, 5.1 mins elapsed, rate=103.4k fragments per second        ||
||   98% completed, 5.1 mins elapsed, rate=103.4k fragments per second        ||
|| Start read mapping in chunk.                                               ||
||   98% completed, 5.1 mins elapsed, rate=108.6k fragments per second        ||
||   99% completed, 5.2 mins elapsed, rate=102.3k fragments per second        ||
||   99% completed, 5.2 mins elapsed, rate=102.3k fragments per second        ||
||   99% completed, 5.2 mins elapsed, rate=102.3k fragments per second        ||
||   99% completed, 5.2 mins elapsed, rate=102.4k fragments per second        ||
||   99% completed, 5.2 mins elapsed, rate=102.4k fragments per second        ||
||   99% completed, 5.2 mins elapsed, rate=102.4k fragments per second        ||
||   99% completed, 5.2 mins elapsed, rate=102.4k fragments per second        ||
|| Sort the reads...                                                          ||
||                                                                            ||
||                           Completed successfully.                          ||
||                                                                            ||
\\====================================    ====================================//

//================================   Summary =================================\\
||                                                                            ||
||             Total fragments : 32,076,644                                   ||
||                      Mapped : 30,751,205 (95.9%)                           ||
||             Uniquely mapped : 30,751,205                                   ||
||               Multi-mapping : 0                                            ||
||                                                                            ||
||                    Unmapped : 1,325,439                                    ||
||                                                                            ||
||             Properly paired : 25,779,244                                   ||
||         Not properly paired : 4,971,961                                    ||
||                   Singleton : 2,433,792                                    ||
||                    Chimeric : 127,447                                      ||
||       Unexpected strandness : 39,210                                       ||
||  Unexpected fragment length : 2,333,965                                    ||
||       Unexpected read order : 37,547                                       ||
||                                                                            ||
||                      Indels : 214,075                                      ||
||                                                                            ||
||                Running time : 11.8 minutes                                 ||
||                                                                            ||
\\============================================================================//

