INFO [2021-10-01 22:59:29] [[1]]
INFO [2021-10-01 22:59:29] list(A = HN_LN_L, B = HN_LN_R, C = Old_New_L, D = Old_New_R)
INFO [2021-10-01 22:59:29] 
INFO [2021-10-01 22:59:29] $filename
INFO [2021-10-01 22:59:29] NULL
INFO [2021-10-01 22:59:29] 
INFO [2021-10-01 22:59:29] $lwd
INFO [2021-10-01 22:59:29] [1] 1
INFO [2021-10-01 22:59:29] 
INFO [2021-10-01 22:59:29] $lty
INFO [2021-10-01 22:59:29] [1] 2
INFO [2021-10-01 22:59:29] 
INFO [2021-10-01 22:59:29] $col
INFO [2021-10-01 22:59:29] c("pink", "aquamarine2", "skyblue", "#FF8C00")
INFO [2021-10-01 22:59:29] 
INFO [2021-10-01 22:59:29] $fill
INFO [2021-10-01 22:59:29] c("pink", "aquamarine2", "skyblue", "#FF8C00")
INFO [2021-10-01 22:59:29] 
INFO [2021-10-01 22:59:29] $cat.col
INFO [2021-10-01 22:59:29] c("pink", "aquamarine2", "skyblue", "#FF8C00")
INFO [2021-10-01 22:59:29] 
INFO [2021-10-01 22:59:29] $reverse
INFO [2021-10-01 22:59:29] [1] TRUE
INFO [2021-10-01 22:59:29] 
