INFO [2021-10-01 23:00:42] [[1]]
INFO [2021-10-01 23:00:42] list(A = HN_LN_L, B = HN_LN_R, C = Old_New_L, D = Old_New_R)
INFO [2021-10-01 23:00:42] 
INFO [2021-10-01 23:00:42] $filename
INFO [2021-10-01 23:00:42] NULL
INFO [2021-10-01 23:00:42] 
INFO [2021-10-01 23:00:42] $lwd
INFO [2021-10-01 23:00:42] [1] 1
INFO [2021-10-01 23:00:42] 
INFO [2021-10-01 23:00:42] $lty
INFO [2021-10-01 23:00:42] [1] 2
INFO [2021-10-01 23:00:42] 
INFO [2021-10-01 23:00:42] $col
INFO [2021-10-01 23:00:42] c("pink", "aquamarine2", "deepskyblue", "#FF8C00")
INFO [2021-10-01 23:00:42] 
INFO [2021-10-01 23:00:42] $fill
INFO [2021-10-01 23:00:42] c("pink", "aquamarine2", "deepskyblue", "#FF8C00")
INFO [2021-10-01 23:00:42] 
INFO [2021-10-01 23:00:42] $cat.col
INFO [2021-10-01 23:00:42] c("pink", "aquamarine2", "deepskyblue", "#FF8C00")
INFO [2021-10-01 23:00:42] 
INFO [2021-10-01 23:00:42] $reverse
INFO [2021-10-01 23:00:42] [1] TRUE
INFO [2021-10-01 23:00:42] 
