INFO [2021-10-01 23:00:54] [[1]]
INFO [2021-10-01 23:00:54] list(A = HN_LN_L, B = HN_LN_R, C = Old_New_L, D = Old_New_R)
INFO [2021-10-01 23:00:54] 
INFO [2021-10-01 23:00:54] $filename
INFO [2021-10-01 23:00:54] NULL
INFO [2021-10-01 23:00:54] 
INFO [2021-10-01 23:00:54] $lwd
INFO [2021-10-01 23:00:54] [1] 1
INFO [2021-10-01 23:00:54] 
INFO [2021-10-01 23:00:54] $lty
INFO [2021-10-01 23:00:54] [1] 2
INFO [2021-10-01 23:00:54] 
INFO [2021-10-01 23:00:54] $col
INFO [2021-10-01 23:00:54] c("pink", "aquamarine2", "deepskyblue", "#FF8C00")
INFO [2021-10-01 23:00:54] 
INFO [2021-10-01 23:00:54] $fill
INFO [2021-10-01 23:00:54] c("pink", "aquamarine2", "deepskyblue", "#FF8C00")
INFO [2021-10-01 23:00:54] 
INFO [2021-10-01 23:00:54] $cat.col
INFO [2021-10-01 23:00:54] c("pink", "aquamarine2", "deepskyblue", "#FF8C00")
INFO [2021-10-01 23:00:54] 
INFO [2021-10-01 23:00:54] $reverse
INFO [2021-10-01 23:00:54] [1] TRUE
INFO [2021-10-01 23:00:54] 
